The processesSpecificationsMessage was received
1 1 1 1 1 1 
temperatureSetpoints: 
Inicial: 50  Final: 100  Funcion: 1
Inicial: 100  Final: 150  Funcion: 1
Inicial: 150  Final: 200  Funcion: 1
Inicial: 0  Final: 0  Funcion: 0
Inicial: 0  Final: 0  Funcion: 0
Inicial: 0  Final: 0  Funcion: 0
Inicial: 0  Final: 0  Funcion: 0
Inicial: 0  Final: 0  Funcion: 0
Inicial: 0  Final: 0  Funcion: 0
Inicial: 0  Final: 0  Funcion: 0
Inicial: 0  Final: 0  Funcion: 0
Inicial: 0  Final: 0  Funcion: 0
Inicial: 0  Final: 0  Funcion: 0
Inicial: 0  Final: 0  Funcion: 0
Inicial: 0  Final: 0  Funcion: 0

stirringSetpoints: 
0 0 0 0 0 0 0 0 0 0 0 0 0 0 0 
processDuration: 1 2 1 0 0 0 0 0 0 0 0 0 0 0 0 
2
updating setpoints
0 Ramp Setpoint 0: 50.00
Ramp Setpoint 1: 50.83
Ramp Setpoint 2: 51.67
Ramp Setpoint 3: 52.50
Ramp Setpoint 4: 53.33
Ramp Setpoint 5: 54.17
Ramp Setpoint 6: 55.00
Ramp Setpoint 7: 55.83
Ramp Setpoint 8: 56.67
Ramp Setpoint 9: 57.50
Ramp Setpoint 10: 58.33
Ramp Setpoint 11: 59.17
Ramp Setpoint 12: 60.00
Ramp Setpoint 13: 60.83
Ramp Setpoint 14: 61.67
Ramp Setpoint 15: 62.50
Ramp Setpoint 16: 63.33
Ramp Setpoint 17: 64.17
Ramp Setpoint 18: 65.00
Ramp Setpoint 19: 65.83
Ramp Setpoint 20: 66.67
Ramp Setpoint 21: 67.50
Ramp Setpoint 22: 68.33
Ramp Setpoint 23: 69.17
Ramp Setpoint 24: 70.00
Ramp Setpoint 25: 70.83
Ramp Setpoint 26: 71.67
Ramp Setpoint 27: 72.50
Ramp Setpoint 28: 73.33
Ramp Setpoint 29: 74.17
Ramp Setpoint 30: 75.00
Ramp Setpoint 31: 75.83
Ramp Setpoint 32: 76.67
Ramp Setpoint 33: 77.50
Ramp Setpoint 34: 78.33
Ramp Setpoint 35: 79.17
Ramp Setpoint 36: 80.00
Ramp Setpoint 37: 80.83
Ramp Setpoint 38: 81.67
Ramp Setpoint 39: 82.50
Ramp Setpoint 40: 83.33
Ramp Setpoint 41: 84.17
Ramp Setpoint 42: 85.00
Ramp Setpoint 43: 85.83
Ramp Setpoint 44: 86.67
Ramp Setpoint 45: 87.50
Ramp Setpoint 46: 88.33
Ramp Setpoint 47: 89.17
Ramp Setpoint 48: 90.00
Ramp Setpoint 49: 90.83
Ramp Setpoint 50: 91.67
Ramp Setpoint 51: 92.50
Ramp Setpoint 52: 93.33
Ramp Setpoint 53: 94.17
Ramp Setpoint 54: 95.00
Ramp Setpoint 55: 95.83
Ramp Setpoint 56: 96.67
Ramp Setpoint 57: 97.50
Ramp Setpoint 58: 98.33
Ramp Setpoint 59: 99.17
Ramp Setpoint 60: 100.00
0 0 0 0 0 
28.00 0.00 1023.75 0.00 1023.75 0.00 1023.75 0.00 1023.75 0.00 1023.75 0.00 
27.75 0.00 1023.75 0.00 1023.75 0.00 1023.75 0.00 1023.75 0.00 1023.75 0.00 
28.00 0.00 1023.75 0.00 1023.75 0.00 1023.75 0.00 1023.75 0.00 1023.75 0.00 
28.25 0.00 1023.75 0.00 1023.75 0.00 1023.75 0.00 1023.75 0.00 1023.75 0.00 
28.50 0.00 1023.75 0.00 1023.75 0.00 1023.75 0.00 1023.75 0.00 1023.75 0.00 
28.00 0.00 1023.75 0.00 1023.75 0.00 1023.75 0.00 1023.75 0.00 1023.75 0.00 
28.25 0.00 1023.75 0.00 1023.75 0.00 1023.75 0.00 1023.75 0.00 1023.75 0.00 
28.00 0.00 1023.75 0.00 1023.75 0.00 1023.75 0.00 1023.75 0.00 1023.75 0.00 
28.00 0.00 1023.75 0.00 1023.75 0.00 1023.75 0.00 1023.75 0.00 1023.75 0.00 
28.25 0.00 1023.75 0.00 1023.75 0.00 1023.75 0.00 1023.75 0.00 1023.75 0.00 
27.25 0.00 1023.75 0.00 1023.75 0.00 1023.75 0.00 1023.75 0.00 1023.75 0.00 
28.00 0.00 1023.75 0.00 1023.75 0.00 1023.75 0.00 1023.75 0.00 1023.75 0.00 
28.00 0.00 1023.75 0.00 1023.75 0.00 1023.75 0.00 1023.75 0.00 1023.75 0.00 
27.50 0.00 1023.75 0.00 1023.75 0.00 1023.75 0.00 1023.75 0.00 1023.75 0.00 
28.00 0.00 1023.75 0.00 1023.75 0.00 1023.75 0.00 1023.75 0.00 1023.75 0.00 
28.50 0.00 1023.75 0.00 1023.75 0.00 1023.75 0.00 1023.75 0.00 1023.75 0.00 
28.25 0.00 1023.75 0.00 1023.75 0.00 1023.75 0.00 1023.75 0.00 1023.75 0.00 
28.25 0.00 1023.75 0.00 1023.75 0.00 1023.75 0.00 1023.75 0.00 1023.75 0.00 
28.00 0.00 1023.75 0.00 1023.75 0.00 1023.75 0.00 1023.75 0.00 1023.75 0.00 
28.00 0.00 1023.75 0.00 1023.75 0.00 1023.75 0.00 1023.75 0.00 1023.75 0.00 
28.00 0.00 1023.75 0.00 1023.75 0.00 1023.75 0.00 1023.75 0.00 1023.75 0.00 
28.25 0.00 1023.75 0.00 1023.75 0.00 1023.75 0.00 1023.75 0.00 1023.75 0.00 
27.75 0.00 1023.75 0.00 1023.75 0.00 1023.75 0.00 1023.75 0.00 1023.75 0.00 
28.25 0.00 1023.75 0.00 1023.75 0.00 1023.75 0.00 1023.75 0.00 1023.75 0.00 
27.50 0.00 1023.75 0.00 1023.75 0.00 1023.75 0.00 1023.75 0.00 1023.75 0.00 
28.00 0.00 1023.75 0.00 1023.75 0.00 1023.75 0.00 1023.75 0.00 1023.75 0.00 
28.25 0.00 1023.75 0.00 1023.75 0.00 1023.75 0.00 1023.75 0.00 1023.75 0.00 
28.25 0.00 1023.75 0.00 1023.75 0.00 1023.75 0.00 1023.75 0.00 1023.75 0.00 
28.25 0.00 1023.75 0.00 1023.75 0.00 1023.75 0.00 1023.75 0.00 1023.75 0.00 
27.75 0.00 1023.75 0.00 1023.75 0.00 1023.75 0.00 1023.75 0.00 1023.75 0.00 
28.25 0.00 1023.75 0.00 1023.75 0.00 1023.75 0.00 1023.75 0.00 1023.75 0.00 
28.25 0.00 1023.75 0.00 1023.75 0.00 1023.75 0.00 1023.75 0.00 1023.75 0.00 
27.75 0.00 1023.75 0.00 1023.75 0.00 1023.75 0.00 1023.75 0.00 1023.75 0.00 
27.75 0.00 1023.75 0.00 1023.75 0.00 1023.75 0.00 1023.75 0.00 1023.75 0.00 
28.00 0.00 1023.75 0.00 1023.75 0.00 1023.75 0.00 1023.75 0.00 1023.75 0.00 
28.25 0.00 1023.75 0.00 1023.75 0.00 1023.75 0.00 1023.75 0.00 1023.75 0.00 
28.00 0.00 1023.75 0.00 1023.75 0.00 1023.75 0.00 1023.75 0.00 1023.75 0.00 
27.25 0.00 1023.75 0.00 1023.75 0.00 1023.75 0.00 1023.75 0.00 1023.75 0.00 
27.75 0.00 1023.75 0.00 1023.75 0.00 1023.75 0.00 1023.75 0.00 1023.75 0.00 
27.50 0.00 1023.75 0.00 1023.75 0.00 1023.75 0.00 1023.75 0.00 1023.75 0.00 
27.50 0.00 1023.75 0.00 1023.75 0.00 1023.75 0.00 1023.75 0.00 1023.75 0.00 
28.25 0.00 1023.75 0.00 1023.75 0.00 1023.75 0.00 1023.75 0.00 1023.75 0.00 
28.00 0.00 1023.75 0.00 1023.75 0.00 1023.75 0.00 1023.75 0.00 1023.75 0.00 
28.25 0.00 1023.75 0.00 1023.75 0.00 1023.75 0.00 1023.75 0.00 1023.75 0.00 
28.00 0.00 1023.75 0.00 1023.75 0.00 1023.75 0.00 1023.75 0.00 1023.75 0.00 
28.00 0.00 1023.75 0.00 1023.75 0.00 1023.75 0.00 1023.75 0.00 1023.75 0.00 
28.00 0.00 1023.75 0.00 1023.75 0.00 1023.75 0.00 1023.75 0.00 1023.75 0.00 
28.25 0.00 1023.75 0.00 1023.75 0.00 1023.75 0.00 1023.75 0.00 1023.75 0.00 
28.25 0.00 1023.75 0.00 1023.75 0.00 1023.75 0.00 1023.75 0.00 1023.75 0.00 
28.25 0.00 1023.75 0.00 1023.75 0.00 1023.75 0.00 1023.75 0.00 1023.75 0.00 
28.25 0.00 1023.75 0.00 1023.75 0.00 1023.75 0.00 1023.75 0.00 1023.75 0.00 
28.25 0.00 1023.75 0.00 1023.75 0.00 1023.75 0.00 1023.75 0.00 1023.75 0.00 
27.75 0.00 1023.75 0.00 1023.75 0.00 1023.75 0.00 1023.75 0.00 1023.75 0.00 
28.00 0.00 1023.75 0.00 1023.75 0.00 1023.75 0.00 1023.75 0.00 1023.75 0.00 
27.75 0.00 1023.75 0.00 1023.75 0.00 1023.75 0.00 1023.75 0.00 1023.75 0.00 
27.75 0.00 1023.75 0.00 1023.75 0.00 1023.75 0.00 1023.75 0.00 1023.75 0.00 
28.50 0.00 1023.75 0.00 1023.75 0.00 1023.75 0.00 1023.75 0.00 1023.75 0.00 
28.00 0.00 1023.75 0.00 1023.75 0.00 1023.75 0.00 1023.75 0.00 1023.75 0.00 
28.25 0.00 1023.75 0.00 1023.75 0.00 1023.75 0.00 1023.75 0.00 1023.75 0.00 
next configured Process
updating setpoints
0 Ramp Setpoint 0: 100.00
Ramp Setpoint 1: 100.42
Ramp Setpoint 2: 100.83
Ramp Setpoint 3: 101.25
Ramp Setpoint 4: 101.67
Ramp Setpoint 5: 102.08
Ramp Setpoint 6: 102.50
Ramp Setpoint 7: 102.92
Ramp Setpoint 8: 103.33
Ramp Setpoint 9: 103.75
Ramp Setpoint 10: 104.17
Ramp Setpoint 11: 104.58
Ramp Setpoint 12: 105.00
Ramp Setpoint 13: 105.42
Ramp Setpoint 14: 105.83
Ramp Setpoint 15: 106.25
Ramp Setpoint 16: 106.67
Ramp Setpoint 17: 107.08
Ramp Setpoint 18: 107.50
Ramp Setpoint 19: 107.92
Ramp Setpoint 20: 108.33
Ramp Setpoint 21: 108.75
Ramp Setpoint 22: 109.17
Ramp Setpoint 23: 109.58
Ramp Setpoint 24: 110.00
Ramp Setpoint 25: 110.42
Ramp Setpoint 26: 110.83
Ramp Setpoint 27: 111.25
Ramp Setpoint 28: 111.67
Ramp Setpoint 29: 112.08
Ramp Setpoint 30: 112.50
Ramp Setpoint 31: 112.92
Ramp Setpoint 32: 113.33
Ramp Setpoint 33: 113.75
Ramp Setpoint 34: 114.17
Ramp Setpoint 35: 114.58
Ramp Setpoint 36: 115.00
Ramp Setpoint 37: 115.42
Ramp Setpoint 38: 115.83
Ramp Setpoint 39: 116.25
Ramp Setpoint 40: 116.67
Ramp Setpoint 41: 117.08
Ramp Setpoint 42: 117.50
Ramp Setpoint 43: 117.92
Ramp Setpoint 44: 118.33
Ramp Setpoint 45: 118.75
Ramp Setpoint 46: 119.17
Ramp Setpoint 47: 119.58
Ramp Setpoint 48: 120.00
Ramp Setpoint 49: 120.42
Ramp Setpoint 50: 120.83
Ramp Setpoint 51: 121.25
Ramp Setpoint 52: 121.67
Ramp Setpoint 53: 122.08
Ramp Setpoint 54: 122.50
Ramp Setpoint 55: 122.92
Ramp Setpoint 56: 123.33
Ramp Setpoint 57: 123.75
Ramp Setpoint 58: 124.17
Ramp Setpoint 59: 124.58
Ramp Setpoint 60: 125.00
Ramp Setpoint 61: 125.42
Ramp Setpoint 62: 125.83
Ramp Setpoint 63: 126.25
Ramp Setpoint 64: 126.67
Ramp Setpoint 65: 127.08
Ramp Setpoint 66: 127.50
Ramp Setpoint 67: 127.92
Ramp Setpoint 68: 128.33
Ramp Setpoint 69: 128.75
Ramp Setpoint 70: 129.17
Ramp Setpoint 71: 129.58
Ramp Setpoint 72: 130.00
Ramp Setpoint 73: 130.42
Ramp Setpoint 74: 130.83
Ramp Setpoint 75: 131.25
Ramp Setpoint 76: 131.67
Ramp Setpoint 77: 132.08
Ramp Setpoint 78: 132.50
Ramp Setpoint 79: 132.92
Ramp Setpoint 80: 133.33
Ramp Setpoint 81: 133.75
Ramp Setpoint 82: 134.17
Ramp Setpoint 83: 134.58
Ramp Setpoint 84: 135.00
Ramp Setpoint 85: 135.42
Ramp Setpoint 86: 135.83
Ramp Setpoint 87: 136.25
Ramp Setpoint 88: 136.67
Ramp Setpoint 89: 137.08
Ramp Setpoint 90: 137.50
Ramp Setpoint 91: 137.92
Ramp Setpoint 92: 138.33
Ramp Setpoint 93: 138.75
Ramp Setpoint 94: 139.17
Ramp Setpoint 95: 139.58
Ramp Setpoint 96: 140.00
Ramp Setpoint 97: 140.42
Ramp Setpoint 98: 140.83
Ramp Setpoint 99: 141.25
Ramp Setpoint 100: 141.67
Ramp Setpoint 101: 142.08
Ramp Setpoint 102: 142.50
Ramp Setpoint 103: 142.92
Ramp Setpoint 104: 143.33
Ramp Setpoint 105: 143.75
Ramp Setpoint 106: 144.17
Ramp Setpoint 107: 144.58
Ramp Setpoint 108: 145.00
Ramp Setpoint 109: 145.42
Ramp Setpoint 110: 145.83
Ramp Setpoint 111: 146.25
Ramp Setpoint 112: 146.67
Ramp Setpoint 113: 147.08
Ramp Setpoint 114: 147.50
Ramp Setpoint 115: 147.92
Ramp Setpoint 116: 148.33
Ramp Setpoint 117: 148.75
Ramp Setpoint 118: 149.17
Ramp Setpoint 119: 149.58
Ramp Setpoint 120: 150.00
0 0 0 0 0 
28.00 0.00 1023.75 0.00 1023.75 0.00 1023.75 0.00 1023.75 0.00 1023.75 0.00 
28.00 0.00 1023.75 0.00 1023.75 0.00 1023.75 0.00 1023.75 0.00 1023.75 0.00 
28.25 0.00 1023.75 0.00 1023.75 0.00 1023.75 0.00 1023.75 0.00 1023.75 0.00 
28.25 0.00 1023.75 0.00 1023.75 0.00 1023.75 0.00 1023.75 0.00 1023.75 0.00 
27.75 0.00 1023.75 0.00 1023.75 0.00 1023.75 0.00 1023.75 0.00 1023.75 0.00 
28.25 0.00 1023.75 0.00 1023.75 0.00 1023.75 0.00 1023.75 0.00 1023.75 0.00 
28.25 0.00 1023.75 0.00 1023.75 0.00 1023.75 0.00 1023.75 0.00 1023.75 0.00 
28.25 0.00 1023.75 0.00 1023.75 0.00 1023.75 0.00 1023.75 0.00 1023.75 0.00 
28.00 0.00 1023.75 0.00 1023.75 0.00 1023.75 0.00 1023.75 0.00 1023.75 0.00 
28.25 0.00 1023.75 0.00 1023.75 0.00 1023.75 0.00 1023.75 0.00 1023.75 0.00 
27.50 0.00 1023.75 0.00 1023.75 0.00 1023.75 0.00 1023.75 0.00 1023.75 0.00 
28.00 0.00 1023.75 0.00 1023.75 0.00 1023.75 0.00 1023.75 0.00 1023.75 0.00 
28.00 0.00 1023.75 0.00 1023.75 0.00 1023.75 0.00 1023.75 0.00 1023.75 0.00 
28.25 0.00 1023.75 0.00 1023.75 0.00 1023.75 0.00 1023.75 0.00 1023.75 0.00 
28.25 0.00 1023.75 0.00 1023.75 0.00 1023.75 0.00 1023.75 0.00 1023.75 0.00 
28.00 0.00 1023.75 0.00 1023.75 0.00 1023.75 0.00 1023.75 0.00 1023.75 0.00 
28.25 0.00 1023.75 0.00 1023.75 0.00 1023.75 0.00 1023.75 0.00 1023.75 0.00 
28.00 0.00 1023.75 0.00 1023.75 0.00 1023.75 0.00 1023.75 0.00 1023.75 0.00 
28.00 0.00 1023.75 0.00 1023.75 0.00 1023.75 0.00 1023.75 0.00 1023.75 0.00 
28.25 0.00 1023.75 0.00 1023.75 0.00 1023.75 0.00 1023.75 0.00 1023.75 0.00 
27.75 0.00 1023.75 0.00 1023.75 0.00 1023.75 0.00 1023.75 0.00 1023.75 0.00 
27.75 0.00 1023.75 0.00 1023.75 0.00 1023.75 0.00 1023.75 0.00 1023.75 0.00 
28.25 0.00 1023.75 0.00 1023.75 0.00 1023.75 0.00 1023.75 0.00 1023.75 0.00 
28.25 0.00 1023.75 0.00 1023.75 0.00 1023.75 0.00 1023.75 0.00 1023.75 0.00 
28.25 0.00 1023.75 0.00 1023.75 0.00 1023.75 0.00 1023.75 0.00 1023.75 0.00 
28.25 0.00 1023.75 0.00 1023.75 0.00 1023.75 0.00 1023.75 0.00 1023.75 0.00 
28.25 0.00 1023.75 0.00 1023.75 0.00 1023.75 0.00 1023.75 0.00 1023.75 0.00 
27.75 0.00 1023.75 0.00 1023.75 0.00 1023.75 0.00 1023.75 0.00 1023.75 0.00 
27.75 0.00 1023.75 0.00 1023.75 0.00 1023.75 0.00 1023.75 0.00 1023.75 0.00 
28.25 0.00 1023.75 0.00 1023.75 0.00 1023.75 0.00 1023.75 0.00 1023.75 0.00 
27.75 0.00 1023.75 0.00 1023.75 0.00 1023.75 0.00 1023.75 0.00 1023.75 0.00 
27.75 0.00 1023.75 0.00 1023.75 0.00 1023.75 0.00 1023.75 0.00 1023.75 0.00 
28.25 0.00 1023.75 0.00 1023.75 0.00 1023.75 0.00 1023.75 0.00 1023.75 0.00 
27.75 0.00 1023.75 0.00 1023.75 0.00 1023.75 0.00 1023.75 0.00 1023.75 0.00 
27.75 0.00 1023.75 0.00 1023.75 0.00 1023.75 0.00 1023.75 0.00 1023.75 0.00 
28.25 0.00 1023.75 0.00 1023.75 0.00 1023.75 0.00 1023.75 0.00 1023.75 0.00 
27.50 0.00 1023.75 0.00 1023.75 0.00 1023.75 0.00 1023.75 0.00 1023.75 0.00 
27.75 0.00 1023.75 0.00 1023.75 0.00 1023.75 0.00 1023.75 0.00 1023.75 0.00 
28.00 0.00 1023.75 0.00 1023.75 0.00 1023.75 0.00 1023.75 0.00 1023.75 0.00 
27.75 0.00 1023.75 0.00 1023.75 0.00 1023.75 0.00 1023.75 0.00 1023.75 0.00 
28.25 0.00 1023.75 0.00 1023.75 0.00 1023.75 0.00 1023.75 0.00 1023.75 0.00 
28.00 0.00 1023.75 0.00 1023.75 0.00 1023.75 0.00 1023.75 0.00 1023.75 0.00 
28.00 0.00 1023.75 0.00 1023.75 0.00 1023.75 0.00 1023.75 0.00 1023.75 0.00 
28.00 0.00 1023.75 0.00 1023.75 0.00 1023.75 0.00 1023.75 0.00 1023.75 0.00 
28.25 0.00 1023.75 0.00 1023.75 0.00 1023.75 0.00 1023.75 0.00 1023.75 0.00 
27.75 0.00 1023.75 0.00 1023.75 0.00 1023.75 0.00 1023.75 0.00 1023.75 0.00 
28.00 0.00 1023.75 0.00 1023.75 0.00 1023.75 0.00 1023.75 0.00 1023.75 0.00 
27.75 0.00 1023.75 0.00 1023.75 0.00 1023.75 0.00 1023.75 0.00 1023.75 0.00 
28.25 0.00 1023.75 0.00 1023.75 0.00 1023.75 0.00 1023.75 0.00 1023.75 0.00 
28.00 0.00 1023.75 0.00 1023.75 0.00 1023.75 0.00 1023.75 0.00 1023.75 0.00 
28.00 0.00 1023.75 0.00 1023.75 0.00 1023.75 0.00 1023.75 0.00 1023.75 0.00 
27.75 0.00 1023.75 0.00 1023.75 0.00 1023.75 0.00 1023.75 0.00 1023.75 0.00 
28.00 0.00 1023.75 0.00 1023.75 0.00 1023.75 0.00 1023.75 0.00 1023.75 0.00 
27.75 0.00 1023.75 0.00 1023.75 0.00 1023.75 0.00 1023.75 0.00 1023.75 0.00 
28.25 0.00 1023.75 0.00 1023.75 0.00 1023.75 0.00 1023.75 0.00 1023.75 0.00 
27.75 0.00 1023.75 0.00 1023.75 0.00 1023.75 0.00 1023.75 0.00 1023.75 0.00 
28.25 0.00 1023.75 0.00 1023.75 0.00 1023.75 0.00 1023.75 0.00 1023.75 0.00 
28.25 0.00 1023.75 0.00 1023.75 0.00 1023.75 0.00 1023.75 0.00 1023.75 0.00 
28.25 0.00 1023.75 0.00 1023.75 0.00 1023.75 0.00 1023.75 0.00 1023.75 0.00 
28.00 0.00 1023.75 0.00 1023.75 0.00 1023.75 0.00 1023.75 0.00 1023.75 0.00 
28.00 0.00 1023.75 0.00 1023.75 0.00 1023.75 0.00 1023.75 0.00 1023.75 0.00 
27.25 0.00 1023.75 0.00 1023.75 0.00 1023.75 0.00 1023.75 0.00 1023.75 0.00 
27.75 0.00 1023.75 0.00 1023.75 0.00 1023.75 0.00 1023.75 0.00 1023.75 0.00 
28.00 0.00 1023.75 0.00 1023.75 0.00 1023.75 0.00 1023.75 0.00 1023.75 0.00 
28.25 0.00 1023.75 0.00 1023.75 0.00 1023.75 0.00 1023.75 0.00 1023.75 0.00 
28.00 0.00 1023.75 0.00 1023.75 0.00 1023.75 0.00 1023.75 0.00 1023.75 0.00 
27.75 0.00 1023.75 0.00 1023.75 0.00 1023.75 0.00 1023.75 0.00 1023.75 0.00 
27.75 0.00 1023.75 0.00 1023.75 0.00 1023.75 0.00 1023.75 0.00 1023.75 0.00 
27.75 0.00 1023.75 0.00 1023.75 0.00 1023.75 0.00 1023.75 0.00 1023.75 0.00 
28.00 0.00 1023.75 0.00 1023.75 0.00 1023.75 0.00 1023.75 0.00 1023.75 0.00 
28.00 0.00 1023.75 0.00 1023.75 0.00 1023.75 0.00 1023.75 0.00 1023.75 0.00 
28.25 0.00 1023.75 0.00 1023.75 0.00 1023.75 0.00 1023.75 0.00 1023.75 0.00 
27.75 0.00 1023.75 0.00 1023.75 0.00 1023.75 0.00 1023.75 0.00 1023.75 0.00 
27.75 0.00 1023.75 0.00 1023.75 0.00 1023.75 0.00 1023.75 0.00 1023.75 0.00 
28.00 0.00 1023.75 0.00 1023.75 0.00 1023.75 0.00 1023.75 0.00 1023.75 0.00 
27.75 0.00 1023.75 0.00 1023.75 0.00 1023.75 0.00 1023.75 0.00 1023.75 0.00 
28.00 0.00 1023.75 0.00 1023.75 0.00 1023.75 0.00 1023.75 0.00 1023.75 0.00 
28.00 0.00 1023.75 0.00 1023.75 0.00 1023.75 0.00 1023.75 0.00 1023.75 0.00 
27.75 0.00 1023.75 0.00 1023.75 0.00 1023.75 0.00 1023.75 0.00 1023.75 0.00 
27.75 0.00 1023.75 0.00 1023.75 0.00 1023.75 0.00 1023.75 0.00 1023.75 0.00 
28.00 0.00 1023.75 0.00 1023.75 0.00 1023.75 0.00 1023.75 0.00 1023.75 0.00 
27.75 0.00 1023.75 0.00 1023.75 0.00 1023.75 0.00 1023.75 0.00 1023.75 0.00 
28.25 0.00 1023.75 0.00 1023.75 0.00 1023.75 0.00 1023.75 0.00 1023.75 0.00 
28.25 0.00 1023.75 0.00 1023.75 0.00 1023.75 0.00 1023.75 0.00 1023.75 0.00 
28.00 0.00 1023.75 0.00 1023.75 0.00 1023.75 0.00 1023.75 0.00 1023.75 0.00 
28.25 0.00 1023.75 0.00 1023.75 0.00 1023.75 0.00 1023.75 0.00 1023.75 0.00 
27.75 0.00 1023.75 0.00 1023.75 0.00 1023.75 0.00 1023.75 0.00 1023.75 0.00 
28.25 0.00 1023.75 0.00 1023.75 0.00 1023.75 0.00 1023.75 0.00 1023.75 0.00 
28.00 0.00 1023.75 0.00 1023.75 0.00 1023.75 0.00 1023.75 0.00 1023.75 0.00 
27.75 0.00 1023.75 0.00 1023.75 0.00 1023.75 0.00 1023.75 0.00 1023.75 0.00 
28.00 0.00 1023.75 0.00 1023.75 0.00 1023.75 0.00 1023.75 0.00 1023.75 0.00 
28.25 0.00 1023.75 0.00 1023.75 0.00 1023.75 0.00 1023.75 0.00 1023.75 0.00 
28.00 0.00 1023.75 0.00 1023.75 0.00 1023.75 0.00 1023.75 0.00 1023.75 0.00 
28.00 0.00 1023.75 0.00 1023.75 0.00 1023.75 0.00 1023.75 0.00 1023.75 0.00 
28.00 0.00 1023.75 0.00 1023.75 0.00 1023.75 0.00 1023.75 0.00 1023.75 0.00 
28.00 0.00 1023.75 0.00 1023.75 0.00 1023.75 0.00 1023.75 0.00 1023.75 0.00 
28.00 0.00 1023.75 0.00 1023.75 0.00 1023.75 0.00 1023.75 0.00 1023.75 0.00 
28.25 0.00 1023.75 0.00 1023.75 0.00 1023.75 0.00 1023.75 0.00 1023.75 0.00 
28.25 0.00 1023.75 0.00 1023.75 0.00 1023.75 0.00 1023.75 0.00 1023.75 0.00 
28.00 0.00 1023.75 0.00 1023.75 0.00 1023.75 0.00 1023.75 0.00 1023.75 0.00 
28.25 0.00 1023.75 0.00 1023.75 0.00 1023.75 0.00 1023.75 0.00 1023.75 0.00 
28.25 0.00 1023.75 0.00 1023.75 0.00 1023.75 0.00 1023.75 0.00 1023.75 0.00 
28.00 0.00 1023.75 0.00 1023.75 0.00 1023.75 0.00 1023.75 0.00 1023.75 0.00 
28.25 0.00 1023.75 0.00 1023.75 0.00 1023.75 0.00 1023.75 0.00 1023.75 0.00 
28.25 0.00 1023.75 0.00 1023.75 0.00 1023.75 0.00 1023.75 0.00 1023.75 0.00 
27.75 0.00 1023.75 0.00 1023.75 0.00 1023.75 0.00 1023.75 0.00 1023.75 0.00 
28.00 0.00 1023.75 0.00 1023.75 0.00 1023.75 0.00 1023.75 0.00 1023.75 0.00 
28.00 0.00 1023.75 0.00 1023.75 0.00 1023.75 0.00 1023.75 0.00 1023.75 0.00 
28.25 0.00 1023.75 0.00 1023.75 0.00 1023.75 0.00 1023.75 0.00 1023.75 0.00 
28.25 0.00 1023.75 0.00 1023.75 0.00 1023.75 0.00 1023.75 0.00 1023.75 0.00 
28.25 0.00 1023.75 0.00 1023.75 0.00 1023.75 0.00 1023.75 0.00 1023.75 0.00 
28.00 0.00 1023.75 0.00 1023.75 0.00 1023.75 0.00 1023.75 0.00 1023.75 0.00 
27.75 0.00 1023.75 0.00 1023.75 0.00 1023.75 0.00 1023.75 0.00 1023.75 0.00 
28.00 0.00 1023.75 0.00 1023.75 0.00 1023.75 0.00 1023.75 0.00 1023.75 0.00 
28.25 0.00 1023.75 0.00 1023.75 0.00 1023.75 0.00 1023.75 0.00 1023.75 0.00 
28.00 0.00 1023.75 0.00 1023.75 0.00 1023.75 0.00 1023.75 0.00 1023.75 0.00 
28.00 0.00 1023.75 0.00 1023.75 0.00 1023.75 0.00 1023.75 0.00 1023.75 0.00 
28.00 0.00 1023.75 0.00 1023.75 0.00 1023.75 0.00 1023.75 0.00 1023.75 0.00 
28.25 0.00 1023.75 0.00 1023.75 0.00 1023.75 0.00 1023.75 0.00 1023.75 0.00 
next configured Process
updating setpoints
0 Ramp Setpoint 0: 150.00
Ramp Setpoint 1: 150.83
Ramp Setpoint 2: 151.67
Ramp Setpoint 3: 152.50
Ramp Setpoint 4: 153.33
Ramp Setpoint 5: 154.17
Ramp Setpoint 6: 155.00
Ramp Setpoint 7: 155.83
Ramp Setpoint 8: 156.67
Ramp Setpoint 9: 157.50
Ramp Setpoint 10: 158.33
Ramp Setpoint 11: 159.17
Ramp Setpoint 12: 160.00
Ramp Setpoint 13: 160.83
Ramp Setpoint 14: 161.67
Ramp Setpoint 15: 162.50
Ramp Setpoint 16: 163.33
Ramp Setpoint 17: 164.17
Ramp Setpoint 18: 165.00
Ramp Setpoint 19: 165.83
Ramp Setpoint 20: 166.67
Ramp Setpoint 21: 167.50
Ramp Setpoint 22: 168.33
Ramp Setpoint 23: 169.17
Ramp Setpoint 24: 170.00
Ramp Setpoint 25: 170.83
Ramp Setpoint 26: 171.67
Ramp Setpoint 27: 172.50
Ramp Setpoint 28: 173.33
Ramp Setpoint 29: 174.17
Ramp Setpoint 30: 175.00
Ramp Setpoint 31: 175.83
Ramp Setpoint 32: 176.67
Ramp Setpoint 33: 177.50
Ramp Setpoint 34: 178.33
Ramp Setpoint 35: 179.17
Ramp Setpoint 36: 180.00
Ramp Setpoint 37: 180.83
Ramp Setpoint 38: 181.67
Ramp Setpoint 39: 182.50
Ramp Setpoint 40: 183.33
Ramp Setpoint 41: 184.17
Ramp Setpoint 42: 185.00
Ramp Setpoint 43: 185.83
Ramp Setpoint 44: 186.67
Ramp Setpoint 45: 187.50
Ramp Setpoint 46: 188.33
Ramp Setpoint 47: 189.17
Ramp Setpoint 48: 190.00
Ramp Setpoint 49: 190.83
Ramp Setpoint 50: 191.67
Ramp Setpoint 51: 192.50
Ramp Setpoint 52: 193.33
Ramp Setpoint 53: 194.17
Ramp Setpoint 54: 195.00
Ramp Setpoint 55: 195.83
Ramp Setpoint 56: 196.67
Ramp Setpoint 57: 197.50
Ramp Setpoint 58: 198.33
Ramp Setpoint 59: 199.17
Ramp Setpoint 60: 200.00
0 0 0 0 0 
28.00 0.00 1023.75 0.00 1023.75 0.00 1023.75 0.00 1023.75 0.00 1023.75 0.00 
27.50 0.00 1023.75 0.00 1023.75 0.00 1023.75 0.00 1023.75 0.00 1023.75 0.00 
27.75 0.00 1023.75 0.00 1023.75 0.00 1023.75 0.00 1023.75 0.00 1023.75 0.00 
28.00 0.00 1023.75 0.00 1023.75 0.00 1023.75 0.00 1023.75 0.00 1023.75 0.00 
28.00 0.00 1023.75 0.00 1023.75 0.00 1023.75 0.00 1023.75 0.00 1023.75 0.00 
28.00 0.00 1023.75 0.00 1023.75 0.00 1023.75 0.00 1023.75 0.00 1023.75 0.00 
28.00 0.00 1023.75 0.00 1023.75 0.00 1023.75 0.00 1023.75 0.00 1023.75 0.00 
28.00 0.00 1023.75 0.00 1023.75 0.00 1023.75 0.00 1023.75 0.00 1023.75 0.00 
27.75 0.00 1023.75 0.00 1023.75 0.00 1023.75 0.00 1023.75 0.00 1023.75 0.00 
28.25 0.00 1023.75 0.00 1023.75 0.00 1023.75 0.00 1023.75 0.00 1023.75 0.00 
28.00 0.00 1023.75 0.00 1023.75 0.00 1023.75 0.00 1023.75 0.00 1023.75 0.00 
28.25 0.00 1023.75 0.00 1023.75 0.00 1023.75 0.00 1023.75 0.00 1023.75 0.00 
27.50 0.00 1023.75 0.00 1023.75 0.00 1023.75 0.00 1023.75 0.00 1023.75 0.00 
28.25 0.00 1023.75 0.00 1023.75 0.00 1023.75 0.00 1023.75 0.00 1023.75 0.00 
27.75 0.00 1023.75 0.00 1023.75 0.00 1023.75 0.00 1023.75 0.00 1023.75 0.00 
28.00 0.00 1023.75 0.00 1023.75 0.00 1023.75 0.00 1023.75 0.00 1023.75 0.00 
27.75 0.00 1023.75 0.00 1023.75 0.00 1023.75 0.00 1023.75 0.00 1023.75 0.00 
28.25 0.00 1023.75 0.00 1023.75 0.00 1023.75 0.00 1023.75 0.00 1023.75 0.00 
28.25 0.00 1023.75 0.00 1023.75 0.00 1023.75 0.00 1023.75 0.00 1023.75 0.00 
28.00 0.00 1023.75 0.00 1023.75 0.00 1023.75 0.00 1023.75 0.00 1023.75 0.00 
28.00 0.00 1023.75 0.00 1023.75 0.00 1023.75 0.00 1023.75 0.00 1023.75 0.00 
28.00 0.00 1023.75 0.00 1023.75 0.00 1023.75 0.00 1023.75 0.00 1023.75 0.00 
28.00 0.00 1023.75 0.00 1023.75 0.00 1023.75 0.00 1023.75 0.00 1023.75 0.00 
28.00 0.00 1023.75 0.00 1023.75 0.00 1023.75 0.00 1023.75 0.00 1023.75 0.00 
28.25 0.00 1023.75 0.00 1023.75 0.00 1023.75 0.00 1023.75 0.00 1023.75 0.00 
28.00 0.00 1023.75 0.00 1023.75 0.00 1023.75 0.00 1023.75 0.00 1023.75 0.00 
28.00 0.00 1023.75 0.00 1023.75 0.00 1023.75 0.00 1023.75 0.00 1023.75 0.00 
28.00 0.00 1023.75 0.00 1023.75 0.00 1023.75 0.00 1023.75 0.00 1023.75 0.00 
28.25 0.00 1023.75 0.00 1023.75 0.00 1023.75 0.00 1023.75 0.00 1023.75 0.00 
27.75 0.00 1023.75 0.00 1023.75 0.00 1023.75 0.00 1023.75 0.00 1023.75 0.00 
27.50 0.00 1023.75 0.00 1023.75 0.00 1023.75 0.00 1023.75 0.00 1023.75 0.00 
27.50 0.00 1023.75 0.00 1023.75 0.00 1023.75 0.00 1023.75 0.00 1023.75 0.00 
27.75 0.00 1023.75 0.00 1023.75 0.00 1023.75 0.00 1023.75 0.00 1023.75 0.00 
27.50 0.00 1023.75 0.00 1023.75 0.00 1023.75 0.00 1023.75 0.00 1023.75 0.00 
28.00 0.00 1023.75 0.00 1023.75 0.00 1023.75 0.00 1023.75 0.00 1023.75 0.00 
28.00 0.00 1023.75 0.00 1023.75 0.00 1023.75 0.00 1023.75 0.00 1023.75 0.00 
28.00 0.00 1023.75 0.00 1023.75 0.00 1023.75 0.00 1023.75 0.00 1023.75 0.00 
28.00 0.00 1023.75 0.00 1023.75 0.00 1023.75 0.00 1023.75 0.00 1023.75 0.00 
28.00 0.00 1023.75 0.00 1023.75 0.00 1023.75 0.00 1023.75 0.00 1023.75 0.00 
28.00 0.00 1023.75 0.00 1023.75 0.00 1023.75 0.00 1023.75 0.00 1023.75 0.00 
27.25 0.00 1023.75 0.00 1023.75 0.00 1023.75 0.00 1023.75 0.00 1023.75 0.00 
28.00 0.00 1023.75 0.00 1023.75 0.00 1023.75 0.00 1023.75 0.00 1023.75 0.00 
28.00 0.00 1023.75 0.00 1023.75 0.00 1023.75 0.00 1023.75 0.00 1023.75 0.00 
28.00 0.00 1023.75 0.00 1023.75 0.00 1023.75 0.00 1023.75 0.00 1023.75 0.00 
27.75 0.00 1023.75 0.00 1023.75 0.00 1023.75 0.00 1023.75 0.00 1023.75 0.00 
28.00 0.00 1023.75 0.00 1023.75 0.00 1023.75 0.00 1023.75 0.00 1023.75 0.00 
27.50 0.00 1023.75 0.00 1023.75 0.00 1023.75 0.00 1023.75 0.00 1023.75 0.00 
28.00 0.00 1023.75 0.00 1023.75 0.00 1023.75 0.00 1023.75 0.00 1023.75 0.00 
27.75 0.00 1023.75 0.00 1023.75 0.00 1023.75 0.00 1023.75 0.00 1023.75 0.00 
28.25 0.00 1023.75 0.00 1023.75 0.00 1023.75 0.00 1023.75 0.00 1023.75 0.00 
28.00 0.00 1023.75 0.00 1023.75 0.00 1023.75 0.00 1023.75 0.00 1023.75 0.00 
28.25 0.00 1023.75 0.00 1023.75 0.00 1023.75 0.00 1023.75 0.00 1023.75 0.00 
27.50 0.00 1023.75 0.00 1023.75 0.00 1023.75 0.00 1023.75 0.00 1023.75 0.00 
28.00 0.00 1023.75 0.00 1023.75 0.00 1023.75 0.00 1023.75 0.00 1023.75 0.00 
28.00 0.00 1023.75 0.00 1023.75 0.00 1023.75 0.00 1023.75 0.00 1023.75 0.00 
28.25 0.00 1023.75 0.00 1023.75 0.00 1023.75 0.00 1023.75 0.00 1023.75 0.00 
27.75 0.00 1023.75 0.00 1023.75 0.00 1023.75 0.00 1023.75 0.00 1023.75 0.00 
27.75 0.00 1023.75 0.00 1023.75 0.00 1023.75 0.00 1023.75 0.00 1023.75 0.00 
27.75 0.00 1023.75 0.00 1023.75 0.00 1023.75 0.00 1023.75 0.00 1023.75 0.00 
28.00 0.00 1023.75 0.00 1023.75 0.00 1023.75 0.00 1023.75 0.00 1023.75 0.00 
All the processes have finished
ESP-ROM:esp32s3-20210327
Build:Mar 27 2021
rst:0xc (RTC_SW_CPU_RST),boot:0x8 (SPI_FAST_FLASH_BOOT)
Saved PC:0x4207bd9a
SPIWP:0xee
mode:DIO, clock div:1
load:0x3fce3808,len:0x44c
load:0x403c9700,len:0xbe4
load:0x403cc700,len:0x2a68
entry 0x403c98d4
E (29) gpio: gpio_install_isr_service(449): GPIO isr service already installed
Succeed to add peer
READY_SETUP
uint8_t RemoteCommunication_2::mac_HMI[6] = {0x48, 0x27, 0xE2, 0xD2, 0x5C, 0x80};
