The processesSpecificationsMessage was received
1 0 0 0 0 0 
temperatureSetpoints: 
Inicial: 60  Final: 60  Funcion: 0
Inicial: 60  Final: 150  Funcion: 1
Inicial: 0  Final: 0  Funcion: 0
Inicial: 0  Final: 0  Funcion: 0
Inicial: 0  Final: 0  Funcion: 0
Inicial: 0  Final: 0  Funcion: 0
Inicial: 0  Final: 0  Funcion: 0
Inicial: 0  Final: 0  Funcion: 0
Inicial: 0  Final: 0  Funcion: 0
Inicial: 0  Final: 0  Funcion: 0
Inicial: 0  Final: 0  Funcion: 0
Inicial: 0  Final: 0  Funcion: 0
Inicial: 0  Final: 0  Funcion: 0
Inicial: 0  Final: 0  Funcion: 0
Inicial: 0  Final: 0  Funcion: 0

stirringSetpoints: 
500 200 0 0 0 0 0 0 0 0 0 0 0 0 0 
processDuration: 5 12 0 0 0 0 0 0 0 0 0 0 0 0 0 
1
updating setpoints
500 
32.50 0.00 0.00 0.00 0.00 0.00 
32.50 0.00 0.00 0.00 0.00 0.00 
33.00 0.00 0.00 0.00 0.00 0.00 
32.75 0.00 0.00 0.00 0.00 0.00 
32.50 0.00 0.00 0.00 0.00 0.00 
33.00 0.00 0.00 0.00 0.00 0.00 
32.75 0.00 0.00 0.00 0.00 0.00 
33.00 0.00 0.00 0.00 0.00 0.00 
32.75 0.00 0.00 0.00 0.00 0.00 
32.75 0.00 0.00 0.00 0.00 0.00 
33.00 0.00 0.00 0.00 0.00 0.00 
32.50 0.00 0.00 0.00 0.00 0.00 
33.25 0.00 0.00 0.00 0.00 0.00 
33.00 0.00 0.00 0.00 0.00 0.00 
33.00 0.00 0.00 0.00 0.00 0.00 
33.00 0.00 0.00 0.00 0.00 0.00 
33.25 0.00 0.00 0.00 0.00 0.00 
33.00 0.00 0.00 0.00 0.00 0.00 
33.25 0.00 0.00 0.00 0.00 0.00 
33.00 0.00 0.00 0.00 0.00 0.00 
33.00 0.00 0.00 0.00 0.00 0.00 
33.00 0.00 0.00 0.00 0.00 0.00 
33.00 0.00 0.00 0.00 0.00 0.00 
33.25 0.00 0.00 0.00 0.00 0.00 
33.00 0.00 0.00 0.00 0.00 0.00 
33.50 0.00 0.00 0.00 0.00 0.00 
33.50 0.00 0.00 0.00 0.00 0.00 
33.75 0.00 0.00 0.00 0.00 0.00 
33.50 0.00 0.00 0.00 0.00 0.00 
33.75 0.00 0.00 0.00 0.00 0.00 
34.00 0.00 0.00 0.00 0.00 0.00 
33.75 0.00 0.00 0.00 0.00 0.00 
34.25 0.00 0.00 0.00 0.00 0.00 
34.00 0.00 0.00 0.00 0.00 0.00 
34.50 0.00 0.00 0.00 0.00 0.00 
34.50 0.00 0.00 0.00 0.00 0.00 
34.75 0.00 0.00 0.00 0.00 0.00 
34.50 0.00 0.00 0.00 0.00 0.00 
35.25 0.00 0.00 0.00 0.00 0.00 
35.25 0.00 0.00 0.00 0.00 0.00 
35.75 0.00 0.00 0.00 0.00 0.00 
35.75 0.00 0.00 0.00 0.00 0.00 
36.00 0.00 0.00 0.00 0.00 0.00 
35.50 0.00 0.00 0.00 0.00 0.00 
36.50 0.00 0.00 0.00 0.00 0.00 
36.25 0.00 0.00 0.00 0.00 0.00 
37.00 0.00 0.00 0.00 0.00 0.00 
37.00 0.00 0.00 0.00 0.00 0.00 
37.50 0.00 0.00 0.00 0.00 0.00 
37.00 0.00 0.00 0.00 0.00 0.00 
37.50 0.00 0.00 0.00 0.00 0.00 
37.75 0.00 0.00 0.00 0.00 0.00 
38.25 0.00 0.00 0.00 0.00 0.00 
38.00 0.00 0.00 0.00 0.00 0.00 
38.00 0.00 0.00 0.00 0.00 0.00 
39.00 0.00 0.00 0.00 0.00 0.00 
39.50 0.00 0.00 0.00 0.00 0.00 
39.50 0.00 0.00 0.00 0.00 0.00 
39.50 0.00 0.00 0.00 0.00 0.00 
40.00 0.00 0.00 0.00 0.00 0.00 
39.75 0.00 0.00 0.00 0.00 0.00 
40.25 0.00 0.00 0.00 0.00 0.00 
40.75 0.00 0.00 0.00 0.00 0.00 
40.75 0.00 0.00 0.00 0.00 0.00 
41.25 0.00 0.00 0.00 0.00 0.00 
41.75 0.00 0.00 0.00 0.00 0.00 
42.00 0.00 0.00 0.00 0.00 0.00 
42.25 0.00 0.00 0.00 0.00 0.00 
42.50 0.00 0.00 0.00 0.00 0.00 
42.25 0.00 0.00 0.00 0.00 0.00 
43.00 0.00 0.00 0.00 0.00 0.00 
43.25 0.00 0.00 0.00 0.00 0.00 
43.75 0.00 0.00 0.00 0.00 0.00 
44.00 0.00 0.00 0.00 0.00 0.00 
44.75 0.00 0.00 0.00 0.00 0.00 
44.75 0.00 0.00 0.00 0.00 0.00 
44.50 0.00 0.00 0.00 0.00 0.00 
45.50 0.00 0.00 0.00 0.00 0.00 
46.00 0.00 0.00 0.00 0.00 0.00 
46.25 0.00 0.00 0.00 0.00 0.00 
46.00 0.00 0.00 0.00 0.00 0.00 
46.25 0.00 0.00 0.00 0.00 0.00 
47.00 0.00 0.00 0.00 0.00 0.00 
47.00 0.00 0.00 0.00 0.00 0.00 
47.50 0.00 0.00 0.00 0.00 0.00 
47.00 0.00 0.00 0.00 0.00 0.00 
47.50 0.00 0.00 0.00 0.00 0.00 
48.50 0.00 0.00 0.00 0.00 0.00 
48.25 0.00 0.00 0.00 0.00 0.00 
49.00 0.00 0.00 0.00 0.00 0.00 
49.25 0.00 0.00 0.00 0.00 0.00 
49.50 0.00 0.00 0.00 0.00 0.00 
49.25 0.00 0.00 0.00 0.00 0.00 
50.00 0.00 0.00 0.00 0.00 0.00 
50.00 0.00 0.00 0.00 0.00 0.00 
51.00 0.00 0.00 0.00 0.00 0.00 
50.50 0.00 0.00 0.00 0.00 0.00 
51.00 0.00 0.00 0.00 0.00 0.00 
51.75 0.00 0.00 0.00 0.00 0.00 
51.75 0.00 0.00 0.00 0.00 0.00 
52.00 0.00 0.00 0.00 0.00 0.00 
52.25 0.00 0.00 0.00 0.00 0.00 
52.50 0.00 0.00 0.00 0.00 0.00 
52.50 0.00 0.00 0.00 0.00 0.00 
52.75 0.00 0.00 0.00 0.00 0.00 
53.00 0.00 0.00 0.00 0.00 0.00 
53.50 0.00 0.00 0.00 0.00 0.00 
53.00 0.00 0.00 0.00 0.00 0.00 
53.75 0.00 0.00 0.00 0.00 0.00 
54.00 0.00 0.00 0.00 0.00 0.00 
54.50 0.00 0.00 0.00 0.00 0.00 
54.25 0.00 0.00 0.00 0.00 0.00 
54.75 0.00 0.00 0.00 0.00 0.00 
55.25 0.00 0.00 0.00 0.00 0.00 
55.50 0.00 0.00 0.00 0.00 0.00 
55.75 0.00 0.00 0.00 0.00 0.00 
56.00 0.00 0.00 0.00 0.00 0.00 
56.00 0.00 0.00 0.00 0.00 0.00 
56.50 0.00 0.00 0.00 0.00 0.00 
56.50 0.00 0.00 0.00 0.00 0.00 
57.25 0.00 0.00 0.00 0.00 0.00 
56.75 0.00 0.00 0.00 0.00 0.00 
57.25 0.00 0.00 0.00 0.00 0.00 
57.25 0.00 0.00 0.00 0.00 0.00 
57.50 0.00 0.00 0.00 0.00 0.00 
57.50 0.00 0.00 0.00 0.00 0.00 
57.75 0.00 0.00 0.00 0.00 0.00 
58.00 0.00 0.00 0.00 0.00 0.00 
58.75 0.00 0.00 0.00 0.00 0.00 
58.50 0.00 0.00 0.00 0.00 0.00 
58.50 0.00 0.00 0.00 0.00 0.00 
58.75 0.00 0.00 0.00 0.00 0.00 
59.00 0.00 0.00 0.00 0.00 0.00 
59.25 0.00 0.00 0.00 0.00 0.00 
59.25 0.00 0.00 0.00 0.00 0.00 
59.75 0.00 0.00 0.00 0.00 0.00 
59.50 0.00 0.00 0.00 0.00 0.00 
60.00 0.00 0.00 0.00 0.00 0.00 
60.50 0.00 0.00 0.00 0.00 0.00 
59.75 0.00 0.00 0.00 0.00 0.00 
60.25 0.00 0.00 0.00 0.00 0.00 
60.25 0.00 0.00 0.00 0.00 0.00 
60.25 0.00 0.00 0.00 0.00 0.00 
61.00 0.00 0.00 0.00 0.00 0.00 
60.75 0.00 0.00 0.00 0.00 0.00 
60.50 0.00 0.00 0.00 0.00 0.00 
61.00 0.00 0.00 0.00 0.00 0.00 
61.50 0.00 0.00 0.00 0.00 0.00 
61.50 0.00 0.00 0.00 0.00 0.00 
62.00 0.00 0.00 0.00 0.00 0.00 
62.00 0.00 0.00 0.00 0.00 0.00 
61.75 0.00 0.00 0.00 0.00 0.00 
62.25 0.00 0.00 0.00 0.00 0.00 
62.50 0.00 0.00 0.00 0.00 0.00 
62.25 0.00 0.00 0.00 0.00 0.00 
62.25 0.00 0.00 0.00 0.00 0.00 
62.75 0.00 0.00 0.00 0.00 0.00 
62.50 0.00 0.00 0.00 0.00 0.00 
62.50 0.00 0.00 0.00 0.00 0.00 
62.75 0.00 0.00 0.00 0.00 0.00 
62.75 0.00 0.00 0.00 0.00 0.00 
62.75 0.00 0.00 0.00 0.00 0.00 
63.00 0.00 0.00 0.00 0.00 0.00 
63.25 0.00 0.00 0.00 0.00 0.00 
63.25 0.00 0.00 0.00 0.00 0.00 
63.00 0.00 0.00 0.00 0.00 0.00 
63.50 0.00 0.00 0.00 0.00 0.00 
63.75 0.00 0.00 0.00 0.00 0.00 
63.50 0.00 0.00 0.00 0.00 0.00 
64.00 0.00 0.00 0.00 0.00 0.00 
64.25 0.00 0.00 0.00 0.00 0.00 
64.00 0.00 0.00 0.00 0.00 0.00 
63.25 0.00 0.00 0.00 0.00 0.00 
63.50 0.00 0.00 0.00 0.00 0.00 
64.50 0.00 0.00 0.00 0.00 0.00 
64.75 0.00 0.00 0.00 0.00 0.00 
64.00 0.00 0.00 0.00 0.00 0.00 
64.50 0.00 0.00 0.00 0.00 0.00 
64.00 0.00 0.00 0.00 0.00 0.00 
64.50 0.00 0.00 0.00 0.00 0.00 
64.75 0.00 0.00 0.00 0.00 0.00 
65.00 0.00 0.00 0.00 0.00 0.00 
64.75 0.00 0.00 0.00 0.00 0.00 
65.00 0.00 0.00 0.00 0.00 0.00 
65.25 0.00 0.00 0.00 0.00 0.00 
65.25 0.00 0.00 0.00 0.00 0.00 
64.75 0.00 0.00 0.00 0.00 0.00 
64.75 0.00 0.00 0.00 0.00 0.00 
64.75 0.00 0.00 0.00 0.00 0.00 
65.00 0.00 0.00 0.00 0.00 0.00 
65.00 0.00 0.00 0.00 0.00 0.00 
65.25 0.00 0.00 0.00 0.00 0.00 
65.50 0.00 0.00 0.00 0.00 0.00 
65.00 0.00 0.00 0.00 0.00 0.00 
65.00 0.00 0.00 0.00 0.00 0.00 
65.00 0.00 0.00 0.00 0.00 0.00 
64.75 0.00 0.00 0.00 0.00 0.00 
65.50 0.00 0.00 0.00 0.00 0.00 
65.50 0.00 0.00 0.00 0.00 0.00 
65.25 0.00 0.00 0.00 0.00 0.00 
65.75 0.00 0.00 0.00 0.00 0.00 
65.25 0.00 0.00 0.00 0.00 0.00 
65.25 0.00 0.00 0.00 0.00 0.00 
65.25 0.00 0.00 0.00 0.00 0.00 
65.75 0.00 0.00 0.00 0.00 0.00 
65.75 0.00 0.00 0.00 0.00 0.00 
65.50 0.00 0.00 0.00 0.00 0.00 
65.25 0.00 0.00 0.00 0.00 0.00 
65.75 0.00 0.00 0.00 0.00 0.00 
65.50 0.00 0.00 0.00 0.00 0.00 
65.75 0.00 0.00 0.00 0.00 0.00 
65.75 0.00 0.00 0.00 0.00 0.00 
65.75 0.00 0.00 0.00 0.00 0.00 
65.25 0.00 0.00 0.00 0.00 0.00 
65.25 0.00 0.00 0.00 0.00 0.00 
65.25 0.00 0.00 0.00 0.00 0.00 
65.50 0.00 0.00 0.00 0.00 0.00 
65.75 0.00 0.00 0.00 0.00 0.00 
65.25 0.00 0.00 0.00 0.00 0.00 
65.75 0.00 0.00 0.00 0.00 0.00 
65.75 0.00 0.00 0.00 0.00 0.00 
65.50 0.00 0.00 0.00 0.00 0.00 
65.50 0.00 0.00 0.00 0.00 0.00 
65.75 0.00 0.00 0.00 0.00 0.00 
65.50 0.00 0.00 0.00 0.00 0.00 
65.50 0.00 0.00 0.00 0.00 0.00 
65.75 0.00 0.00 0.00 0.00 0.00 
65.50 0.00 0.00 0.00 0.00 0.00 
65.00 0.00 0.00 0.00 0.00 0.00 
65.50 0.00 0.00 0.00 0.00 0.00 
65.00 0.00 0.00 0.00 0.00 0.00 
65.25 0.00 0.00 0.00 0.00 0.00 
65.50 0.00 0.00 0.00 0.00 0.00 
65.25 0.00 0.00 0.00 0.00 0.00 
65.25 0.00 0.00 0.00 0.00 0.00 
65.25 0.00 0.00 0.00 0.00 0.00 
64.75 0.00 0.00 0.00 0.00 0.00 
65.25 0.00 0.00 0.00 0.00 0.00 
64.75 0.00 0.00 0.00 0.00 0.00 
65.00 0.00 0.00 0.00 0.00 0.00 
65.00 0.00 0.00 0.00 0.00 0.00 
65.25 0.00 0.00 0.00 0.00 0.00 
65.00 0.00 0.00 0.00 0.00 0.00 
65.00 0.00 0.00 0.00 0.00 0.00 
65.00 0.00 0.00 0.00 0.00 0.00 
65.25 0.00 0.00 0.00 0.00 0.00 
64.75 0.00 0.00 0.00 0.00 0.00 
65.00 0.00 0.00 0.00 0.00 0.00 
64.75 0.00 0.00 0.00 0.00 0.00 
65.00 0.00 0.00 0.00 0.00 0.00 
65.25 0.00 0.00 0.00 0.00 0.00 
64.25 0.00 0.00 0.00 0.00 0.00 
65.25 0.00 0.00 0.00 0.00 0.00 
64.75 0.00 0.00 0.00 0.00 0.00 
64.75 0.00 0.00 0.00 0.00 0.00 
64.25 0.00 0.00 0.00 0.00 0.00 
64.75 0.00 0.00 0.00 0.00 0.00 
64.75 0.00 0.00 0.00 0.00 0.00 
64.75 0.00 0.00 0.00 0.00 0.00 
64.75 0.00 0.00 0.00 0.00 0.00 
64.25 0.00 0.00 0.00 0.00 0.00 
64.75 0.00 0.00 0.00 0.00 0.00 
64.50 0.00 0.00 0.00 0.00 0.00 
64.25 0.00 0.00 0.00 0.00 0.00 
64.50 0.00 0.00 0.00 0.00 0.00 
64.25 0.00 0.00 0.00 0.00 0.00 
64.50 0.00 0.00 0.00 0.00 0.00 
64.50 0.00 0.00 0.00 0.00 0.00 
64.25 0.00 0.00 0.00 0.00 0.00 
63.75 0.00 0.00 0.00 0.00 0.00 
63.75 0.00 0.00 0.00 0.00 0.00 
64.50 0.00 0.00 0.00 0.00 0.00 
64.00 0.00 0.00 0.00 0.00 0.00 
64.00 0.00 0.00 0.00 0.00 0.00 
63.50 0.00 0.00 0.00 0.00 0.00 
63.50 0.00 0.00 0.00 0.00 0.00 
64.00 0.00 0.00 0.00 0.00 0.00 
64.00 0.00 0.00 0.00 0.00 0.00 
64.25 0.00 0.00 0.00 0.00 0.00 
63.75 0.00 0.00 0.00 0.00 0.00 
63.75 0.00 0.00 0.00 0.00 0.00 
63.00 0.00 0.00 0.00 0.00 0.00 
63.75 0.00 0.00 0.00 0.00 0.00 
63.75 0.00 0.00 0.00 0.00 0.00 
63.75 0.00 0.00 0.00 0.00 0.00 
63.50 0.00 0.00 0.00 0.00 0.00 
63.00 0.00 0.00 0.00 0.00 0.00 
63.75 0.00 0.00 0.00 0.00 0.00 
63.00 0.00 0.00 0.00 0.00 0.00 
62.75 0.00 0.00 0.00 0.00 0.00 
63.00 0.00 0.00 0.00 0.00 0.00 
63.50 0.00 0.00 0.00 0.00 0.00 
63.25 0.00 0.00 0.00 0.00 0.00 
63.25 0.00 0.00 0.00 0.00 0.00 
63.00 0.00 0.00 0.00 0.00 0.00 
63.00 0.00 0.00 0.00 0.00 0.00 
63.00 0.00 0.00 0.00 0.00 0.00 
62.50 0.00 0.00 0.00 0.00 0.00 
63.00 0.00 0.00 0.00 0.00 0.00 
next configured Process
updating setpoints
200 
63.25 0.00 0.00 0.00 0.00 0.00 
62.50 0.00 0.00 0.00 0.00 0.00 
62.50 0.00 0.00 0.00 0.00 0.00 
62.75 0.00 0.00 0.00 0.00 0.00 
62.75 0.00 0.00 0.00 0.00 0.00 
62.50 0.00 0.00 0.00 0.00 0.00 
62.75 0.00 0.00 0.00 0.00 0.00 
62.25 0.00 0.00 0.00 0.00 0.00 
62.75 0.00 0.00 0.00 0.00 0.00 
62.25 0.00 0.00 0.00 0.00 0.00 
62.50 0.00 0.00 0.00 0.00 0.00 
62.75 0.00 0.00 0.00 0.00 0.00 
62.50 0.00 0.00 0.00 0.00 0.00 
62.25 0.00 0.00 0.00 0.00 0.00 
62.50 0.00 0.00 0.00 0.00 0.00 
62.25 0.00 0.00 0.00 0.00 0.00 
62.25 0.00 0.00 0.00 0.00 0.00 
62.25 0.00 0.00 0.00 0.00 0.00 
62.00 0.00 0.00 0.00 0.00 0.00 
62.25 0.00 0.00 0.00 0.00 0.00 
61.75 0.00 0.00 0.00 0.00 0.00 
62.25 0.00 0.00 0.00 0.00 0.00 
61.75 0.00 0.00 0.00 0.00 0.00 
61.75 0.00 0.00 0.00 0.00 0.00 
62.25 0.00 0.00 0.00 0.00 0.00 
62.25 0.00 0.00 0.00 0.00 0.00 
62.25 0.00 0.00 0.00 0.00 0.00 
62.25 0.00 0.00 0.00 0.00 0.00 
61.75 0.00 0.00 0.00 0.00 0.00 
62.00 0.00 0.00 0.00 0.00 0.00 
62.00 0.00 0.00 0.00 0.00 0.00 
61.75 0.00 0.00 0.00 0.00 0.00 
62.00 0.00 0.00 0.00 0.00 0.00 
62.00 0.00 0.00 0.00 0.00 0.00 
61.50 0.00 0.00 0.00 0.00 0.00 
62.00 0.00 0.00 0.00 0.00 0.00 
62.00 0.00 0.00 0.00 0.00 0.00 
61.25 0.00 0.00 0.00 0.00 0.00 
61.25 0.00 0.00 0.00 0.00 0.00 
61.50 0.00 0.00 0.00 0.00 0.00 
61.75 0.00 0.00 0.00 0.00 0.00 
61.50 0.00 0.00 0.00 0.00 0.00 
61.75 0.00 0.00 0.00 0.00 0.00 
61.25 0.00 0.00 0.00 0.00 0.00 
61.50 0.00 0.00 0.00 0.00 0.00 
61.75 0.00 0.00 0.00 0.00 0.00 
61.50 0.00 0.00 0.00 0.00 0.00 
61.25 0.00 0.00 0.00 0.00 0.00 
61.75 0.00 0.00 0.00 0.00 0.00 
61.00 0.00 0.00 0.00 0.00 0.00 
61.75 0.00 0.00 0.00 0.00 0.00 
61.25 0.00 0.00 0.00 0.00 0.00 
61.50 0.00 0.00 0.00 0.00 0.00 
61.25 0.00 0.00 0.00 0.00 0.00 
61.75 0.00 0.00 0.00 0.00 0.00 
61.50 0.00 0.00 0.00 0.00 0.00 
61.75 0.00 0.00 0.00 0.00 0.00 
61.75 0.00 0.00 0.00 0.00 0.00 
61.50 0.00 0.00 0.00 0.00 0.00 
61.75 0.00 0.00 0.00 0.00 0.00 
61.75 0.00 0.00 0.00 0.00 0.00 
61.75 0.00 0.00 0.00 0.00 0.00 
61.50 0.00 0.00 0.00 0.00 0.00 
61.75 0.00 0.00 0.00 0.00 0.00 
61.50 0.00 0.00 0.00 0.00 0.00 
61.25 0.00 0.00 0.00 0.00 0.00 
61.75 0.00 0.00 0.00 0.00 0.00 
61.50 0.00 0.00 0.00 0.00 0.00 
61.75 0.00 0.00 0.00 0.00 0.00 
61.50 0.00 0.00 0.00 0.00 0.00 
61.75 0.00 0.00 0.00 0.00 0.00 
61.75 0.00 0.00 0.00 0.00 0.00 
61.75 0.00 0.00 0.00 0.00 0.00 
62.00 0.00 0.00 0.00 0.00 0.00 
61.75 0.00 0.00 0.00 0.00 0.00 
61.25 0.00 0.00 0.00 0.00 0.00 
62.00 0.00 0.00 0.00 0.00 0.00 
61.75 0.00 0.00 0.00 0.00 0.00 
62.00 0.00 0.00 0.00 0.00 0.00 
62.00 0.00 0.00 0.00 0.00 0.00 
61.75 0.00 0.00 0.00 0.00 0.00 
62.25 0.00 0.00 0.00 0.00 0.00 
62.25 0.00 0.00 0.00 0.00 0.00 
61.75 0.00 0.00 0.00 0.00 0.00 
62.25 0.00 0.00 0.00 0.00 0.00 
62.50 0.00 0.00 0.00 0.00 0.00 
62.25 0.00 0.00 0.00 0.00 0.00 
62.25 0.00 0.00 0.00 0.00 0.00 
62.50 0.00 0.00 0.00 0.00 0.00 
62.50 0.00 0.00 0.00 0.00 0.00 
62.50 0.00 0.00 0.00 0.00 0.00 
62.75 0.00 0.00 0.00 0.00 0.00 
62.50 0.00 0.00 0.00 0.00 0.00 
63.00 0.00 0.00 0.00 0.00 0.00 
62.50 0.00 0.00 0.00 0.00 0.00 
62.50 0.00 0.00 0.00 0.00 0.00 
63.00 0.00 0.00 0.00 0.00 0.00 
62.25 0.00 0.00 0.00 0.00 0.00 
63.25 0.00 0.00 0.00 0.00 0.00 
63.50 0.00 0.00 0.00 0.00 0.00 
63.50 0.00 0.00 0.00 0.00 0.00 
63.00 0.00 0.00 0.00 0.00 0.00 
63.50 0.00 0.00 0.00 0.00 0.00 
63.50 0.00 0.00 0.00 0.00 0.00 
63.75 0.00 0.00 0.00 0.00 0.00 
63.50 0.00 0.00 0.00 0.00 0.00 
63.50 0.00 0.00 0.00 0.00 0.00 
63.50 0.00 0.00 0.00 0.00 0.00 
64.25 0.00 0.00 0.00 0.00 0.00 
64.00 0.00 0.00 0.00 0.00 0.00 
64.00 0.00 0.00 0.00 0.00 0.00 
64.25 0.00 0.00 0.00 0.00 0.00 
64.00 0.00 0.00 0.00 0.00 0.00 
64.25 0.00 0.00 0.00 0.00 0.00 
64.50 0.00 0.00 0.00 0.00 0.00 
64.75 0.00 0.00 0.00 0.00 0.00 
64.75 0.00 0.00 0.00 0.00 0.00 
64.75 0.00 0.00 0.00 0.00 0.00 
64.75 0.00 0.00 0.00 0.00 0.00 
64.75 0.00 0.00 0.00 0.00 0.00 
65.25 0.00 0.00 0.00 0.00 0.00 
65.25 0.00 0.00 0.00 0.00 0.00 
65.00 0.00 0.00 0.00 0.00 0.00 
65.50 0.00 0.00 0.00 0.00 0.00 
65.25 0.00 0.00 0.00 0.00 0.00 
65.25 0.00 0.00 0.00 0.00 0.00 
65.75 0.00 0.00 0.00 0.00 0.00 
65.50 0.00 0.00 0.00 0.00 0.00 
66.00 0.00 0.00 0.00 0.00 0.00 
66.00 0.00 0.00 0.00 0.00 0.00 
66.25 0.00 0.00 0.00 0.00 0.00 
66.25 0.00 0.00 0.00 0.00 0.00 
66.50 0.00 0.00 0.00 0.00 0.00 
66.50 0.00 0.00 0.00 0.00 0.00 
67.00 0.00 0.00 0.00 0.00 0.00 
65.75 0.00 0.00 0.00 0.00 0.00 
67.00 0.00 0.00 0.00 0.00 0.00 
67.25 0.00 0.00 0.00 0.00 0.00 
66.25 0.00 0.00 0.00 0.00 0.00 
66.75 0.00 0.00 0.00 0.00 0.00 
67.50 0.00 0.00 0.00 0.00 0.00 
67.75 0.00 0.00 0.00 0.00 0.00 
67.75 0.00 0.00 0.00 0.00 0.00 
68.00 0.00 0.00 0.00 0.00 0.00 
67.50 0.00 0.00 0.00 0.00 0.00 
67.50 0.00 0.00 0.00 0.00 0.00 
68.00 0.00 0.00 0.00 0.00 0.00 
68.25 0.00 0.00 0.00 0.00 0.00 
67.75 0.00 0.00 0.00 0.00 0.00 
68.75 0.00 0.00 0.00 0.00 0.00 
68.25 0.00 0.00 0.00 0.00 0.00 
69.00 0.00 0.00 0.00 0.00 0.00 
69.00 0.00 0.00 0.00 0.00 0.00 
68.75 0.00 0.00 0.00 0.00 0.00 
69.25 0.00 0.00 0.00 0.00 0.00 
69.25 0.00 0.00 0.00 0.00 0.00 
69.50 0.00 0.00 0.00 0.00 0.00 
69.00 0.00 0.00 0.00 0.00 0.00 
69.75 0.00 0.00 0.00 0.00 0.00 
70.00 0.00 0.00 0.00 0.00 0.00 
70.00 0.00 0.00 0.00 0.00 0.00 
70.00 0.00 0.00 0.00 0.00 0.00 
70.25 0.00 0.00 0.00 0.00 0.00 
70.50 0.00 0.00 0.00 0.00 0.00 
70.75 0.00 0.00 0.00 0.00 0.00 
70.75 0.00 0.00 0.00 0.00 0.00 
70.75 0.00 0.00 0.00 0.00 0.00 
71.25 0.00 0.00 0.00 0.00 0.00 
71.25 0.00 0.00 0.00 0.00 0.00 
71.25 0.00 0.00 0.00 0.00 0.00 
71.50 0.00 0.00 0.00 0.00 0.00 
71.50 0.00 0.00 0.00 0.00 0.00 
71.75 0.00 0.00 0.00 0.00 0.00 
71.75 0.00 0.00 0.00 0.00 0.00 
71.75 0.00 0.00 0.00 0.00 0.00 
72.25 0.00 0.00 0.00 0.00 0.00 
72.50 0.00 0.00 0.00 0.00 0.00 
72.50 0.00 0.00 0.00 0.00 0.00 
72.75 0.00 0.00 0.00 0.00 0.00 
72.50 0.00 0.00 0.00 0.00 0.00 
73.25 0.00 0.00 0.00 0.00 0.00 
73.25 0.00 0.00 0.00 0.00 0.00 
73.50 0.00 0.00 0.00 0.00 0.00 
73.25 0.00 0.00 0.00 0.00 0.00 
73.75 0.00 0.00 0.00 0.00 0.00 
73.75 0.00 0.00 0.00 0.00 0.00 
73.75 0.00 0.00 0.00 0.00 0.00 
74.25 0.00 0.00 0.00 0.00 0.00 
74.25 0.00 0.00 0.00 0.00 0.00 
74.25 0.00 0.00 0.00 0.00 0.00 
74.75 0.00 0.00 0.00 0.00 0.00 
74.25 0.00 0.00 0.00 0.00 0.00 
75.00 0.00 0.00 0.00 0.00 0.00 
75.00 0.00 0.00 0.00 0.00 0.00 
75.00 0.00 0.00 0.00 0.00 0.00 
75.25 0.00 0.00 0.00 0.00 0.00 
75.50 0.00 0.00 0.00 0.00 0.00 
75.50 0.00 0.00 0.00 0.00 0.00 
75.25 0.00 0.00 0.00 0.00 0.00 
75.50 0.00 0.00 0.00 0.00 0.00 
76.00 0.00 0.00 0.00 0.00 0.00 
76.25 0.00 0.00 0.00 0.00 0.00 
76.25 0.00 0.00 0.00 0.00 0.00 
76.00 0.00 0.00 0.00 0.00 0.00 
76.75 0.00 0.00 0.00 0.00 0.00 
76.50 0.00 0.00 0.00 0.00 0.00 
76.75 0.00 0.00 0.00 0.00 0.00 
77.25 0.00 0.00 0.00 0.00 0.00 
77.25 0.00 0.00 0.00 0.00 0.00 
77.50 0.00 0.00 0.00 0.00 0.00 
77.00 0.00 0.00 0.00 0.00 0.00 
77.25 0.00 0.00 0.00 0.00 0.00 
77.75 0.00 0.00 0.00 0.00 0.00 
77.75 0.00 0.00 0.00 0.00 0.00 
77.25 0.00 0.00 0.00 0.00 0.00 
78.25 0.00 0.00 0.00 0.00 0.00 
78.25 0.00 0.00 0.00 0.00 0.00 
78.50 0.00 0.00 0.00 0.00 0.00 
78.75 0.00 0.00 0.00 0.00 0.00 
79.00 0.00 0.00 0.00 0.00 0.00 
79.00 0.00 0.00 0.00 0.00 0.00 
79.00 0.00 0.00 0.00 0.00 0.00 
79.25 0.00 0.00 0.00 0.00 0.00 
79.50 0.00 0.00 0.00 0.00 0.00 
79.00 0.00 0.00 0.00 0.00 0.00 
79.75 0.00 0.00 0.00 0.00 0.00 
79.00 0.00 0.00 0.00 0.00 0.00 
79.50 0.00 0.00 0.00 0.00 0.00 
80.00 0.00 0.00 0.00 0.00 0.00 
79.75 0.00 0.00 0.00 0.00 0.00 
80.50 0.00 0.00 0.00 0.00 0.00 
80.00 0.00 0.00 0.00 0.00 0.00 
80.75 0.00 0.00 0.00 0.00 0.00 
80.50 0.00 0.00 0.00 0.00 0.00 
81.00 0.00 0.00 0.00 0.00 0.00 
81.00 0.00 0.00 0.00 0.00 0.00 
81.25 0.00 0.00 0.00 0.00 0.00 
81.25 0.00 0.00 0.00 0.00 0.00 
81.25 0.00 0.00 0.00 0.00 0.00 
81.75 0.00 0.00 0.00 0.00 0.00 
82.00 0.00 0.00 0.00 0.00 0.00 
81.75 0.00 0.00 0.00 0.00 0.00 
82.50 0.00 0.00 0.00 0.00 0.00 
82.25 0.00 0.00 0.00 0.00 0.00 
82.50 0.00 0.00 0.00 0.00 0.00 
82.25 0.00 0.00 0.00 0.00 0.00 
83.00 0.00 0.00 0.00 0.00 0.00 
82.75 0.00 0.00 0.00 0.00 0.00 
83.00 0.00 0.00 0.00 0.00 0.00 
83.50 0.00 0.00 0.00 0.00 0.00 
83.50 0.00 0.00 0.00 0.00 0.00 
83.75 0.00 0.00 0.00 0.00 0.00 
83.50 0.00 0.00 0.00 0.00 0.00 
84.00 0.00 0.00 0.00 0.00 0.00 
84.00 0.00 0.00 0.00 0.00 0.00 
83.75 0.00 0.00 0.00 0.00 0.00 
84.00 0.00 0.00 0.00 0.00 0.00 
84.50 0.00 0.00 0.00 0.00 0.00 
84.75 0.00 0.00 0.00 0.00 0.00 
85.00 0.00 0.00 0.00 0.00 0.00 
85.00 0.00 0.00 0.00 0.00 0.00 
85.00 0.00 0.00 0.00 0.00 0.00 
85.25 0.00 0.00 0.00 0.00 0.00 
85.25 0.00 0.00 0.00 0.00 0.00 
84.75 0.00 0.00 0.00 0.00 0.00 
85.50 0.00 0.00 0.00 0.00 0.00 
85.75 0.00 0.00 0.00 0.00 0.00 
86.00 0.00 0.00 0.00 0.00 0.00 
86.25 0.00 0.00 0.00 0.00 0.00 
86.25 0.00 0.00 0.00 0.00 0.00 
86.50 0.00 0.00 0.00 0.00 0.00 
86.75 0.00 0.00 0.00 0.00 0.00 
86.50 0.00 0.00 0.00 0.00 0.00 
86.75 0.00 0.00 0.00 0.00 0.00 
87.00 0.00 0.00 0.00 0.00 0.00 
87.00 0.00 0.00 0.00 0.00 0.00 
86.75 0.00 0.00 0.00 0.00 0.00 
87.00 0.00 0.00 0.00 0.00 0.00 
87.50 0.00 0.00 0.00 0.00 0.00 
87.50 0.00 0.00 0.00 0.00 0.00 
87.75 0.00 0.00 0.00 0.00 0.00 
88.00 0.00 0.00 0.00 0.00 0.00 
87.00 0.00 0.00 0.00 0.00 0.00 
88.25 0.00 0.00 0.00 0.00 0.00 
88.25 0.00 0.00 0.00 0.00 0.00 
88.50 0.00 0.00 0.00 0.00 0.00 
88.00 0.00 0.00 0.00 0.00 0.00 
88.50 0.00 0.00 0.00 0.00 0.00 
88.25 0.00 0.00 0.00 0.00 0.00 
89.00 0.00 0.00 0.00 0.00 0.00 
89.25 0.00 0.00 0.00 0.00 0.00 
89.25 0.00 0.00 0.00 0.00 0.00 
89.50 0.00 0.00 0.00 0.00 0.00 
89.75 0.00 0.00 0.00 0.00 0.00 
89.25 0.00 0.00 0.00 0.00 0.00 
89.25 0.00 0.00 0.00 0.00 0.00 
90.00 0.00 0.00 0.00 0.00 0.00 
89.75 0.00 0.00 0.00 0.00 0.00 
90.25 0.00 0.00 0.00 0.00 0.00 
90.00 0.00 0.00 0.00 0.00 0.00 
90.25 0.00 0.00 0.00 0.00 0.00 
90.75 0.00 0.00 0.00 0.00 0.00 
90.25 0.00 0.00 0.00 0.00 0.00 
91.00 0.00 0.00 0.00 0.00 0.00 
90.50 0.00 0.00 0.00 0.00 0.00 
91.25 0.00 0.00 0.00 0.00 0.00 
91.25 0.00 0.00 0.00 0.00 0.00 
91.25 0.00 0.00 0.00 0.00 0.00 
90.75 0.00 0.00 0.00 0.00 0.00 
91.25 0.00 0.00 0.00 0.00 0.00 
91.50 0.00 0.00 0.00 0.00 0.00 
91.25 0.00 0.00 0.00 0.00 0.00 
92.00 0.00 0.00 0.00 0.00 0.00 
91.75 0.00 0.00 0.00 0.00 0.00 
92.25 0.00 0.00 0.00 0.00 0.00 
92.50 0.00 0.00 0.00 0.00 0.00 
92.50 0.00 0.00 0.00 0.00 0.00 
92.00 0.00 0.00 0.00 0.00 0.00 
92.25 0.00 0.00 0.00 0.00 0.00 
92.75 0.00 0.00 0.00 0.00 0.00 
93.00 0.00 0.00 0.00 0.00 0.00 
93.25 0.00 0.00 0.00 0.00 0.00 
93.00 0.00 0.00 0.00 0.00 0.00 
93.50 0.00 0.00 0.00 0.00 0.00 
93.25 0.00 0.00 0.00 0.00 0.00 
93.50 0.00 0.00 0.00 0.00 0.00 
94.00 0.00 0.00 0.00 0.00 0.00 
94.00 0.00 0.00 0.00 0.00 0.00 
93.75 0.00 0.00 0.00 0.00 0.00 
94.25 0.00 0.00 0.00 0.00 0.00 
94.50 0.00 0.00 0.00 0.00 0.00 
93.50 0.00 0.00 0.00 0.00 0.00 
94.75 0.00 0.00 0.00 0.00 0.00 
94.75 0.00 0.00 0.00 0.00 0.00 
94.50 0.00 0.00 0.00 0.00 0.00 
94.75 0.00 0.00 0.00 0.00 0.00 
95.25 0.00 0.00 0.00 0.00 0.00 
95.00 0.00 0.00 0.00 0.00 0.00 
95.50 0.00 0.00 0.00 0.00 0.00 
95.50 0.00 0.00 0.00 0.00 0.00 
96.00 0.00 0.00 0.00 0.00 0.00 
95.75 0.00 0.00 0.00 0.00 0.00 
96.00 0.00 0.00 0.00 0.00 0.00 
95.75 0.00 0.00 0.00 0.00 0.00 
96.00 0.00 0.00 0.00 0.00 0.00 
96.50 0.00 0.00 0.00 0.00 0.00 
96.00 0.00 0.00 0.00 0.00 0.00 
96.25 0.00 0.00 0.00 0.00 0.00 
96.75 0.00 0.00 0.00 0.00 0.00 
96.75 0.00 0.00 0.00 0.00 0.00 
96.00 0.00 0.00 0.00 0.00 0.00 
97.25 0.00 0.00 0.00 0.00 0.00 
97.00 0.00 0.00 0.00 0.00 0.00 
96.75 0.00 0.00 0.00 0.00 0.00 
97.75 0.00 0.00 0.00 0.00 0.00 
97.50 0.00 0.00 0.00 0.00 0.00 
97.50 0.00 0.00 0.00 0.00 0.00 
97.75 0.00 0.00 0.00 0.00 0.00 
98.00 0.00 0.00 0.00 0.00 0.00 
98.25 0.00 0.00 0.00 0.00 0.00 
98.25 0.00 0.00 0.00 0.00 0.00 
98.25 0.00 0.00 0.00 0.00 0.00 
98.25 0.00 0.00 0.00 0.00 0.00 
98.00 0.00 0.00 0.00 0.00 0.00 
98.25 0.00 0.00 0.00 0.00 0.00 
98.25 0.00 0.00 0.00 0.00 0.00 
98.75 0.00 0.00 0.00 0.00 0.00 
98.00 0.00 0.00 0.00 0.00 0.00 
99.00 0.00 0.00 0.00 0.00 0.00 
99.25 0.00 0.00 0.00 0.00 0.00 
99.00 0.00 0.00 0.00 0.00 0.00 
99.00 0.00 0.00 0.00 0.00 0.00 
99.00 0.00 0.00 0.00 0.00 0.00 
99.50 0.00 0.00 0.00 0.00 0.00 
99.75 0.00 0.00 0.00 0.00 0.00 
99.75 0.00 0.00 0.00 0.00 0.00 
100.00 0.00 0.00 0.00 0.00 0.00 
100.00 0.00 0.00 0.00 0.00 0.00 
100.25 0.00 0.00 0.00 0.00 0.00 
100.25 0.00 0.00 0.00 0.00 0.00 
100.00 0.00 0.00 0.00 0.00 0.00 
100.50 0.00 0.00 0.00 0.00 0.00 
100.75 0.00 0.00 0.00 0.00 0.00 
100.50 0.00 0.00 0.00 0.00 0.00 
101.00 0.00 0.00 0.00 0.00 0.00 
100.75 0.00 0.00 0.00 0.00 0.00 
101.25 0.00 0.00 0.00 0.00 0.00 
101.00 0.00 0.00 0.00 0.00 0.00 
101.50 0.00 0.00 0.00 0.00 0.00 
101.25 0.00 0.00 0.00 0.00 0.00 
101.75 0.00 0.00 0.00 0.00 0.00 
101.75 0.00 0.00 0.00 0.00 0.00 
101.75 0.00 0.00 0.00 0.00 0.00 
102.00 0.00 0.00 0.00 0.00 0.00 
102.25 0.00 0.00 0.00 0.00 0.00 
102.25 0.00 0.00 0.00 0.00 0.00 
102.25 0.00 0.00 0.00 0.00 0.00 
102.50 0.00 0.00 0.00 0.00 0.00 
102.50 0.00 0.00 0.00 0.00 0.00 
103.00 0.00 0.00 0.00 0.00 0.00 
102.75 0.00 0.00 0.00 0.00 0.00 
103.00 0.00 0.00 0.00 0.00 0.00 
103.25 0.00 0.00 0.00 0.00 0.00 
103.25 0.00 0.00 0.00 0.00 0.00 
103.25 0.00 0.00 0.00 0.00 0.00 
103.50 0.00 0.00 0.00 0.00 0.00 
103.75 0.00 0.00 0.00 0.00 0.00 
103.50 0.00 0.00 0.00 0.00 0.00 
103.50 0.00 0.00 0.00 0.00 0.00 
104.00 0.00 0.00 0.00 0.00 0.00 
104.25 0.00 0.00 0.00 0.00 0.00 
103.75 0.00 0.00 0.00 0.00 0.00 
104.50 0.00 0.00 0.00 0.00 0.00 
104.50 0.00 0.00 0.00 0.00 0.00 
104.75 0.00 0.00 0.00 0.00 0.00 
104.75 0.00 0.00 0.00 0.00 0.00 
105.00 0.00 0.00 0.00 0.00 0.00 
105.00 0.00 0.00 0.00 0.00 0.00 
105.00 0.00 0.00 0.00 0.00 0.00 
105.25 0.00 0.00 0.00 0.00 0.00 
105.25 0.00 0.00 0.00 0.00 0.00 
105.50 0.00 0.00 0.00 0.00 0.00 
105.50 0.00 0.00 0.00 0.00 0.00 
105.75 0.00 0.00 0.00 0.00 0.00 
105.75 0.00 0.00 0.00 0.00 0.00 
106.00 0.00 0.00 0.00 0.00 0.00 
105.75 0.00 0.00 0.00 0.00 0.00 
105.50 0.00 0.00 0.00 0.00 0.00 
106.25 0.00 0.00 0.00 0.00 0.00 
106.25 0.00 0.00 0.00 0.00 0.00 
106.50 0.00 0.00 0.00 0.00 0.00 
106.75 0.00 0.00 0.00 0.00 0.00 
106.50 0.00 0.00 0.00 0.00 0.00 
106.75 0.00 0.00 0.00 0.00 0.00 
107.00 0.00 0.00 0.00 0.00 0.00 
107.00 0.00 0.00 0.00 0.00 0.00 
107.25 0.00 0.00 0.00 0.00 0.00 
107.25 0.00 0.00 0.00 0.00 0.00 
107.50 0.00 0.00 0.00 0.00 0.00 
107.50 0.00 0.00 0.00 0.00 0.00 
107.50 0.00 0.00 0.00 0.00 0.00 
107.50 0.00 0.00 0.00 0.00 0.00 
107.75 0.00 0.00 0.00 0.00 0.00 
108.00 0.00 0.00 0.00 0.00 0.00 
108.00 0.00 0.00 0.00 0.00 0.00 
108.50 0.00 0.00 0.00 0.00 0.00 
108.25 0.00 0.00 0.00 0.00 0.00 
108.50 0.00 0.00 0.00 0.00 0.00 
108.00 0.00 0.00 0.00 0.00 0.00 
108.75 0.00 0.00 0.00 0.00 0.00 
108.75 0.00 0.00 0.00 0.00 0.00 
109.00 0.00 0.00 0.00 0.00 0.00 
108.75 0.00 0.00 0.00 0.00 0.00 
109.25 0.00 0.00 0.00 0.00 0.00 
109.00 0.00 0.00 0.00 0.00 0.00 
109.50 0.00 0.00 0.00 0.00 0.00 
109.50 0.00 0.00 0.00 0.00 0.00 
109.50 0.00 0.00 0.00 0.00 0.00 
109.75 0.00 0.00 0.00 0.00 0.00 
110.00 0.00 0.00 0.00 0.00 0.00 
109.75 0.00 0.00 0.00 0.00 0.00 
110.25 0.00 0.00 0.00 0.00 0.00 
110.25 0.00 0.00 0.00 0.00 0.00 
109.50 0.00 0.00 0.00 0.00 0.00 
110.25 0.00 0.00 0.00 0.00 0.00 
110.75 0.00 0.00 0.00 0.00 0.00 
110.75 0.00 0.00 0.00 0.00 0.00 
110.75 0.00 0.00 0.00 0.00 0.00 
111.00 0.00 0.00 0.00 0.00 0.00 
110.50 0.00 0.00 0.00 0.00 0.00 
111.25 0.00 0.00 0.00 0.00 0.00 
111.25 0.00 0.00 0.00 0.00 0.00 
111.00 0.00 0.00 0.00 0.00 0.00 
111.50 0.00 0.00 0.00 0.00 0.00 
111.75 0.00 0.00 0.00 0.00 0.00 
111.75 0.00 0.00 0.00 0.00 0.00 
111.75 0.00 0.00 0.00 0.00 0.00 
112.25 0.00 0.00 0.00 0.00 0.00 
112.25 0.00 0.00 0.00 0.00 0.00 
111.75 0.00 0.00 0.00 0.00 0.00 
112.50 0.00 0.00 0.00 0.00 0.00 
112.50 0.00 0.00 0.00 0.00 0.00 
112.50 0.00 0.00 0.00 0.00 0.00 
112.75 0.00 0.00 0.00 0.00 0.00 
112.25 0.00 0.00 0.00 0.00 0.00 
112.50 0.00 0.00 0.00 0.00 0.00 
113.00 0.00 0.00 0.00 0.00 0.00 
113.25 0.00 0.00 0.00 0.00 0.00 
113.50 0.00 0.00 0.00 0.00 0.00 
113.00 0.00 0.00 0.00 0.00 0.00 
113.75 0.00 0.00 0.00 0.00 0.00 
114.00 0.00 0.00 0.00 0.00 0.00 
113.50 0.00 0.00 0.00 0.00 0.00 
113.00 0.00 0.00 0.00 0.00 0.00 
113.75 0.00 0.00 0.00 0.00 0.00 
114.25 0.00 0.00 0.00 0.00 0.00 
114.50 0.00 0.00 0.00 0.00 0.00 
114.75 0.00 0.00 0.00 0.00 0.00 
114.75 0.00 0.00 0.00 0.00 0.00 
114.75 0.00 0.00 0.00 0.00 0.00 
114.75 0.00 0.00 0.00 0.00 0.00 
114.50 0.00 0.00 0.00 0.00 0.00 
115.00 0.00 0.00 0.00 0.00 0.00 
115.25 0.00 0.00 0.00 0.00 0.00 
115.25 0.00 0.00 0.00 0.00 0.00 
115.75 0.00 0.00 0.00 0.00 0.00 
115.25 0.00 0.00 0.00 0.00 0.00 
115.25 0.00 0.00 0.00 0.00 0.00 
115.75 0.00 0.00 0.00 0.00 0.00 
115.50 0.00 0.00 0.00 0.00 0.00 
116.00 0.00 0.00 0.00 0.00 0.00 
115.75 0.00 0.00 0.00 0.00 0.00 
116.25 0.00 0.00 0.00 0.00 0.00 
116.25 0.00 0.00 0.00 0.00 0.00 
116.25 0.00 0.00 0.00 0.00 0.00 
116.50 0.00 0.00 0.00 0.00 0.00 
116.75 0.00 0.00 0.00 0.00 0.00 
116.75 0.00 0.00 0.00 0.00 0.00 
116.50 0.00 0.00 0.00 0.00 0.00 
117.00 0.00 0.00 0.00 0.00 0.00 
117.00 0.00 0.00 0.00 0.00 0.00 
117.50 0.00 0.00 0.00 0.00 0.00 
117.00 0.00 0.00 0.00 0.00 0.00 
117.25 0.00 0.00 0.00 0.00 0.00 
117.50 0.00 0.00 0.00 0.00 0.00 
117.75 0.00 0.00 0.00 0.00 0.00 
118.00 0.00 0.00 0.00 0.00 0.00 
117.50 0.00 0.00 0.00 0.00 0.00 
118.00 0.00 0.00 0.00 0.00 0.00 
118.25 0.00 0.00 0.00 0.00 0.00 
118.50 0.00 0.00 0.00 0.00 0.00 
118.00 0.00 0.00 0.00 0.00 0.00 
118.50 0.00 0.00 0.00 0.00 0.00 
118.25 0.00 0.00 0.00 0.00 0.00 
119.00 0.00 0.00 0.00 0.00 0.00 
119.00 0.00 0.00 0.00 0.00 0.00 
119.00 0.00 0.00 0.00 0.00 0.00 
119.25 0.00 0.00 0.00 0.00 0.00 
119.50 0.00 0.00 0.00 0.00 0.00 
119.50 0.00 0.00 0.00 0.00 0.00 
119.75 0.00 0.00 0.00 0.00 0.00 
119.50 0.00 0.00 0.00 0.00 0.00 
119.75 0.00 0.00 0.00 0.00 0.00 
119.50 0.00 0.00 0.00 0.00 0.00 
120.00 0.00 0.00 0.00 0.00 0.00 
120.25 0.00 0.00 0.00 0.00 0.00 
120.25 0.00 0.00 0.00 0.00 0.00 
120.50 0.00 0.00 0.00 0.00 0.00 
120.50 0.00 0.00 0.00 0.00 0.00 
120.25 0.00 0.00 0.00 0.00 0.00 
120.75 0.00 0.00 0.00 0.00 0.00 
120.50 0.00 0.00 0.00 0.00 0.00 
120.50 0.00 0.00 0.00 0.00 0.00 
121.50 0.00 0.00 0.00 0.00 0.00 
121.00 0.00 0.00 0.00 0.00 0.00 
121.50 0.00 0.00 0.00 0.00 0.00 
121.75 0.00 0.00 0.00 0.00 0.00 
121.50 0.00 0.00 0.00 0.00 0.00 
121.75 0.00 0.00 0.00 0.00 0.00 
121.75 0.00 0.00 0.00 0.00 0.00 
122.00 0.00 0.00 0.00 0.00 0.00 
122.25 0.00 0.00 0.00 0.00 0.00 
122.50 0.00 0.00 0.00 0.00 0.00 
122.25 0.00 0.00 0.00 0.00 0.00 
122.50 0.00 0.00 0.00 0.00 0.00 
122.25 0.00 0.00 0.00 0.00 0.00 
122.75 0.00 0.00 0.00 0.00 0.00 
122.50 0.00 0.00 0.00 0.00 0.00 
123.00 0.00 0.00 0.00 0.00 0.00 
123.25 0.00 0.00 0.00 0.00 0.00 
123.75 0.00 0.00 0.00 0.00 0.00 
123.25 0.00 0.00 0.00 0.00 0.00 
123.50 0.00 0.00 0.00 0.00 0.00 
123.75 0.00 0.00 0.00 0.00 0.00 
123.75 0.00 0.00 0.00 0.00 0.00 
123.75 0.00 0.00 0.00 0.00 0.00 
123.75 0.00 0.00 0.00 0.00 0.00 
124.25 0.00 0.00 0.00 0.00 0.00 
124.25 0.00 0.00 0.00 0.00 0.00 
124.00 0.00 0.00 0.00 0.00 0.00 
124.50 0.00 0.00 0.00 0.00 0.00 
124.75 0.00 0.00 0.00 0.00 0.00 
124.75 0.00 0.00 0.00 0.00 0.00 
124.75 0.00 0.00 0.00 0.00 0.00 
124.50 0.00 0.00 0.00 0.00 0.00 
124.75 0.00 0.00 0.00 0.00 0.00 
125.00 0.00 0.00 0.00 0.00 0.00 
125.50 0.00 0.00 0.00 0.00 0.00 
125.00 0.00 0.00 0.00 0.00 0.00 
125.75 0.00 0.00 0.00 0.00 0.00 
125.75 0.00 0.00 0.00 0.00 0.00 
125.75 0.00 0.00 0.00 0.00 0.00 
126.00 0.00 0.00 0.00 0.00 0.00 
126.00 0.00 0.00 0.00 0.00 0.00 
126.25 0.00 0.00 0.00 0.00 0.00 
126.00 0.00 0.00 0.00 0.00 0.00 
126.00 0.00 0.00 0.00 0.00 0.00 
126.50 0.00 0.00 0.00 0.00 0.00 
126.75 0.00 0.00 0.00 0.00 0.00 
126.75 0.00 0.00 0.00 0.00 0.00 
126.75 0.00 0.00 0.00 0.00 0.00 
127.25 0.00 0.00 0.00 0.00 0.00 
126.75 0.00 0.00 0.00 0.00 0.00 
127.00 0.00 0.00 0.00 0.00 0.00 
127.50 0.00 0.00 0.00 0.00 0.00 
127.50 0.00 0.00 0.00 0.00 0.00 
127.75 0.00 0.00 0.00 0.00 0.00 
127.00 0.00 0.00 0.00 0.00 0.00 
128.25 0.00 0.00 0.00 0.00 0.00 
128.00 0.00 0.00 0.00 0.00 0.00 
127.75 0.00 0.00 0.00 0.00 0.00 
128.50 0.00 0.00 0.00 0.00 0.00 
128.50 0.00 0.00 0.00 0.00 0.00 
128.75 0.00 0.00 0.00 0.00 0.00 
128.75 0.00 0.00 0.00 0.00 0.00 
129.00 0.00 0.00 0.00 0.00 0.00 
129.25 0.00 0.00 0.00 0.00 0.00 
129.00 0.00 0.00 0.00 0.00 0.00 
129.25 0.00 0.00 0.00 0.00 0.00 
129.50 0.00 0.00 0.00 0.00 0.00 
129.75 0.00 0.00 0.00 0.00 0.00 
129.25 0.00 0.00 0.00 0.00 0.00 
129.75 0.00 0.00 0.00 0.00 0.00 
129.50 0.00 0.00 0.00 0.00 0.00 
129.75 0.00 0.00 0.00 0.00 0.00 
130.25 0.00 0.00 0.00 0.00 0.00 
130.25 0.00 0.00 0.00 0.00 0.00 
130.25 0.00 0.00 0.00 0.00 0.00 
130.25 0.00 0.00 0.00 0.00 0.00 
130.00 0.00 0.00 0.00 0.00 0.00 
130.75 0.00 0.00 0.00 0.00 0.00 
130.75 0.00 0.00 0.00 0.00 0.00 
130.50 0.00 0.00 0.00 0.00 0.00 
130.75 0.00 0.00 0.00 0.00 0.00 
131.25 0.00 0.00 0.00 0.00 0.00 
131.00 0.00 0.00 0.00 0.00 0.00 
131.50 0.00 0.00 0.00 0.00 0.00 
131.75 0.00 0.00 0.00 0.00 0.00 
131.75 0.00 0.00 0.00 0.00 0.00 
132.00 0.00 0.00 0.00 0.00 0.00 
132.00 0.00 0.00 0.00 0.00 0.00 
132.25 0.00 0.00 0.00 0.00 0.00 
132.25 0.00 0.00 0.00 0.00 0.00 
132.50 0.00 0.00 0.00 0.00 0.00 
132.75 0.00 0.00 0.00 0.00 0.00 
132.00 0.00 0.00 0.00 0.00 0.00 
132.75 0.00 0.00 0.00 0.00 0.00 
132.75 0.00 0.00 0.00 0.00 0.00 
133.25 0.00 0.00 0.00 0.00 0.00 
133.00 0.00 0.00 0.00 0.00 0.00 
133.50 0.00 0.00 0.00 0.00 0.00 
133.00 0.00 0.00 0.00 0.00 0.00 
133.50 0.00 0.00 0.00 0.00 0.00 
133.50 0.00 0.00 0.00 0.00 0.00 
133.75 0.00 0.00 0.00 0.00 0.00 
133.75 0.00 0.00 0.00 0.00 0.00 
133.75 0.00 0.00 0.00 0.00 0.00 
134.25 0.00 0.00 0.00 0.00 0.00 
133.50 0.00 0.00 0.00 0.00 0.00 
134.25 0.00 0.00 0.00 0.00 0.00 
134.25 0.00 0.00 0.00 0.00 0.00 
134.25 0.00 0.00 0.00 0.00 0.00 
134.75 0.00 0.00 0.00 0.00 0.00 
134.50 0.00 0.00 0.00 0.00 0.00 
135.00 0.00 0.00 0.00 0.00 0.00 
134.50 0.00 0.00 0.00 0.00 0.00 
135.25 0.00 0.00 0.00 0.00 0.00 
135.00 0.00 0.00 0.00 0.00 0.00 
135.25 0.00 0.00 0.00 0.00 0.00 
135.25 0.00 0.00 0.00 0.00 0.00 
135.00 0.00 0.00 0.00 0.00 0.00 
135.50 0.00 0.00 0.00 0.00 0.00 
135.75 0.00 0.00 0.00 0.00 0.00 
135.50 0.00 0.00 0.00 0.00 0.00 
136.00 0.00 0.00 0.00 0.00 0.00 
136.00 0.00 0.00 0.00 0.00 0.00 
136.00 0.00 0.00 0.00 0.00 0.00 
136.25 0.00 0.00 0.00 0.00 0.00 
136.25 0.00 0.00 0.00 0.00 0.00 
136.50 0.00 0.00 0.00 0.00 0.00 
136.50 0.00 0.00 0.00 0.00 0.00 
136.75 0.00 0.00 0.00 0.00 0.00 
136.50 0.00 0.00 0.00 0.00 0.00 
136.75 0.00 0.00 0.00 0.00 0.00 
137.00 0.00 0.00 0.00 0.00 0.00 
137.25 0.00 0.00 0.00 0.00 0.00 
137.75 0.00 0.00 0.00 0.00 0.00 
137.50 0.00 0.00 0.00 0.00 0.00 
137.50 0.00 0.00 0.00 0.00 0.00 
138.00 0.00 0.00 0.00 0.00 0.00 
137.75 0.00 0.00 0.00 0.00 0.00 
138.00 0.00 0.00 0.00 0.00 0.00 
137.75 0.00 0.00 0.00 0.00 0.00 
138.25 0.00 0.00 0.00 0.00 0.00 
138.25 0.00 0.00 0.00 0.00 0.00 
138.50 0.00 0.00 0.00 0.00 0.00 
138.75 0.00 0.00 0.00 0.00 0.00 
138.75 0.00 0.00 0.00 0.00 0.00 
138.75 0.00 0.00 0.00 0.00 0.00 
139.00 0.00 0.00 0.00 0.00 0.00 
139.00 0.00 0.00 0.00 0.00 0.00 
139.25 0.00 0.00 0.00 0.00 0.00 
139.50 0.00 0.00 0.00 0.00 0.00 
139.50 0.00 0.00 0.00 0.00 0.00 
139.50 0.00 0.00 0.00 0.00 0.00 
139.50 0.00 0.00 0.00 0.00 0.00 
139.75 0.00 0.00 0.00 0.00 0.00 
139.75 0.00 0.00 0.00 0.00 0.00 
140.00 0.00 0.00 0.00 0.00 0.00 
140.00 0.00 0.00 0.00 0.00 0.00 
140.25 0.00 0.00 0.00 0.00 0.00 
140.00 0.00 0.00 0.00 0.00 0.00 
140.50 0.00 0.00 0.00 0.00 0.00 
140.25 0.00 0.00 0.00 0.00 0.00 
140.50 0.00 0.00 0.00 0.00 0.00 
140.75 0.00 0.00 0.00 0.00 0.00 
141.00 0.00 0.00 0.00 0.00 0.00 
141.25 0.00 0.00 0.00 0.00 0.00 
All the processes have finished
ESP-ROM:esp32s3-20210327
Build:Mar 27 2021
rst:0xc (RTC_SW_CPU_RST),boot:0xa (SPI_FAST_FLASH_BOOT)
Saved PC:0x4207bd1a
SPIWP:0xee
mode:DIO, clock div:1
load:0x3fce3808,len:0x44c
load:0x403c9700,len:0xbe4
load:0x403cc700,len:0x2a68
entry 0x403c98d4
E (29) gpio: gpio_install_isr_service(449): GPIO isr service already installed
Succeed to add peer
READY_SETUP
uint8_t RemoteCommunication_2::mac_HMI[6] = {0x48, 0x27, 0xE2, 0xD2, 0x5C, 0x80};
