The processesSpecificationsMessage was received
1 0 0 0 0 0 
temperatureSetpoints: 
Inicial: 40  Final: 40  Funcion: 0
Inicial: 40  Final: 70  Funcion: 1
Inicial: 0  Final: 0  Funcion: 0
Inicial: 0  Final: 0  Funcion: 0
Inicial: 0  Final: 0  Funcion: 0
Inicial: 0  Final: 0  Funcion: 0
Inicial: 0  Final: 0  Funcion: 0
Inicial: 0  Final: 0  Funcion: 0
Inicial: 0  Final: 0  Funcion: 0
Inicial: 0  Final: 0  Funcion: 0
Inicial: 0  Final: 0  Funcion: 0
Inicial: 0  Final: 0  Funcion: 0
Inicial: 0  Final: 0  Funcion: 0
Inicial: 0  Final: 0  Funcion: 0
Inicial: 0  Final: 0  Funcion: 0

stirringSetpoints: 
320 0 0 0 0 0 0 0 0 0 0 0 0 0 0 
processDuration: 5 5 0 0 0 0 0 0 0 0 0 0 0 0 0 
1
updating setpoints
320 
Nuevo valor rampSetpoint: 1.58
28.00 15.44 0.00 0.00 0.00 0.00 0.00 0.00 0.00 0.00 0.00 0.00 
Nuevo valor rampSetpoint: 0.00
27.50 20.14 0.00 0.00 0.00 0.00 0.00 0.00 0.00 0.00 0.00 0.00 
Nuevo valor rampSetpoint: 0.00
28.00 18.25 0.00 0.00 0.00 0.00 0.00 0.00 0.00 0.00 0.00 0.00 
Nuevo valor rampSetpoint: 0.00
27.75 19.56 0.00 0.00 0.00 0.00 0.00 0.00 0.00 0.00 0.00 0.00 
Nuevo valor rampSetpoint: 0.00
27.25 20.69 0.00 0.00 0.00 0.00 0.00 0.00 0.00 0.00 0.00 0.00 
Nuevo valor rampSetpoint: 0.00
28.25 17.44 0.00 0.00 0.00 0.00 0.00 0.00 0.00 0.00 0.00 0.00 
Nuevo valor rampSetpoint: 0.00
28.00 19.33 0.00 0.00 0.00 0.00 0.00 0.00 0.00 0.00 0.00 0.00 
Nuevo valor rampSetpoint: 0.00
28.00 19.09 0.00 0.00 0.00 0.00 0.00 0.00 0.00 0.00 0.00 0.00 
Nuevo valor rampSetpoint: 0.00
27.75 19.82 0.00 0.00 0.00 0.00 0.00 0.00 0.00 0.00 0.00 0.00 
Nuevo valor rampSetpoint: 0.00
28.00 18.90 0.00 0.00 0.00 0.00 0.00 0.00 0.00 0.00 0.00 0.00 
Nuevo valor rampSetpoint: 0.00
28.25 18.57 0.00 0.00 0.00 0.00 0.00 0.00 0.00 0.00 0.00 0.00 
Nuevo valor rampSetpoint: 0.00
28.00 19.58 0.00 0.00 0.00 0.00 0.00 0.00 0.00 0.00 0.00 0.00 
Nuevo valor rampSetpoint: 0.00
27.50 20.70 0.00 0.00 0.00 0.00 0.00 0.00 0.00 0.00 0.00 0.00 
Nuevo valor rampSetpoint: 0.00
28.25 18.14 0.00 0.00 0.00 0.00 0.00 0.00 0.00 0.00 0.00 0.00 
Nuevo valor rampSetpoint: 0.00
28.25 19.06 0.00 0.00 0.00 0.00 0.00 0.00 0.00 0.00 0.00 0.00 
Nuevo valor rampSetpoint: 0.00
28.25 19.11 0.00 0.00 0.00 0.00 0.00 0.00 0.00 0.00 0.00 0.00 
Nuevo valor rampSetpoint: 0.00
28.00 19.84 0.00 0.00 0.00 0.00 0.00 0.00 0.00 0.00 0.00 0.00 
Nuevo valor rampSetpoint: 0.00
28.00 19.60 0.00 0.00 0.00 0.00 0.00 0.00 0.00 0.00 0.00 0.00 
Nuevo valor rampSetpoint: 0.00
28.00 19.65 0.00 0.00 0.00 0.00 0.00 0.00 0.00 0.00 0.00 0.00 
Nuevo valor rampSetpoint: 0.00
28.00 19.70 0.00 0.00 0.00 0.00 0.00 0.00 0.00 0.00 0.00 0.00 
Nuevo valor rampSetpoint: 0.00
28.25 19.07 0.00 0.00 0.00 0.00 0.00 0.00 0.00 0.00 0.00 0.00 
Nuevo valor rampSetpoint: 0.00
28.00 20.09 0.00 0.00 0.00 0.00 0.00 0.00 0.00 0.00 0.00 0.00 
Nuevo valor rampSetpoint: 0.00
27.75 20.53 0.00 0.00 0.00 0.00 0.00 0.00 0.00 0.00 0.00 0.00 
Nuevo valor rampSetpoint: 0.00
28.50 18.26 0.00 0.00 0.00 0.00 0.00 0.00 0.00 0.00 0.00 0.00 
Nuevo valor rampSetpoint: 0.00
28.00 20.53 0.00 0.00 0.00 0.00 0.00 0.00 0.00 0.00 0.00 0.00 
Nuevo valor rampSetpoint: 0.00
28.50 18.65 0.00 0.00 0.00 0.00 0.00 0.00 0.00 0.00 0.00 0.00 
Nuevo valor rampSetpoint: 0.00
28.50 19.27 0.00 0.00 0.00 0.00 0.00 0.00 0.00 0.00 0.00 0.00 
Nuevo valor rampSetpoint: 0.00
27.75 21.36 0.00 0.00 0.00 0.00 0.00 0.00 0.00 0.00 0.00 0.00 
Nuevo valor rampSetpoint: 0.00
28.50 18.51 0.00 0.00 0.00 0.00 0.00 0.00 0.00 0.00 0.00 0.00 
Nuevo valor rampSetpoint: 0.00
28.25 20.10 0.00 0.00 0.00 0.00 0.00 0.00 0.00 0.00 0.00 0.00 
Nuevo valor rampSetpoint: 0.00
28.75 18.50 0.00 0.00 0.00 0.00 0.00 0.00 0.00 0.00 0.00 0.00 
Nuevo valor rampSetpoint: 0.00
28.75 19.13 0.00 0.00 0.00 0.00 0.00 0.00 0.00 0.00 0.00 0.00 
Nuevo valor rampSetpoint: 0.00
28.75 19.18 0.00 0.00 0.00 0.00 0.00 0.00 0.00 0.00 0.00 0.00 
Nuevo valor rampSetpoint: 0.00
29.00 18.55 0.00 0.00 0.00 0.00 0.00 0.00 0.00 0.00 0.00 0.00 
Nuevo valor rampSetpoint: 0.00
29.00 18.88 0.00 0.00 0.00 0.00 0.00 0.00 0.00 0.00 0.00 0.00 
Nuevo valor rampSetpoint: 0.00
29.25 18.25 0.00 0.00 0.00 0.00 0.00 0.00 0.00 0.00 0.00 0.00 
Nuevo valor rampSetpoint: 0.00
29.25 18.58 0.00 0.00 0.00 0.00 0.00 0.00 0.00 0.00 0.00 0.00 
Nuevo valor rampSetpoint: 0.00
29.00 19.31 0.00 0.00 0.00 0.00 0.00 0.00 0.00 0.00 0.00 0.00 
Nuevo valor rampSetpoint: 0.00
29.25 18.39 0.00 0.00 0.00 0.00 0.00 0.00 0.00 0.00 0.00 0.00 
Nuevo valor rampSetpoint: 0.00
29.50 18.04 0.00 0.00 0.00 0.00 0.00 0.00 0.00 0.00 0.00 0.00 
Nuevo valor rampSetpoint: 0.00
29.25 19.06 0.00 0.00 0.00 0.00 0.00 0.00 0.00 0.00 0.00 0.00 
Nuevo valor rampSetpoint: 0.00
29.25 18.81 0.00 0.00 0.00 0.00 0.00 0.00 0.00 0.00 0.00 0.00 
Nuevo valor rampSetpoint: 0.00
29.00 19.54 0.00 0.00 0.00 0.00 0.00 0.00 0.00 0.00 0.00 0.00 
Nuevo valor rampSetpoint: 0.00
30.00 16.58 0.00 0.00 0.00 0.00 0.00 0.00 0.00 0.00 0.00 0.00 
Nuevo valor rampSetpoint: 0.00
30.00 17.78 0.00 0.00 0.00 0.00 0.00 0.00 0.00 0.00 0.00 0.00 
Nuevo valor rampSetpoint: 0.00
29.75 18.50 0.00 0.00 0.00 0.00 0.00 0.00 0.00 0.00 0.00 0.00 
Nuevo valor rampSetpoint: 0.00
29.75 18.25 0.00 0.00 0.00 0.00 0.00 0.00 0.00 0.00 0.00 0.00 
Nuevo valor rampSetpoint: 0.00
30.25 16.94 0.00 0.00 0.00 0.00 0.00 0.00 0.00 0.00 0.00 0.00 
Nuevo valor rampSetpoint: 0.00
30.25 17.56 0.00 0.00 0.00 0.00 0.00 0.00 0.00 0.00 0.00 0.00 
Nuevo valor rampSetpoint: 0.00
30.50 16.92 0.00 0.00 0.00 0.00 0.00 0.00 0.00 0.00 0.00 0.00 
Nuevo valor rampSetpoint: 0.00
30.25 17.93 0.00 0.00 0.00 0.00 0.00 0.00 0.00 0.00 0.00 0.00 
Nuevo valor rampSetpoint: 0.00
30.50 17.00 0.00 0.00 0.00 0.00 0.00 0.00 0.00 0.00 0.00 0.00 
Nuevo valor rampSetpoint: 0.00
30.75 16.65 0.00 0.00 0.00 0.00 0.00 0.00 0.00 0.00 0.00 0.00 
Nuevo valor rampSetpoint: 0.00
31.00 16.30 0.00 0.00 0.00 0.00 0.00 0.00 0.00 0.00 0.00 0.00 
Nuevo valor rampSetpoint: 0.00
30.50 17.99 0.00 0.00 0.00 0.00 0.00 0.00 0.00 0.00 0.00 0.00 
Nuevo valor rampSetpoint: 0.00
31.00 16.09 0.00 0.00 0.00 0.00 0.00 0.00 0.00 0.00 0.00 0.00 
Nuevo valor rampSetpoint: 0.00
31.00 16.71 0.00 0.00 0.00 0.00 0.00 0.00 0.00 0.00 0.00 0.00 
Nuevo valor rampSetpoint: 0.00
31.00 16.74 0.00 0.00 0.00 0.00 0.00 0.00 0.00 0.00 0.00 0.00 
Nuevo valor rampSetpoint: 0.00
31.50 15.42 0.00 0.00 0.00 0.00 0.00 0.00 0.00 0.00 0.00 0.00 
Nuevo valor rampSetpoint: 0.00
31.50 16.04 0.00 0.00 0.00 0.00 0.00 0.00 0.00 0.00 0.00 0.00 
Nuevo valor rampSetpoint: 0.00
31.50 16.07 0.00 0.00 0.00 0.00 0.00 0.00 0.00 0.00 0.00 0.00 
Nuevo valor rampSetpoint: 0.00
31.50 16.11 0.00 0.00 0.00 0.00 0.00 0.00 0.00 0.00 0.00 0.00 
Nuevo valor rampSetpoint: 0.00
31.75 15.47 0.00 0.00 0.00 0.00 0.00 0.00 0.00 0.00 0.00 0.00 
Nuevo valor rampSetpoint: 0.00
31.50 16.47 0.00 0.00 0.00 0.00 0.00 0.00 0.00 0.00 0.00 0.00 
Nuevo valor rampSetpoint: 0.00
32.00 14.86 0.00 0.00 0.00 0.00 0.00 0.00 0.00 0.00 0.00 0.00 
Nuevo valor rampSetpoint: 0.00
32.50 14.11 0.00 0.00 0.00 0.00 0.00 0.00 0.00 0.00 0.00 0.00 
Nuevo valor rampSetpoint: 0.00
31.75 16.76 0.00 0.00 0.00 0.00 0.00 0.00 0.00 0.00 0.00 0.00 
Nuevo valor rampSetpoint: 0.00
32.25 14.57 0.00 0.00 0.00 0.00 0.00 0.00 0.00 0.00 0.00 0.00 
Nuevo valor rampSetpoint: 0.00
32.50 14.50 0.00 0.00 0.00 0.00 0.00 0.00 0.00 0.00 0.00 0.00 
Nuevo valor rampSetpoint: 0.00
32.50 14.82 0.00 0.00 0.00 0.00 0.00 0.00 0.00 0.00 0.00 0.00 
Nuevo valor rampSetpoint: 0.00
32.75 14.17 0.00 0.00 0.00 0.00 0.00 0.00 0.00 0.00 0.00 0.00 
Nuevo valor rampSetpoint: 0.00
32.25 15.85 0.00 0.00 0.00 0.00 0.00 0.00 0.00 0.00 0.00 0.00 
Nuevo valor rampSetpoint: 0.00
32.50 14.63 0.00 0.00 0.00 0.00 0.00 0.00 0.00 0.00 0.00 0.00 
Nuevo valor rampSetpoint: 0.00
33.25 12.91 0.00 0.00 0.00 0.00 0.00 0.00 0.00 0.00 0.00 0.00 
Nuevo valor rampSetpoint: 0.00
33.25 13.81 0.00 0.00 0.00 0.00 0.00 0.00 0.00 0.00 0.00 0.00 
Nuevo valor rampSetpoint: 0.00
33.50 13.16 0.00 0.00 0.00 0.00 0.00 0.00 0.00 0.00 0.00 0.00 
Nuevo valor rampSetpoint: 0.00
33.75 12.79 0.00 0.00 0.00 0.00 0.00 0.00 0.00 0.00 0.00 0.00 
Nuevo valor rampSetpoint: 0.00
33.75 13.11 0.00 0.00 0.00 0.00 0.00 0.00 0.00 0.00 0.00 0.00 
Nuevo valor rampSetpoint: 0.00
33.50 13.82 0.00 0.00 0.00 0.00 0.00 0.00 0.00 0.00 0.00 0.00 
Nuevo valor rampSetpoint: 0.00
33.50 13.55 0.00 0.00 0.00 0.00 0.00 0.00 0.00 0.00 0.00 0.00 
Nuevo valor rampSetpoint: 0.00
34.00 12.22 0.00 0.00 0.00 0.00 0.00 0.00 0.00 0.00 0.00 0.00 
Nuevo valor rampSetpoint: 0.00
34.00 12.83 0.00 0.00 0.00 0.00 0.00 0.00 0.00 0.00 0.00 0.00 
Nuevo valor rampSetpoint: 0.00
34.50 11.49 0.00 0.00 0.00 0.00 0.00 0.00 0.00 0.00 0.00 0.00 
Nuevo valor rampSetpoint: 0.00
34.25 12.78 0.00 0.00 0.00 0.00 0.00 0.00 0.00 0.00 0.00 0.00 
Nuevo valor rampSetpoint: 0.00
35.00 10.47 0.00 0.00 0.00 0.00 0.00 0.00 0.00 0.00 0.00 0.00 
Nuevo valor rampSetpoint: 0.00
34.50 12.72 0.00 0.00 0.00 0.00 0.00 0.00 0.00 0.00 0.00 0.00 
Nuevo valor rampSetpoint: 0.00
34.75 11.49 0.00 0.00 0.00 0.00 0.00 0.00 0.00 0.00 0.00 0.00 
Nuevo valor rampSetpoint: 0.00
35.00 11.12 0.00 0.00 0.00 0.00 0.00 0.00 0.00 0.00 0.00 0.00 
Nuevo valor rampSetpoint: 0.00
35.25 10.75 0.00 0.00 0.00 0.00 0.00 0.00 0.00 0.00 0.00 0.00 
Nuevo valor rampSetpoint: 0.00
35.25 11.06 0.00 0.00 0.00 0.00 0.00 0.00 0.00 0.00 0.00 0.00 
Nuevo valor rampSetpoint: 0.00
35.50 10.40 0.00 0.00 0.00 0.00 0.00 0.00 0.00 0.00 0.00 0.00 
Nuevo valor rampSetpoint: 0.00
35.25 11.39 0.00 0.00 0.00 0.00 0.00 0.00 0.00 0.00 0.00 0.00 
Nuevo valor rampSetpoint: 0.00
35.50 10.44 0.00 0.00 0.00 0.00 0.00 0.00 0.00 0.00 0.00 0.00 
Nuevo valor rampSetpoint: 0.00
36.00 9.39 0.00 0.00 0.00 0.00 0.00 0.00 0.00 0.00 0.00 0.00 
Nuevo valor rampSetpoint: 0.00
35.75 10.66 0.00 0.00 0.00 0.00 0.00 0.00 0.00 0.00 0.00 0.00 
Nuevo valor rampSetpoint: 0.00
36.00 9.71 0.00 0.00 0.00 0.00 0.00 0.00 0.00 0.00 0.00 0.00 
Nuevo valor rampSetpoint: 0.00
35.75 10.70 0.00 0.00 0.00 0.00 0.00 0.00 0.00 0.00 0.00 0.00 
Nuevo valor rampSetpoint: 0.00
36.00 9.75 0.00 0.00 0.00 0.00 0.00 0.00 0.00 0.00 0.00 0.00 
Nuevo valor rampSetpoint: 0.00
35.75 10.73 0.00 0.00 0.00 0.00 0.00 0.00 0.00 0.00 0.00 0.00 
Nuevo valor rampSetpoint: 0.00
36.00 9.78 0.00 0.00 0.00 0.00 0.00 0.00 0.00 0.00 0.00 0.00 
Nuevo valor rampSetpoint: 0.00
36.25 9.41 0.00 0.00 0.00 0.00 0.00 0.00 0.00 0.00 0.00 0.00 
Nuevo valor rampSetpoint: 0.00
36.75 8.35 0.00 0.00 0.00 0.00 0.00 0.00 0.00 0.00 0.00 0.00 
Nuevo valor rampSetpoint: 0.00
36.50 9.63 0.00 0.00 0.00 0.00 0.00 0.00 0.00 0.00 0.00 0.00 
Nuevo valor rampSetpoint: 0.00
36.50 9.35 0.00 0.00 0.00 0.00 0.00 0.00 0.00 0.00 0.00 0.00 
Nuevo valor rampSetpoint: 0.00
37.00 8.01 0.00 0.00 0.00 0.00 0.00 0.00 0.00 0.00 0.00 0.00 
Nuevo valor rampSetpoint: 0.00
37.00 8.60 0.00 0.00 0.00 0.00 0.00 0.00 0.00 0.00 0.00 0.00 
Nuevo valor rampSetpoint: 0.00
37.00 8.61 0.00 0.00 0.00 0.00 0.00 0.00 0.00 0.00 0.00 0.00 
Nuevo valor rampSetpoint: 0.00
37.25 7.95 0.00 0.00 0.00 0.00 0.00 0.00 0.00 0.00 0.00 0.00 
Nuevo valor rampSetpoint: 0.00
37.50 7.57 0.00 0.00 0.00 0.00 0.00 0.00 0.00 0.00 0.00 0.00 
Nuevo valor rampSetpoint: 0.00
37.25 8.55 0.00 0.00 0.00 0.00 0.00 0.00 0.00 0.00 0.00 0.00 
Nuevo valor rampSetpoint: 0.00
37.75 6.91 0.00 0.00 0.00 0.00 0.00 0.00 0.00 0.00 0.00 0.00 
Nuevo valor rampSetpoint: 0.00
38.00 6.82 0.00 0.00 0.00 0.00 0.00 0.00 0.00 0.00 0.00 0.00 
Nuevo valor rampSetpoint: 0.00
38.00 7.12 0.00 0.00 0.00 0.00 0.00 0.00 0.00 0.00 0.00 0.00 
Nuevo valor rampSetpoint: 0.00
38.00 7.12 0.00 0.00 0.00 0.00 0.00 0.00 0.00 0.00 0.00 0.00 
Nuevo valor rampSetpoint: 0.00
38.25 6.45 0.00 0.00 0.00 0.00 0.00 0.00 0.00 0.00 0.00 0.00 
Nuevo valor rampSetpoint: 0.00
38.25 6.75 0.00 0.00 0.00 0.00 0.00 0.00 0.00 0.00 0.00 0.00 
Nuevo valor rampSetpoint: 0.00
38.25 6.76 0.00 0.00 0.00 0.00 0.00 0.00 0.00 0.00 0.00 0.00 
Nuevo valor rampSetpoint: 0.00
38.50 6.09 0.00 0.00 0.00 0.00 0.00 0.00 0.00 0.00 0.00 0.00 
Nuevo valor rampSetpoint: 0.00
38.75 5.70 0.00 0.00 0.00 0.00 0.00 0.00 0.00 0.00 0.00 0.00 
Nuevo valor rampSetpoint: 0.00
38.50 6.68 0.00 0.00 0.00 0.00 0.00 0.00 0.00 0.00 0.00 0.00 
Nuevo valor rampSetpoint: 0.00
39.00 5.03 0.00 0.00 0.00 0.00 0.00 0.00 0.00 0.00 0.00 0.00 
Nuevo valor rampSetpoint: 0.00
39.00 5.62 0.00 0.00 0.00 0.00 0.00 0.00 0.00 0.00 0.00 0.00 
Nuevo valor rampSetpoint: 0.00
38.75 6.30 0.00 0.00 0.00 0.00 0.00 0.00 0.00 0.00 0.00 0.00 
Nuevo valor rampSetpoint: 0.00
39.25 4.66 0.00 0.00 0.00 0.00 0.00 0.00 0.00 0.00 0.00 0.00 
Nuevo valor rampSetpoint: 0.00
39.25 5.24 0.00 0.00 0.00 0.00 0.00 0.00 0.00 0.00 0.00 0.00 
Nuevo valor rampSetpoint: 0.00
39.25 5.24 0.00 0.00 0.00 0.00 0.00 0.00 0.00 0.00 0.00 0.00 
Nuevo valor rampSetpoint: 0.00
39.75 3.89 0.00 0.00 0.00 0.00 0.00 0.00 0.00 0.00 0.00 0.00 
Nuevo valor rampSetpoint: 0.00
39.50 5.15 0.00 0.00 0.00 0.00 0.00 0.00 0.00 0.00 0.00 0.00 
Nuevo valor rampSetpoint: 0.00
39.50 4.86 0.00 0.00 0.00 0.00 0.00 0.00 0.00 0.00 0.00 0.00 
Nuevo valor rampSetpoint: 0.00
39.75 4.18 0.00 0.00 0.00 0.00 0.00 0.00 0.00 0.00 0.00 0.00 
Nuevo valor rampSetpoint: 0.00
40.25 3.11 0.00 0.00 0.00 0.00 0.00 0.00 0.00 0.00 0.00 0.00 
Nuevo valor rampSetpoint: 0.00
40.00 4.37 0.00 0.00 0.00 0.00 0.00 0.00 0.00 0.00 0.00 0.00 
Nuevo valor rampSetpoint: 0.00
40.00 4.08 0.00 0.00 0.00 0.00 0.00 0.00 0.00 0.00 0.00 0.00 
Nuevo valor rampSetpoint: 0.00
40.00 4.08 0.00 0.00 0.00 0.00 0.00 0.00 0.00 0.00 0.00 0.00 
Nuevo valor rampSetpoint: 0.00
40.50 2.72 0.00 0.00 0.00 0.00 0.00 0.00 0.00 0.00 0.00 0.00 
Nuevo valor rampSetpoint: 0.00
39.75 5.34 0.00 0.00 0.00 0.00 0.00 0.00 0.00 0.00 0.00 0.00 
Nuevo valor rampSetpoint: 0.00
40.50 2.43 0.00 0.00 0.00 0.00 0.00 0.00 0.00 0.00 0.00 0.00 
Nuevo valor rampSetpoint: 0.00
40.75 2.62 0.00 0.00 0.00 0.00 0.00 0.00 0.00 0.00 0.00 0.00 
Nuevo valor rampSetpoint: 0.00
40.50 3.58 0.00 0.00 0.00 0.00 0.00 0.00 0.00 0.00 0.00 0.00 
Nuevo valor rampSetpoint: 0.00
40.50 3.29 0.00 0.00 0.00 0.00 0.00 0.00 0.00 0.00 0.00 0.00 
Nuevo valor rampSetpoint: 0.00
40.00 4.65 0.00 0.00 0.00 0.00 0.00 0.00 0.00 0.00 0.00 0.00 
Nuevo valor rampSetpoint: 0.00
40.50 2.71 0.00 0.00 0.00 0.00 0.00 0.00 0.00 0.00 0.00 0.00 
Nuevo valor rampSetpoint: 0.00
40.75 2.61 0.00 0.00 0.00 0.00 0.00 0.00 0.00 0.00 0.00 0.00 
Nuevo valor rampSetpoint: 0.00
41.00 2.21 0.00 0.00 0.00 0.00 0.00 0.00 0.00 0.00 0.00 0.00 
Nuevo valor rampSetpoint: 0.00
40.75 3.18 0.00 0.00 0.00 0.00 0.00 0.00 0.00 0.00 0.00 0.00 
Nuevo valor rampSetpoint: 0.00
41.25 1.53 0.00 0.00 0.00 0.00 0.00 0.00 0.00 0.00 0.00 0.00 
Nuevo valor rampSetpoint: 0.00
41.00 2.78 0.00 0.00 0.00 0.00 0.00 0.00 0.00 0.00 0.00 0.00 
Nuevo valor rampSetpoint: 0.00
41.00 2.49 0.00 0.00 0.00 0.00 0.00 0.00 0.00 0.00 0.00 0.00 
Nuevo valor rampSetpoint: 0.00
41.25 1.80 0.00 0.00 0.00 0.00 0.00 0.00 0.00 0.00 0.00 0.00 
Nuevo valor rampSetpoint: 0.00
40.75 3.45 0.00 0.00 0.00 0.00 0.00 0.00 0.00 0.00 0.00 0.00 
Nuevo valor rampSetpoint: 0.00
41.50 0.83 0.00 0.00 0.00 0.00 0.00 0.00 0.00 0.00 0.00 0.00 
Nuevo valor rampSetpoint: 0.00
41.50 1.69 0.00 0.00 0.00 0.00 0.00 0.00 0.00 0.00 0.00 0.00 
Nuevo valor rampSetpoint: 0.00
41.75 1.00 0.00 0.00 0.00 0.00 0.00 0.00 0.00 0.00 0.00 0.00 
Nuevo valor rampSetpoint: 0.00
41.50 1.96 0.00 0.00 0.00 0.00 0.00 0.00 0.00 0.00 0.00 0.00 
Nuevo valor rampSetpoint: 0.00
41.50 1.67 0.00 0.00 0.00 0.00 0.00 0.00 0.00 0.00 0.00 0.00 
Nuevo valor rampSetpoint: 0.00
41.75 0.98 0.00 0.00 0.00 0.00 0.00 0.00 0.00 0.00 0.00 0.00 
Nuevo valor rampSetpoint: 0.00
41.25 2.62 0.00 0.00 0.00 0.00 0.00 0.00 0.00 0.00 0.00 0.00 
Nuevo valor rampSetpoint: 0.00
41.75 0.68 0.00 0.00 0.00 0.00 0.00 0.00 0.00 0.00 0.00 0.00 
Nuevo valor rampSetpoint: 0.00
42.00 0.57 0.00 0.00 0.00 0.00 0.00 0.00 0.00 0.00 0.00 0.00 
Nuevo valor rampSetpoint: 0.00
41.75 1.53 0.00 0.00 0.00 0.00 0.00 0.00 0.00 0.00 0.00 0.00 
Nuevo valor rampSetpoint: 0.00
42.00 0.55 0.00 0.00 0.00 0.00 0.00 0.00 0.00 0.00 0.00 0.00 
Nuevo valor rampSetpoint: 0.00
42.25 0.16 0.00 0.00 0.00 0.00 0.00 0.00 0.00 0.00 0.00 0.00 
Nuevo valor rampSetpoint: 0.00
42.00 1.12 0.00 0.00 0.00 0.00 0.00 0.00 0.00 0.00 0.00 0.00 
Nuevo valor rampSetpoint: 0.00
42.25 0.14 0.00 0.00 0.00 0.00 0.00 0.00 0.00 0.00 0.00 0.00 
Nuevo valor rampSetpoint: 0.00
42.00 1.10 0.00 0.00 0.00 0.00 0.00 0.00 0.00 0.00 0.00 0.00 
Nuevo valor rampSetpoint: 0.00
42.25 0.12 0.00 0.00 0.00 0.00 0.00 0.00 0.00 0.00 0.00 0.00 
Nuevo valor rampSetpoint: 0.00
42.25 0.40 0.00 0.00 0.00 0.00 0.00 0.00 0.00 0.00 0.00 0.00 
Nuevo valor rampSetpoint: 0.00
42.25 0.39 0.00 0.00 0.00 0.00 0.00 0.00 0.00 0.00 0.00 0.00 
Nuevo valor rampSetpoint: 0.00
42.50 0.00 0.00 0.00 0.00 0.00 0.00 0.00 0.00 0.00 0.00 0.00 
Nuevo valor rampSetpoint: 0.00
42.75 0.00 0.00 0.00 0.00 0.00 0.00 0.00 0.00 0.00 0.00 0.00 
Nuevo valor rampSetpoint: 0.00
42.50 0.26 0.00 0.00 0.00 0.00 0.00 0.00 0.00 0.00 0.00 0.00 
Nuevo valor rampSetpoint: 0.00
42.50 0.00 0.00 0.00 0.00 0.00 0.00 0.00 0.00 0.00 0.00 0.00 
Nuevo valor rampSetpoint: 0.00
41.75 1.99 0.00 0.00 0.00 0.00 0.00 0.00 0.00 0.00 0.00 0.00 
Nuevo valor rampSetpoint: 0.00
42.75 0.00 0.00 0.00 0.00 0.00 0.00 0.00 0.00 0.00 0.00 0.00 
Nuevo valor rampSetpoint: 0.00
42.75 0.00 0.00 0.00 0.00 0.00 0.00 0.00 0.00 0.00 0.00 0.00 
Nuevo valor rampSetpoint: 0.00
42.75 0.00 0.00 0.00 0.00 0.00 0.00 0.00 0.00 0.00 0.00 0.00 
Nuevo valor rampSetpoint: 0.00
42.50 0.19 0.00 0.00 0.00 0.00 0.00 0.00 0.00 0.00 0.00 0.00 
Nuevo valor rampSetpoint: 0.00
43.00 0.00 0.00 0.00 0.00 0.00 0.00 0.00 0.00 0.00 0.00 0.00 
Nuevo valor rampSetpoint: 0.00
42.75 0.00 0.00 0.00 0.00 0.00 0.00 0.00 0.00 0.00 0.00 0.00 
Nuevo valor rampSetpoint: 0.00
42.75 0.00 0.00 0.00 0.00 0.00 0.00 0.00 0.00 0.00 0.00 0.00 
Nuevo valor rampSetpoint: 0.00
42.75 0.00 0.00 0.00 0.00 0.00 0.00 0.00 0.00 0.00 0.00 0.00 
Nuevo valor rampSetpoint: 0.00
43.00 0.00 0.00 0.00 0.00 0.00 0.00 0.00 0.00 0.00 0.00 0.00 
Nuevo valor rampSetpoint: 0.00
42.50 0.41 0.00 0.00 0.00 0.00 0.00 0.00 0.00 0.00 0.00 0.00 
Nuevo valor rampSetpoint: 0.00
43.00 0.00 0.00 0.00 0.00 0.00 0.00 0.00 0.00 0.00 0.00 0.00 
Nuevo valor rampSetpoint: 0.00
43.00 0.00 0.00 0.00 0.00 0.00 0.00 0.00 0.00 0.00 0.00 0.00 
Nuevo valor rampSetpoint: 0.00
42.75 0.00 0.00 0.00 0.00 0.00 0.00 0.00 0.00 0.00 0.00 0.00 
Nuevo valor rampSetpoint: 0.00
42.50 0.08 0.00 0.00 0.00 0.00 0.00 0.00 0.00 0.00 0.00 0.00 
Nuevo valor rampSetpoint: 0.00
43.00 0.00 0.00 0.00 0.00 0.00 0.00 0.00 0.00 0.00 0.00 0.00 
Nuevo valor rampSetpoint: 0.00
43.00 0.00 0.00 0.00 0.00 0.00 0.00 0.00 0.00 0.00 0.00 0.00 
Nuevo valor rampSetpoint: 0.00
42.50 0.33 0.00 0.00 0.00 0.00 0.00 0.00 0.00 0.00 0.00 0.00 
Nuevo valor rampSetpoint: 0.00
43.25 0.00 0.00 0.00 0.00 0.00 0.00 0.00 0.00 0.00 0.00 0.00 
Nuevo valor rampSetpoint: 0.00
43.00 0.00 0.00 0.00 0.00 0.00 0.00 0.00 0.00 0.00 0.00 0.00 
Nuevo valor rampSetpoint: 0.00
43.00 0.00 0.00 0.00 0.00 0.00 0.00 0.00 0.00 0.00 0.00 0.00 
Nuevo valor rampSetpoint: 0.00
43.25 0.00 0.00 0.00 0.00 0.00 0.00 0.00 0.00 0.00 0.00 0.00 
Nuevo valor rampSetpoint: 0.00
42.75 0.00 0.00 0.00 0.00 0.00 0.00 0.00 0.00 0.00 0.00 0.00 
Nuevo valor rampSetpoint: 0.00
42.75 0.00 0.00 0.00 0.00 0.00 0.00 0.00 0.00 0.00 0.00 0.00 
Nuevo valor rampSetpoint: 0.00
43.25 0.00 0.00 0.00 0.00 0.00 0.00 0.00 0.00 0.00 0.00 0.00 
Nuevo valor rampSetpoint: 0.00
42.75 0.00 0.00 0.00 0.00 0.00 0.00 0.00 0.00 0.00 0.00 0.00 
Nuevo valor rampSetpoint: 0.00
43.25 0.00 0.00 0.00 0.00 0.00 0.00 0.00 0.00 0.00 0.00 0.00 
Nuevo valor rampSetpoint: 0.00
43.25 0.00 0.00 0.00 0.00 0.00 0.00 0.00 0.00 0.00 0.00 0.00 
Nuevo valor rampSetpoint: 0.00
43.25 0.00 0.00 0.00 0.00 0.00 0.00 0.00 0.00 0.00 0.00 0.00 
Nuevo valor rampSetpoint: 0.00
43.25 0.00 0.00 0.00 0.00 0.00 0.00 0.00 0.00 0.00 0.00 0.00 
Nuevo valor rampSetpoint: 0.00
42.75 0.00 0.00 0.00 0.00 0.00 0.00 0.00 0.00 0.00 0.00 0.00 
Nuevo valor rampSetpoint: 0.00
43.25 0.00 0.00 0.00 0.00 0.00 0.00 0.00 0.00 0.00 0.00 0.00 
Nuevo valor rampSetpoint: 0.00
43.25 0.00 0.00 0.00 0.00 0.00 0.00 0.00 0.00 0.00 0.00 0.00 
Nuevo valor rampSetpoint: 0.00
43.50 0.00 0.00 0.00 0.00 0.00 0.00 0.00 0.00 0.00 0.00 0.00 
Nuevo valor rampSetpoint: 0.00
43.25 0.00 0.00 0.00 0.00 0.00 0.00 0.00 0.00 0.00 0.00 0.00 
Nuevo valor rampSetpoint: 0.00
43.25 0.00 0.00 0.00 0.00 0.00 0.00 0.00 0.00 0.00 0.00 0.00 
Nuevo valor rampSetpoint: 0.00
43.50 0.00 0.00 0.00 0.00 0.00 0.00 0.00 0.00 0.00 0.00 0.00 
Nuevo valor rampSetpoint: 0.00
43.00 0.00 0.00 0.00 0.00 0.00 0.00 0.00 0.00 0.00 0.00 0.00 
Nuevo valor rampSetpoint: 0.00
43.50 0.00 0.00 0.00 0.00 0.00 0.00 0.00 0.00 0.00 0.00 0.00 
Nuevo valor rampSetpoint: 0.00
43.25 0.00 0.00 0.00 0.00 0.00 0.00 0.00 0.00 0.00 0.00 0.00 
Nuevo valor rampSetpoint: 0.00
43.50 0.00 0.00 0.00 0.00 0.00 0.00 0.00 0.00 0.00 0.00 0.00 
Nuevo valor rampSetpoint: 0.00
43.50 0.00 0.00 0.00 0.00 0.00 0.00 0.00 0.00 0.00 0.00 0.00 
Nuevo valor rampSetpoint: 0.00
43.25 0.00 0.00 0.00 0.00 0.00 0.00 0.00 0.00 0.00 0.00 0.00 
Nuevo valor rampSetpoint: 0.00
43.00 0.00 0.00 0.00 0.00 0.00 0.00 0.00 0.00 0.00 0.00 0.00 
Nuevo valor rampSetpoint: 1.58
43.00 0.00 0.00 0.00 0.00 0.00 0.00 0.00 0.00 0.00 0.00 0.00 
Nuevo valor rampSetpoint: 0.00
42.75 0.00 0.00 0.00 0.00 0.00 0.00 0.00 0.00 0.00 0.00 0.00 
Nuevo valor rampSetpoint: 0.00
42.75 0.00 0.00 0.00 0.00 0.00 0.00 0.00 0.00 0.00 0.00 0.00 
Nuevo valor rampSetpoint: 0.00
42.75 0.00 0.00 0.00 0.00 0.00 0.00 0.00 0.00 0.00 0.00 0.00 
Nuevo valor rampSetpoint: 0.00
43.25 0.00 0.00 0.00 0.00 0.00 0.00 0.00 0.00 0.00 0.00 0.00 
Nuevo valor rampSetpoint: 0.00
42.50 0.19 0.00 0.00 0.00 0.00 0.00 0.00 0.00 0.00 0.00 0.00 
Nuevo valor rampSetpoint: 0.00
43.00 0.00 0.00 0.00 0.00 0.00 0.00 0.00 0.00 0.00 0.00 0.00 
Nuevo valor rampSetpoint: 0.00
43.50 0.00 0.00 0.00 0.00 0.00 0.00 0.00 0.00 0.00 0.00 0.00 
Nuevo valor rampSetpoint: 0.00
43.25 0.00 0.00 0.00 0.00 0.00 0.00 0.00 0.00 0.00 0.00 0.00 
Nuevo valor rampSetpoint: 0.00
43.25 0.00 0.00 0.00 0.00 0.00 0.00 0.00 0.00 0.00 0.00 0.00 
Nuevo valor rampSetpoint: 0.00
42.75 0.00 0.00 0.00 0.00 0.00 0.00 0.00 0.00 0.00 0.00 0.00 
Nuevo valor rampSetpoint: 0.00
43.00 0.00 0.00 0.00 0.00 0.00 0.00 0.00 0.00 0.00 0.00 0.00 
Nuevo valor rampSetpoint: 0.00
43.25 0.00 0.00 0.00 0.00 0.00 0.00 0.00 0.00 0.00 0.00 0.00 
Nuevo valor rampSetpoint: 0.00
43.50 0.00 0.00 0.00 0.00 0.00 0.00 0.00 0.00 0.00 0.00 0.00 
Nuevo valor rampSetpoint: 0.00
43.00 0.00 0.00 0.00 0.00 0.00 0.00 0.00 0.00 0.00 0.00 0.00 
Nuevo valor rampSetpoint: 0.00
43.25 0.00 0.00 0.00 0.00 0.00 0.00 0.00 0.00 0.00 0.00 0.00 
Nuevo valor rampSetpoint: 0.00
43.25 0.00 0.00 0.00 0.00 0.00 0.00 0.00 0.00 0.00 0.00 0.00 
Nuevo valor rampSetpoint: 0.00
43.00 0.00 0.00 0.00 0.00 0.00 0.00 0.00 0.00 0.00 0.00 0.00 
Nuevo valor rampSetpoint: 0.00
43.50 0.00 0.00 0.00 0.00 0.00 0.00 0.00 0.00 0.00 0.00 0.00 
Nuevo valor rampSetpoint: 0.00
43.00 0.00 0.00 0.00 0.00 0.00 0.00 0.00 0.00 0.00 0.00 0.00 
Nuevo valor rampSetpoint: 0.00
43.00 0.00 0.00 0.00 0.00 0.00 0.00 0.00 0.00 0.00 0.00 0.00 
Nuevo valor rampSetpoint: 0.00
42.75 0.00 0.00 0.00 0.00 0.00 0.00 0.00 0.00 0.00 0.00 0.00 
Nuevo valor rampSetpoint: 0.00
43.50 0.00 0.00 0.00 0.00 0.00 0.00 0.00 0.00 0.00 0.00 0.00 
Nuevo valor rampSetpoint: 0.00
43.50 0.00 0.00 0.00 0.00 0.00 0.00 0.00 0.00 0.00 0.00 0.00 
Nuevo valor rampSetpoint: 0.00
43.25 0.00 0.00 0.00 0.00 0.00 0.00 0.00 0.00 0.00 0.00 0.00 
Nuevo valor rampSetpoint: 0.00
43.00 0.00 0.00 0.00 0.00 0.00 0.00 0.00 0.00 0.00 0.00 0.00 
Nuevo valor rampSetpoint: 0.00
43.50 0.00 0.00 0.00 0.00 0.00 0.00 0.00 0.00 0.00 0.00 0.00 
Nuevo valor rampSetpoint: 0.00
43.50 0.00 0.00 0.00 0.00 0.00 0.00 0.00 0.00 0.00 0.00 0.00 
Nuevo valor rampSetpoint: 0.00
43.00 0.00 0.00 0.00 0.00 0.00 0.00 0.00 0.00 0.00 0.00 0.00 
Nuevo valor rampSetpoint: 0.00
43.00 0.00 0.00 0.00 0.00 0.00 0.00 0.00 0.00 0.00 0.00 0.00 
Nuevo valor rampSetpoint: 0.00
43.25 0.00 0.00 0.00 0.00 0.00 0.00 0.00 0.00 0.00 0.00 0.00 
Nuevo valor rampSetpoint: 0.00
43.00 0.00 0.00 0.00 0.00 0.00 0.00 0.00 0.00 0.00 0.00 0.00 
Nuevo valor rampSetpoint: 0.00
43.00 0.00 0.00 0.00 0.00 0.00 0.00 0.00 0.00 0.00 0.00 0.00 
Nuevo valor rampSetpoint: 0.00
42.75 0.00 0.00 0.00 0.00 0.00 0.00 0.00 0.00 0.00 0.00 0.00 
Nuevo valor rampSetpoint: 0.00
43.00 0.00 0.00 0.00 0.00 0.00 0.00 0.00 0.00 0.00 0.00 0.00 
Nuevo valor rampSetpoint: 0.00
43.00 0.00 0.00 0.00 0.00 0.00 0.00 0.00 0.00 0.00 0.00 0.00 
Nuevo valor rampSetpoint: 0.00
43.25 0.00 0.00 0.00 0.00 0.00 0.00 0.00 0.00 0.00 0.00 0.00 
Nuevo valor rampSetpoint: 0.00
43.00 0.00 0.00 0.00 0.00 0.00 0.00 0.00 0.00 0.00 0.00 0.00 
Nuevo valor rampSetpoint: 0.00
43.00 0.00 0.00 0.00 0.00 0.00 0.00 0.00 0.00 0.00 0.00 0.00 
Nuevo valor rampSetpoint: 0.00
42.75 0.00 0.00 0.00 0.00 0.00 0.00 0.00 0.00 0.00 0.00 0.00 
Nuevo valor rampSetpoint: 0.00
43.25 0.00 0.00 0.00 0.00 0.00 0.00 0.00 0.00 0.00 0.00 0.00 
Nuevo valor rampSetpoint: 0.00
42.75 0.00 0.00 0.00 0.00 0.00 0.00 0.00 0.00 0.00 0.00 0.00 
Nuevo valor rampSetpoint: 0.00
42.75 0.00 0.00 0.00 0.00 0.00 0.00 0.00 0.00 0.00 0.00 0.00 
Nuevo valor rampSetpoint: 0.00
42.75 0.00 0.00 0.00 0.00 0.00 0.00 0.00 0.00 0.00 0.00 0.00 
Nuevo valor rampSetpoint: 0.00
43.25 0.00 0.00 0.00 0.00 0.00 0.00 0.00 0.00 0.00 0.00 0.00 
Nuevo valor rampSetpoint: 0.00
42.50 0.00 0.00 0.00 0.00 0.00 0.00 0.00 0.00 0.00 0.00 0.00 
Nuevo valor rampSetpoint: 0.00
42.50 0.00 0.00 0.00 0.00 0.00 0.00 0.00 0.00 0.00 0.00 0.00 
Nuevo valor rampSetpoint: 0.00
43.00 0.00 0.00 0.00 0.00 0.00 0.00 0.00 0.00 0.00 0.00 0.00 
Nuevo valor rampSetpoint: 0.00
42.75 0.00 0.00 0.00 0.00 0.00 0.00 0.00 0.00 0.00 0.00 0.00 
Nuevo valor rampSetpoint: 0.00
42.50 0.00 0.00 0.00 0.00 0.00 0.00 0.00 0.00 0.00 0.00 0.00 
Nuevo valor rampSetpoint: 0.00
43.00 0.00 0.00 0.00 0.00 0.00 0.00 0.00 0.00 0.00 0.00 0.00 
Nuevo valor rampSetpoint: 0.00
42.75 0.00 0.00 0.00 0.00 0.00 0.00 0.00 0.00 0.00 0.00 0.00 
Nuevo valor rampSetpoint: 0.00
42.75 0.00 0.00 0.00 0.00 0.00 0.00 0.00 0.00 0.00 0.00 0.00 
Nuevo valor rampSetpoint: 0.00
42.75 0.00 0.00 0.00 0.00 0.00 0.00 0.00 0.00 0.00 0.00 0.00 
Nuevo valor rampSetpoint: 0.00
43.00 0.00 0.00 0.00 0.00 0.00 0.00 0.00 0.00 0.00 0.00 0.00 
Nuevo valor rampSetpoint: 0.00
42.50 0.00 0.00 0.00 0.00 0.00 0.00 0.00 0.00 0.00 0.00 0.00 
Nuevo valor rampSetpoint: 0.00
43.00 0.00 0.00 0.00 0.00 0.00 0.00 0.00 0.00 0.00 0.00 0.00 
Nuevo valor rampSetpoint: 0.00
43.00 0.00 0.00 0.00 0.00 0.00 0.00 0.00 0.00 0.00 0.00 0.00 
Nuevo valor rampSetpoint: 0.00
43.00 0.00 0.00 0.00 0.00 0.00 0.00 0.00 0.00 0.00 0.00 0.00 
Nuevo valor rampSetpoint: 0.00
42.50 0.00 0.00 0.00 0.00 0.00 0.00 0.00 0.00 0.00 0.00 0.00 
Nuevo valor rampSetpoint: 0.00
42.75 0.00 0.00 0.00 0.00 0.00 0.00 0.00 0.00 0.00 0.00 0.00 
Nuevo valor rampSetpoint: 0.00
42.25 0.00 0.00 0.00 0.00 0.00 0.00 0.00 0.00 0.00 0.00 0.00 
Nuevo valor rampSetpoint: 0.00
42.25 0.00 0.00 0.00 0.00 0.00 0.00 0.00 0.00 0.00 0.00 0.00 
Nuevo valor rampSetpoint: 0.00
42.25 0.00 0.00 0.00 0.00 0.00 0.00 0.00 0.00 0.00 0.00 0.00 
Nuevo valor rampSetpoint: 0.00
42.50 0.00 0.00 0.00 0.00 0.00 0.00 0.00 0.00 0.00 0.00 0.00 
Nuevo valor rampSetpoint: 0.00
42.50 0.00 0.00 0.00 0.00 0.00 0.00 0.00 0.00 0.00 0.00 0.00 
Nuevo valor rampSetpoint: 0.00
42.75 0.00 0.00 0.00 0.00 0.00 0.00 0.00 0.00 0.00 0.00 0.00 
Nuevo valor rampSetpoint: 0.00
42.50 0.00 0.00 0.00 0.00 0.00 0.00 0.00 0.00 0.00 0.00 0.00 
Nuevo valor rampSetpoint: 0.00
42.50 0.00 0.00 0.00 0.00 0.00 0.00 0.00 0.00 0.00 0.00 0.00 
Nuevo valor rampSetpoint: 0.00
42.25 0.00 0.00 0.00 0.00 0.00 0.00 0.00 0.00 0.00 0.00 0.00 
Nuevo valor rampSetpoint: 0.00
42.50 0.00 0.00 0.00 0.00 0.00 0.00 0.00 0.00 0.00 0.00 0.00 
Nuevo valor rampSetpoint: 0.00
42.25 0.00 0.00 0.00 0.00 0.00 0.00 0.00 0.00 0.00 0.00 0.00 
Nuevo valor rampSetpoint: 0.00
42.50 0.00 0.00 0.00 0.00 0.00 0.00 0.00 0.00 0.00 0.00 0.00 
Nuevo valor rampSetpoint: 0.00
42.75 0.00 0.00 0.00 0.00 0.00 0.00 0.00 0.00 0.00 0.00 0.00 
Nuevo valor rampSetpoint: 0.00
42.75 0.00 0.00 0.00 0.00 0.00 0.00 0.00 0.00 0.00 0.00 0.00 
Nuevo valor rampSetpoint: 0.00
42.25 0.00 0.00 0.00 0.00 0.00 0.00 0.00 0.00 0.00 0.00 0.00 
Nuevo valor rampSetpoint: 0.00
42.50 0.00 0.00 0.00 0.00 0.00 0.00 0.00 0.00 0.00 0.00 0.00 
Nuevo valor rampSetpoint: 0.00
42.50 0.00 0.00 0.00 0.00 0.00 0.00 0.00 0.00 0.00 0.00 0.00 
Nuevo valor rampSetpoint: 0.00
43.00 0.00 0.00 0.00 0.00 0.00 0.00 0.00 0.00 0.00 0.00 0.00 
Nuevo valor rampSetpoint: 0.00
42.75 0.00 0.00 0.00 0.00 0.00 0.00 0.00 0.00 0.00 0.00 0.00 
Nuevo valor rampSetpoint: 0.00
42.50 0.00 0.00 0.00 0.00 0.00 0.00 0.00 0.00 0.00 0.00 0.00 
Nuevo valor rampSetpoint: 0.00
42.50 0.00 0.00 0.00 0.00 0.00 0.00 0.00 0.00 0.00 0.00 0.00 
Nuevo valor rampSetpoint: 0.00
42.50 0.00 0.00 0.00 0.00 0.00 0.00 0.00 0.00 0.00 0.00 0.00 
next configured Process
updating setpoints
0 
Nuevo valor rampSetpoint: 40.00
42.50 0.00 0.00 0.00 0.00 0.00 0.00 0.00 0.00 0.00 0.00 0.00 
Nuevo valor rampSetpoint: 40.10
42.50 0.00 0.00 0.00 0.00 0.00 0.00 0.00 0.00 0.00 0.00 0.00 
Nuevo valor rampSetpoint: 40.20
42.25 0.00 0.00 0.00 0.00 0.00 0.00 0.00 0.00 0.00 0.00 0.00 
Nuevo valor rampSetpoint: 40.30
41.75 0.57 0.00 0.00 0.00 0.00 0.00 0.00 0.00 0.00 0.00 0.00 
Nuevo valor rampSetpoint: 40.40
42.50 0.00 0.00 0.00 0.00 0.00 0.00 0.00 0.00 0.00 0.00 0.00 
Nuevo valor rampSetpoint: 40.50
42.00 0.47 0.00 0.00 0.00 0.00 0.00 0.00 0.00 0.00 0.00 0.00 
Nuevo valor rampSetpoint: 40.60
42.00 0.05 0.00 0.00 0.00 0.00 0.00 0.00 0.00 0.00 0.00 0.00 
Nuevo valor rampSetpoint: 40.70
42.00 0.20 0.00 0.00 0.00 0.00 0.00 0.00 0.00 0.00 0.00 0.00 
Nuevo valor rampSetpoint: 40.80
42.25 0.00 0.00 0.00 0.00 0.00 0.00 0.00 0.00 0.00 0.00 0.00 
Nuevo valor rampSetpoint: 40.90
42.25 0.11 0.00 0.00 0.00 0.00 0.00 0.00 0.00 0.00 0.00 0.00 
Nuevo valor rampSetpoint: 41.00
41.75 1.62 0.00 0.00 0.00 0.00 0.00 0.00 0.00 0.00 0.00 0.00 
Nuevo valor rampSetpoint: 41.10
42.00 0.51 0.00 0.00 0.00 0.00 0.00 0.00 0.00 0.00 0.00 0.00 
Nuevo valor rampSetpoint: 41.20
42.25 0.27 0.00 0.00 0.00 0.00 0.00 0.00 0.00 0.00 0.00 0.00 
Nuevo valor rampSetpoint: 41.30
41.75 2.07 0.00 0.00 0.00 0.00 0.00 0.00 0.00 0.00 0.00 0.00 
Nuevo valor rampSetpoint: 41.40
42.00 0.97 0.00 0.00 0.00 0.00 0.00 0.00 0.00 0.00 0.00 0.00 
Nuevo valor rampSetpoint: 41.50
41.75 2.09 0.00 0.00 0.00 0.00 0.00 0.00 0.00 0.00 0.00 0.00 
Nuevo valor rampSetpoint: 41.60
42.25 0.60 0.00 0.00 0.00 0.00 0.00 0.00 0.00 0.00 0.00 0.00 
Nuevo valor rampSetpoint: 41.70
42.00 2.01 0.00 0.00 0.00 0.00 0.00 0.00 0.00 0.00 0.00 0.00 
Nuevo valor rampSetpoint: 41.80
41.75 2.55 0.00 0.00 0.00 0.00 0.00 0.00 0.00 0.00 0.00 0.00 
Nuevo valor rampSetpoint: 41.90
41.50 3.10 0.00 0.00 0.00 0.00 0.00 0.00 0.00 0.00 0.00 0.00 
Nuevo valor rampSetpoint: 42.00
42.00 1.61 0.00 0.00 0.00 0.00 0.00 0.00 0.00 0.00 0.00 0.00 
Nuevo valor rampSetpoint: 42.10
41.50 3.70 0.00 0.00 0.00 0.00 0.00 0.00 0.00 0.00 0.00 0.00 
Nuevo valor rampSetpoint: 42.20
42.00 1.92 0.00 0.00 0.00 0.00 0.00 0.00 0.00 0.00 0.00 0.00 
Nuevo valor rampSetpoint: 42.30
41.50 4.02 0.00 0.00 0.00 0.00 0.00 0.00 0.00 0.00 0.00 0.00 
Nuevo valor rampSetpoint: 42.40
41.50 3.60 0.00 0.00 0.00 0.00 0.00 0.00 0.00 0.00 0.00 0.00 
Nuevo valor rampSetpoint: 42.50
41.75 3.08 0.00 0.00 0.00 0.00 0.00 0.00 0.00 0.00 0.00 0.00 
Nuevo valor rampSetpoint: 42.60
41.75 3.53 0.00 0.00 0.00 0.00 0.00 0.00 0.00 0.00 0.00 0.00 
Nuevo valor rampSetpoint: 42.70
41.75 3.69 0.00 0.00 0.00 0.00 0.00 0.00 0.00 0.00 0.00 0.00 
Nuevo valor rampSetpoint: 42.80
41.50 4.53 0.00 0.00 0.00 0.00 0.00 0.00 0.00 0.00 0.00 0.00 
Nuevo valor rampSetpoint: 42.90
41.00 5.76 0.00 0.00 0.00 0.00 0.00 0.00 0.00 0.00 0.00 0.00 
Nuevo valor rampSetpoint: 43.00
41.25 4.67 0.00 0.00 0.00 0.00 0.00 0.00 0.00 0.00 0.00 0.00 
Nuevo valor rampSetpoint: 43.10
42.00 3.08 0.00 0.00 0.00 0.00 0.00 0.00 0.00 0.00 0.00 0.00 
Nuevo valor rampSetpoint: 43.20
41.50 5.47 0.00 0.00 0.00 0.00 0.00 0.00 0.00 0.00 0.00 0.00 
Nuevo valor rampSetpoint: 43.30
41.50 5.05 0.00 0.00 0.00 0.00 0.00 0.00 0.00 0.00 0.00 0.00 
Nuevo valor rampSetpoint: 43.40
41.75 4.54 0.00 0.00 0.00 0.00 0.00 0.00 0.00 0.00 0.00 0.00 
Nuevo valor rampSetpoint: 43.50
41.50 5.67 0.00 0.00 0.00 0.00 0.00 0.00 0.00 0.00 0.00 0.00 
Nuevo valor rampSetpoint: 43.60
41.50 5.54 0.00 0.00 0.00 0.00 0.00 0.00 0.00 0.00 0.00 0.00 
Nuevo valor rampSetpoint: 43.70
41.75 5.03 0.00 0.00 0.00 0.00 0.00 0.00 0.00 0.00 0.00 0.00 
Nuevo valor rampSetpoint: 43.80
41.75 5.48 0.00 0.00 0.00 0.00 0.00 0.00 0.00 0.00 0.00 0.00 
Nuevo valor rampSetpoint: 43.90
41.50 6.33 0.00 0.00 0.00 0.00 0.00 0.00 0.00 0.00 0.00 0.00 
Nuevo valor rampSetpoint: 44.00
41.75 5.52 0.00 0.00 0.00 0.00 0.00 0.00 0.00 0.00 0.00 0.00 
Nuevo valor rampSetpoint: 44.10
41.50 6.66 0.00 0.00 0.00 0.00 0.00 0.00 0.00 0.00 0.00 0.00 
Nuevo valor rampSetpoint: 44.20
41.25 7.22 0.00 0.00 0.00 0.00 0.00 0.00 0.00 0.00 0.00 0.00 
Nuevo valor rampSetpoint: 44.30
41.50 6.42 0.00 0.00 0.00 0.00 0.00 0.00 0.00 0.00 0.00 0.00 
Nuevo valor rampSetpoint: 44.40
41.50 6.87 0.00 0.00 0.00 0.00 0.00 0.00 0.00 0.00 0.00 0.00 
Nuevo valor rampSetpoint: 44.50
41.50 7.04 0.00 0.00 0.00 0.00 0.00 0.00 0.00 0.00 0.00 0.00 
Nuevo valor rampSetpoint: 44.60
41.50 7.21 0.00 0.00 0.00 0.00 0.00 0.00 0.00 0.00 0.00 0.00 
Nuevo valor rampSetpoint: 44.70
41.75 6.70 0.00 0.00 0.00 0.00 0.00 0.00 0.00 0.00 0.00 0.00 
Nuevo valor rampSetpoint: 44.80
41.50 7.84 0.00 0.00 0.00 0.00 0.00 0.00 0.00 0.00 0.00 0.00 
Nuevo valor rampSetpoint: 44.90
41.50 7.72 0.00 0.00 0.00 0.00 0.00 0.00 0.00 0.00 0.00 0.00 
Nuevo valor rampSetpoint: 45.00
41.50 7.89 0.00 0.00 0.00 0.00 0.00 0.00 0.00 0.00 0.00 0.00 
Nuevo valor rampSetpoint: 45.10
41.50 8.06 0.00 0.00 0.00 0.00 0.00 0.00 0.00 0.00 0.00 0.00 
Nuevo valor rampSetpoint: 45.20
41.50 8.23 0.00 0.00 0.00 0.00 0.00 0.00 0.00 0.00 0.00 0.00 
Nuevo valor rampSetpoint: 45.30
41.50 8.40 0.00 0.00 0.00 0.00 0.00 0.00 0.00 0.00 0.00 0.00 
Nuevo valor rampSetpoint: 45.40
41.25 9.25 0.00 0.00 0.00 0.00 0.00 0.00 0.00 0.00 0.00 0.00 
Nuevo valor rampSetpoint: 45.50
41.75 7.78 0.00 0.00 0.00 0.00 0.00 0.00 0.00 0.00 0.00 0.00 
Nuevo valor rampSetpoint: 45.60
41.75 8.53 0.00 0.00 0.00 0.00 0.00 0.00 0.00 0.00 0.00 0.00 
Nuevo valor rampSetpoint: 45.70
41.75 8.70 0.00 0.00 0.00 0.00 0.00 0.00 0.00 0.00 0.00 0.00 
Nuevo valor rampSetpoint: 45.80
41.75 8.88 0.00 0.00 0.00 0.00 0.00 0.00 0.00 0.00 0.00 0.00 
Nuevo valor rampSetpoint: 45.90
42.00 8.37 0.00 0.00 0.00 0.00 0.00 0.00 0.00 0.00 0.00 0.00 
Nuevo valor rampSetpoint: 46.00
41.00 11.55 0.00 0.00 0.00 0.00 0.00 0.00 0.00 0.00 0.00 0.00 
Nuevo valor rampSetpoint: 46.10
41.75 8.53 0.00 0.00 0.00 0.00 0.00 0.00 0.00 0.00 0.00 0.00 
Nuevo valor rampSetpoint: 46.20
41.75 9.57 0.00 0.00 0.00 0.00 0.00 0.00 0.00 0.00 0.00 0.00 
Nuevo valor rampSetpoint: 46.30
42.00 9.07 0.00 0.00 0.00 0.00 0.00 0.00 0.00 0.00 0.00 0.00 
Nuevo valor rampSetpoint: 46.40
41.75 10.21 0.00 0.00 0.00 0.00 0.00 0.00 0.00 0.00 0.00 0.00 
Nuevo valor rampSetpoint: 46.50
41.75 10.10 0.00 0.00 0.00 0.00 0.00 0.00 0.00 0.00 0.00 0.00 
Nuevo valor rampSetpoint: 46.60
41.75 10.27 0.00 0.00 0.00 0.00 0.00 0.00 0.00 0.00 0.00 0.00 
Nuevo valor rampSetpoint: 46.70
41.50 11.13 0.00 0.00 0.00 0.00 0.00 0.00 0.00 0.00 0.00 0.00 
Nuevo valor rampSetpoint: 46.80
41.50 11.02 0.00 0.00 0.00 0.00 0.00 0.00 0.00 0.00 0.00 0.00 
Nuevo valor rampSetpoint: 46.90
41.50 11.20 0.00 0.00 0.00 0.00 0.00 0.00 0.00 0.00 0.00 0.00 
Nuevo valor rampSetpoint: 47.00
42.00 10.02 0.00 0.00 0.00 0.00 0.00 0.00 0.00 0.00 0.00 0.00 
Nuevo valor rampSetpoint: 47.10
41.75 11.45 0.00 0.00 0.00 0.00 0.00 0.00 0.00 0.00 0.00 0.00 
Nuevo valor rampSetpoint: 47.20
41.75 11.34 0.00 0.00 0.00 0.00 0.00 0.00 0.00 0.00 0.00 0.00 
Nuevo valor rampSetpoint: 47.30
41.75 11.52 0.00 0.00 0.00 0.00 0.00 0.00 0.00 0.00 0.00 0.00 
Nuevo valor rampSetpoint: 47.40
41.50 12.38 0.00 0.00 0.00 0.00 0.00 0.00 0.00 0.00 0.00 0.00 
Nuevo valor rampSetpoint: 47.50
42.00 10.91 0.00 0.00 0.00 0.00 0.00 0.00 0.00 0.00 0.00 0.00 
Nuevo valor rampSetpoint: 47.60
41.50 13.03 0.00 0.00 0.00 0.00 0.00 0.00 0.00 0.00 0.00 0.00 
Nuevo valor rampSetpoint: 47.70
41.50 12.63 0.00 0.00 0.00 0.00 0.00 0.00 0.00 0.00 0.00 0.00 
Nuevo valor rampSetpoint: 47.80
42.00 11.46 0.00 0.00 0.00 0.00 0.00 0.00 0.00 0.00 0.00 0.00 
Nuevo valor rampSetpoint: 47.90
42.25 11.54 0.00 0.00 0.00 0.00 0.00 0.00 0.00 0.00 0.00 0.00 
Nuevo valor rampSetpoint: 48.00
42.00 12.69 0.00 0.00 0.00 0.00 0.00 0.00 0.00 0.00 0.00 0.00 
Nuevo valor rampSetpoint: 48.10
41.75 13.26 0.00 0.00 0.00 0.00 0.00 0.00 0.00 0.00 0.00 0.00 
Nuevo valor rampSetpoint: 48.20
42.25 11.79 0.00 0.00 0.00 0.00 0.00 0.00 0.00 0.00 0.00 0.00 
Nuevo valor rampSetpoint: 48.30
42.00 13.23 0.00 0.00 0.00 0.00 0.00 0.00 0.00 0.00 0.00 0.00 
Nuevo valor rampSetpoint: 48.40
42.50 11.77 0.00 0.00 0.00 0.00 0.00 0.00 0.00 0.00 0.00 0.00 
Nuevo valor rampSetpoint: 48.50
42.25 13.21 0.00 0.00 0.00 0.00 0.00 0.00 0.00 0.00 0.00 0.00 
Nuevo valor rampSetpoint: 48.60
42.50 12.42 0.00 0.00 0.00 0.00 0.00 0.00 0.00 0.00 0.00 0.00 
Nuevo valor rampSetpoint: 48.70
42.50 12.89 0.00 0.00 0.00 0.00 0.00 0.00 0.00 0.00 0.00 0.00 
Nuevo valor rampSetpoint: 48.80
42.50 13.07 0.00 0.00 0.00 0.00 0.00 0.00 0.00 0.00 0.00 0.00 
Nuevo valor rampSetpoint: 48.90
42.50 13.26 0.00 0.00 0.00 0.00 0.00 0.00 0.00 0.00 0.00 0.00 
Nuevo valor rampSetpoint: 49.00
42.75 12.76 0.00 0.00 0.00 0.00 0.00 0.00 0.00 0.00 0.00 0.00 
Nuevo valor rampSetpoint: 49.10
42.25 14.59 0.00 0.00 0.00 0.00 0.00 0.00 0.00 0.00 0.00 0.00 
Nuevo valor rampSetpoint: 49.20
42.50 13.52 0.00 0.00 0.00 0.00 0.00 0.00 0.00 0.00 0.00 0.00 
Nuevo valor rampSetpoint: 49.30
42.75 13.31 0.00 0.00 0.00 0.00 0.00 0.00 0.00 0.00 0.00 0.00 
Nuevo valor rampSetpoint: 49.40
42.50 14.47 0.00 0.00 0.00 0.00 0.00 0.00 0.00 0.00 0.00 0.00 
Nuevo valor rampSetpoint: 49.50
42.50 14.36 0.00 0.00 0.00 0.00 0.00 0.00 0.00 0.00 0.00 0.00 
Nuevo valor rampSetpoint: 49.60
42.50 14.55 0.00 0.00 0.00 0.00 0.00 0.00 0.00 0.00 0.00 0.00 
Nuevo valor rampSetpoint: 49.70
42.50 14.73 0.00 0.00 0.00 0.00 0.00 0.00 0.00 0.00 0.00 0.00 
Nuevo valor rampSetpoint: 49.80
43.00 13.56 0.00 0.00 0.00 0.00 0.00 0.00 0.00 0.00 0.00 0.00 
Nuevo valor rampSetpoint: 49.90
43.00 14.32 0.00 0.00 0.00 0.00 0.00 0.00 0.00 0.00 0.00 0.00 
Nuevo valor rampSetpoint: 50.00
43.00 14.51 0.00 0.00 0.00 0.00 0.00 0.00 0.00 0.00 0.00 0.00 
Nuevo valor rampSetpoint: 50.10
43.00 14.70 0.00 0.00 0.00 0.00 0.00 0.00 0.00 0.00 0.00 0.00 
Nuevo valor rampSetpoint: 50.20
43.00 14.88 0.00 0.00 0.00 0.00 0.00 0.00 0.00 0.00 0.00 0.00 
Nuevo valor rampSetpoint: 50.30
43.25 14.39 0.00 0.00 0.00 0.00 0.00 0.00 0.00 0.00 0.00 0.00 
Nuevo valor rampSetpoint: 50.40
43.00 15.54 0.00 0.00 0.00 0.00 0.00 0.00 0.00 0.00 0.00 0.00 
Nuevo valor rampSetpoint: 50.50
43.25 14.76 0.00 0.00 0.00 0.00 0.00 0.00 0.00 0.00 0.00 0.00 
Nuevo valor rampSetpoint: 50.60
43.00 15.92 0.00 0.00 0.00 0.00 0.00 0.00 0.00 0.00 0.00 0.00 
Nuevo valor rampSetpoint: 50.70
43.50 14.46 0.00 0.00 0.00 0.00 0.00 0.00 0.00 0.00 0.00 0.00 
Nuevo valor rampSetpoint: 50.80
43.25 15.90 0.00 0.00 0.00 0.00 0.00 0.00 0.00 0.00 0.00 0.00 
Nuevo valor rampSetpoint: 50.90
43.25 15.80 0.00 0.00 0.00 0.00 0.00 0.00 0.00 0.00 0.00 0.00 
Nuevo valor rampSetpoint: 51.00
43.25 15.99 0.00 0.00 0.00 0.00 0.00 0.00 0.00 0.00 0.00 0.00 
Nuevo valor rampSetpoint: 51.10
43.25 16.18 0.00 0.00 0.00 0.00 0.00 0.00 0.00 0.00 0.00 0.00 
Nuevo valor rampSetpoint: 51.20
43.25 16.37 0.00 0.00 0.00 0.00 0.00 0.00 0.00 0.00 0.00 0.00 
Nuevo valor rampSetpoint: 51.30
43.00 17.24 0.00 0.00 0.00 0.00 0.00 0.00 0.00 0.00 0.00 0.00 
Nuevo valor rampSetpoint: 51.40
43.25 16.46 0.00 0.00 0.00 0.00 0.00 0.00 0.00 0.00 0.00 0.00 
Nuevo valor rampSetpoint: 51.50
43.50 16.26 0.00 0.00 0.00 0.00 0.00 0.00 0.00 0.00 0.00 0.00 
Nuevo valor rampSetpoint: 51.60
43.75 16.06 0.00 0.00 0.00 0.00 0.00 0.00 0.00 0.00 0.00 0.00 
Nuevo valor rampSetpoint: 51.70
44.00 15.86 0.00 0.00 0.00 0.00 0.00 0.00 0.00 0.00 0.00 0.00 
Nuevo valor rampSetpoint: 51.80
44.25 15.66 0.00 0.00 0.00 0.00 0.00 0.00 0.00 0.00 0.00 0.00 
Nuevo valor rampSetpoint: 51.90
43.75 17.50 0.00 0.00 0.00 0.00 0.00 0.00 0.00 0.00 0.00 0.00 
Nuevo valor rampSetpoint: 52.00
44.00 16.43 0.00 0.00 0.00 0.00 0.00 0.00 0.00 0.00 0.00 0.00 
Nuevo valor rampSetpoint: 52.10
44.00 16.91 0.00 0.00 0.00 0.00 0.00 0.00 0.00 0.00 0.00 0.00 
Nuevo valor rampSetpoint: 52.20
44.25 16.42 0.00 0.00 0.00 0.00 0.00 0.00 0.00 0.00 0.00 0.00 
Nuevo valor rampSetpoint: 52.30
44.50 16.22 0.00 0.00 0.00 0.00 0.00 0.00 0.00 0.00 0.00 0.00 
Nuevo valor rampSetpoint: 52.40
44.00 18.06 0.00 0.00 0.00 0.00 0.00 0.00 0.00 0.00 0.00 0.00 
Nuevo valor rampSetpoint: 52.50
44.75 15.63 0.00 0.00 0.00 0.00 0.00 0.00 0.00 0.00 0.00 0.00 
Nuevo valor rampSetpoint: 52.60
44.50 17.37 0.00 0.00 0.00 0.00 0.00 0.00 0.00 0.00 0.00 0.00 
Nuevo valor rampSetpoint: 52.70
44.75 16.59 0.00 0.00 0.00 0.00 0.00 0.00 0.00 0.00 0.00 0.00 
Nuevo valor rampSetpoint: 52.80
44.75 17.07 0.00 0.00 0.00 0.00 0.00 0.00 0.00 0.00 0.00 0.00 
Nuevo valor rampSetpoint: 52.90
45.00 16.58 0.00 0.00 0.00 0.00 0.00 0.00 0.00 0.00 0.00 0.00 
Nuevo valor rampSetpoint: 53.00
44.25 19.10 0.00 0.00 0.00 0.00 0.00 0.00 0.00 0.00 0.00 0.00 
Nuevo valor rampSetpoint: 53.10
45.25 15.70 0.00 0.00 0.00 0.00 0.00 0.00 0.00 0.00 0.00 0.00 
Nuevo valor rampSetpoint: 53.20
44.75 18.41 0.00 0.00 0.00 0.00 0.00 0.00 0.00 0.00 0.00 0.00 
Nuevo valor rampSetpoint: 53.30
44.75 18.02 0.00 0.00 0.00 0.00 0.00 0.00 0.00 0.00 0.00 0.00 
Nuevo valor rampSetpoint: 53.40
45.25 16.85 0.00 0.00 0.00 0.00 0.00 0.00 0.00 0.00 0.00 0.00 
Nuevo valor rampSetpoint: 53.50
45.25 17.62 0.00 0.00 0.00 0.00 0.00 0.00 0.00 0.00 0.00 0.00 
Nuevo valor rampSetpoint: 53.60
45.50 17.14 0.00 0.00 0.00 0.00 0.00 0.00 0.00 0.00 0.00 0.00 
Nuevo valor rampSetpoint: 53.70
45.75 16.94 0.00 0.00 0.00 0.00 0.00 0.00 0.00 0.00 0.00 0.00 
Nuevo valor rampSetpoint: 53.80
45.75 17.42 0.00 0.00 0.00 0.00 0.00 0.00 0.00 0.00 0.00 0.00 
Nuevo valor rampSetpoint: 53.90
46.00 16.93 0.00 0.00 0.00 0.00 0.00 0.00 0.00 0.00 0.00 0.00 
Nuevo valor rampSetpoint: 54.00
46.00 17.41 0.00 0.00 0.00 0.00 0.00 0.00 0.00 0.00 0.00 0.00 
Nuevo valor rampSetpoint: 54.10
45.75 18.27 0.00 0.00 0.00 0.00 0.00 0.00 0.00 0.00 0.00 0.00 
Nuevo valor rampSetpoint: 54.20
46.25 16.82 0.00 0.00 0.00 0.00 0.00 0.00 0.00 0.00 0.00 0.00 
Nuevo valor rampSetpoint: 54.30
46.25 17.59 0.00 0.00 0.00 0.00 0.00 0.00 0.00 0.00 0.00 0.00 
Nuevo valor rampSetpoint: 54.40
46.50 17.10 0.00 0.00 0.00 0.00 0.00 0.00 0.00 0.00 0.00 0.00 
Nuevo valor rampSetpoint: 54.50
46.00 18.94 0.00 0.00 0.00 0.00 0.00 0.00 0.00 0.00 0.00 0.00 
Nuevo valor rampSetpoint: 54.60
46.00 18.55 0.00 0.00 0.00 0.00 0.00 0.00 0.00 0.00 0.00 0.00 
Nuevo valor rampSetpoint: 54.70
46.00 18.74 0.00 0.00 0.00 0.00 0.00 0.00 0.00 0.00 0.00 0.00 
Nuevo valor rampSetpoint: 54.80
46.50 17.57 0.00 0.00 0.00 0.00 0.00 0.00 0.00 0.00 0.00 0.00 
Nuevo valor rampSetpoint: 54.90
47.00 16.99 0.00 0.00 0.00 0.00 0.00 0.00 0.00 0.00 0.00 0.00 
Nuevo valor rampSetpoint: 55.00
46.50 19.11 0.00 0.00 0.00 0.00 0.00 0.00 0.00 0.00 0.00 0.00 
Nuevo valor rampSetpoint: 55.10
47.25 16.69 0.00 0.00 0.00 0.00 0.00 0.00 0.00 0.00 0.00 0.00 
Nuevo valor rampSetpoint: 55.20
47.25 17.75 0.00 0.00 0.00 0.00 0.00 0.00 0.00 0.00 0.00 0.00 
Nuevo valor rampSetpoint: 55.30
46.75 19.29 0.00 0.00 0.00 0.00 0.00 0.00 0.00 0.00 0.00 0.00 
Nuevo valor rampSetpoint: 55.40
47.25 17.55 0.00 0.00 0.00 0.00 0.00 0.00 0.00 0.00 0.00 0.00 
Nuevo valor rampSetpoint: 55.50
47.25 18.32 0.00 0.00 0.00 0.00 0.00 0.00 0.00 0.00 0.00 0.00 
Nuevo valor rampSetpoint: 55.60
47.25 18.51 0.00 0.00 0.00 0.00 0.00 0.00 0.00 0.00 0.00 0.00 
Nuevo valor rampSetpoint: 55.70
47.75 17.34 0.00 0.00 0.00 0.00 0.00 0.00 0.00 0.00 0.00 0.00 
Nuevo valor rampSetpoint: 55.80
48.00 17.43 0.00 0.00 0.00 0.00 0.00 0.00 0.00 0.00 0.00 0.00 
Nuevo valor rampSetpoint: 55.90
48.00 17.91 0.00 0.00 0.00 0.00 0.00 0.00 0.00 0.00 0.00 0.00 
Nuevo valor rampSetpoint: 56.00
48.00 18.10 0.00 0.00 0.00 0.00 0.00 0.00 0.00 0.00 0.00 0.00 
Nuevo valor rampSetpoint: 56.10
48.50 16.93 0.00 0.00 0.00 0.00 0.00 0.00 0.00 0.00 0.00 0.00 
Nuevo valor rampSetpoint: 56.20
48.50 17.70 0.00 0.00 0.00 0.00 0.00 0.00 0.00 0.00 0.00 0.00 
Nuevo valor rampSetpoint: 56.30
48.75 17.21 0.00 0.00 0.00 0.00 0.00 0.00 0.00 0.00 0.00 0.00 
Nuevo valor rampSetpoint: 56.40
48.50 18.36 0.00 0.00 0.00 0.00 0.00 0.00 0.00 0.00 0.00 0.00 
Nuevo valor rampSetpoint: 56.50
48.50 18.26 0.00 0.00 0.00 0.00 0.00 0.00 0.00 0.00 0.00 0.00 
Nuevo valor rampSetpoint: 56.60
48.75 17.77 0.00 0.00 0.00 0.00 0.00 0.00 0.00 0.00 0.00 0.00 
Nuevo valor rampSetpoint: 56.70
48.50 18.93 0.00 0.00 0.00 0.00 0.00 0.00 0.00 0.00 0.00 0.00 
Nuevo valor rampSetpoint: 56.80
48.75 18.15 0.00 0.00 0.00 0.00 0.00 0.00 0.00 0.00 0.00 0.00 
Nuevo valor rampSetpoint: 56.90
49.00 17.95 0.00 0.00 0.00 0.00 0.00 0.00 0.00 0.00 0.00 0.00 
Nuevo valor rampSetpoint: 57.00
49.00 18.43 0.00 0.00 0.00 0.00 0.00 0.00 0.00 0.00 0.00 0.00 
Nuevo valor rampSetpoint: 57.10
49.50 17.26 0.00 0.00 0.00 0.00 0.00 0.00 0.00 0.00 0.00 0.00 
Nuevo valor rampSetpoint: 57.20
49.50 18.03 0.00 0.00 0.00 0.00 0.00 0.00 0.00 0.00 0.00 0.00 
Nuevo valor rampSetpoint: 57.30
49.75 17.54 0.00 0.00 0.00 0.00 0.00 0.00 0.00 0.00 0.00 0.00 
Nuevo valor rampSetpoint: 57.40
49.50 18.70 0.00 0.00 0.00 0.00 0.00 0.00 0.00 0.00 0.00 0.00 
Nuevo valor rampSetpoint: 57.50
50.00 17.24 0.00 0.00 0.00 0.00 0.00 0.00 0.00 0.00 0.00 0.00 
Nuevo valor rampSetpoint: 57.60
49.75 18.69 0.00 0.00 0.00 0.00 0.00 0.00 0.00 0.00 0.00 0.00 
Nuevo valor rampSetpoint: 57.70
49.75 18.58 0.00 0.00 0.00 0.00 0.00 0.00 0.00 0.00 0.00 0.00 
Nuevo valor rampSetpoint: 57.80
50.25 17.42 0.00 0.00 0.00 0.00 0.00 0.00 0.00 0.00 0.00 0.00 
Nuevo valor rampSetpoint: 57.90
50.00 18.86 0.00 0.00 0.00 0.00 0.00 0.00 0.00 0.00 0.00 0.00 
Nuevo valor rampSetpoint: 58.00
50.50 17.40 0.00 0.00 0.00 0.00 0.00 0.00 0.00 0.00 0.00 0.00 
Nuevo valor rampSetpoint: 58.10
50.75 17.49 0.00 0.00 0.00 0.00 0.00 0.00 0.00 0.00 0.00 0.00 
Nuevo valor rampSetpoint: 58.20
50.75 17.97 0.00 0.00 0.00 0.00 0.00 0.00 0.00 0.00 0.00 0.00 
Nuevo valor rampSetpoint: 58.30
51.00 17.48 0.00 0.00 0.00 0.00 0.00 0.00 0.00 0.00 0.00 0.00 
Nuevo valor rampSetpoint: 58.40
50.75 18.63 0.00 0.00 0.00 0.00 0.00 0.00 0.00 0.00 0.00 0.00 
Nuevo valor rampSetpoint: 58.50
51.25 17.17 0.00 0.00 0.00 0.00 0.00 0.00 0.00 0.00 0.00 0.00 
Nuevo valor rampSetpoint: 58.60
50.75 19.30 0.00 0.00 0.00 0.00 0.00 0.00 0.00 0.00 0.00 0.00 
Nuevo valor rampSetpoint: 58.70
51.50 16.87 0.00 0.00 0.00 0.00 0.00 0.00 0.00 0.00 0.00 0.00 
Nuevo valor rampSetpoint: 58.80
51.75 17.24 0.00 0.00 0.00 0.00 0.00 0.00 0.00 0.00 0.00 0.00 
Nuevo valor rampSetpoint: 58.90
51.75 17.72 0.00 0.00 0.00 0.00 0.00 0.00 0.00 0.00 0.00 0.00 
Nuevo valor rampSetpoint: 59.00
51.25 19.26 0.00 0.00 0.00 0.00 0.00 0.00 0.00 0.00 0.00 0.00 
Nuevo valor rampSetpoint: 59.10
51.50 18.19 0.00 0.00 0.00 0.00 0.00 0.00 0.00 0.00 0.00 0.00 
Nuevo valor rampSetpoint: 59.20
52.00 17.31 0.00 0.00 0.00 0.00 0.00 0.00 0.00 0.00 0.00 0.00 
Nuevo valor rampSetpoint: 59.30
51.50 19.44 0.00 0.00 0.00 0.00 0.00 0.00 0.00 0.00 0.00 0.00 
Nuevo valor rampSetpoint: 59.40
52.25 17.01 0.00 0.00 0.00 0.00 0.00 0.00 0.00 0.00 0.00 0.00 
Nuevo valor rampSetpoint: 59.50
52.00 18.74 0.00 0.00 0.00 0.00 0.00 0.00 0.00 0.00 0.00 0.00 
Nuevo valor rampSetpoint: 59.60
52.50 17.28 0.00 0.00 0.00 0.00 0.00 0.00 0.00 0.00 0.00 0.00 
Nuevo valor rampSetpoint: 59.70
52.25 18.73 0.00 0.00 0.00 0.00 0.00 0.00 0.00 0.00 0.00 0.00 
Nuevo valor rampSetpoint: 59.80
52.75 17.27 0.00 0.00 0.00 0.00 0.00 0.00 0.00 0.00 0.00 0.00 
Nuevo valor rampSetpoint: 59.90
52.50 18.71 0.00 0.00 0.00 0.00 0.00 0.00 0.00 0.00 0.00 0.00 
Nuevo valor rampSetpoint: 60.00
53.00 17.25 0.00 0.00 0.00 0.00 0.00 0.00 0.00 0.00 0.00 0.00 
Nuevo valor rampSetpoint: 60.10
53.00 18.01 0.00 0.00 0.00 0.00 0.00 0.00 0.00 0.00 0.00 0.00 
Nuevo valor rampSetpoint: 60.20
52.25 20.24 0.00 0.00 0.00 0.00 0.00 0.00 0.00 0.00 0.00 0.00 
Nuevo valor rampSetpoint: 60.30
53.25 16.84 0.00 0.00 0.00 0.00 0.00 0.00 0.00 0.00 0.00 0.00 
Nuevo valor rampSetpoint: 60.40
53.00 18.87 0.00 0.00 0.00 0.00 0.00 0.00 0.00 0.00 0.00 0.00 
Nuevo valor rampSetpoint: 60.50
53.50 17.40 0.00 0.00 0.00 0.00 0.00 0.00 0.00 0.00 0.00 0.00 
Nuevo valor rampSetpoint: 60.60
53.25 18.85 0.00 0.00 0.00 0.00 0.00 0.00 0.00 0.00 0.00 0.00 
Nuevo valor rampSetpoint: 60.70
53.75 17.39 0.00 0.00 0.00 0.00 0.00 0.00 0.00 0.00 0.00 0.00 
Nuevo valor rampSetpoint: 60.80
54.00 17.47 0.00 0.00 0.00 0.00 0.00 0.00 0.00 0.00 0.00 0.00 
Nuevo valor rampSetpoint: 60.90
53.25 19.99 0.00 0.00 0.00 0.00 0.00 0.00 0.00 0.00 0.00 0.00 
Nuevo valor rampSetpoint: 61.00
53.75 17.95 0.00 0.00 0.00 0.00 0.00 0.00 0.00 0.00 0.00 0.00 
Nuevo valor rampSetpoint: 61.10
53.75 18.71 0.00 0.00 0.00 0.00 0.00 0.00 0.00 0.00 0.00 0.00 
Nuevo valor rampSetpoint: 61.20
54.00 18.22 0.00 0.00 0.00 0.00 0.00 0.00 0.00 0.00 0.00 0.00 
Nuevo valor rampSetpoint: 61.30
53.75 19.38 0.00 0.00 0.00 0.00 0.00 0.00 0.00 0.00 0.00 0.00 
Nuevo valor rampSetpoint: 61.40
54.75 16.56 0.00 0.00 0.00 0.00 0.00 0.00 0.00 0.00 0.00 0.00 
Nuevo valor rampSetpoint: 61.50
54.75 17.90 0.00 0.00 0.00 0.00 0.00 0.00 0.00 0.00 0.00 0.00 
Nuevo valor rampSetpoint: 61.60
54.25 19.44 0.00 0.00 0.00 0.00 0.00 0.00 0.00 0.00 0.00 0.00 
Nuevo valor rampSetpoint: 61.70
54.75 17.69 0.00 0.00 0.00 0.00 0.00 0.00 0.00 0.00 0.00 0.00 
Nuevo valor rampSetpoint: 61.80
55.25 17.10 0.00 0.00 0.00 0.00 0.00 0.00 0.00 0.00 0.00 0.00 
Nuevo valor rampSetpoint: 61.90
55.25 17.86 0.00 0.00 0.00 0.00 0.00 0.00 0.00 0.00 0.00 0.00 
Nuevo valor rampSetpoint: 62.00
55.25 18.04 0.00 0.00 0.00 0.00 0.00 0.00 0.00 0.00 0.00 0.00 
Nuevo valor rampSetpoint: 62.10
55.50 17.55 0.00 0.00 0.00 0.00 0.00 0.00 0.00 0.00 0.00 0.00 
Nuevo valor rampSetpoint: 62.20
55.50 18.02 0.00 0.00 0.00 0.00 0.00 0.00 0.00 0.00 0.00 0.00 
Nuevo valor rampSetpoint: 62.30
55.75 17.53 0.00 0.00 0.00 0.00 0.00 0.00 0.00 0.00 0.00 0.00 
Nuevo valor rampSetpoint: 62.40
55.75 18.00 0.00 0.00 0.00 0.00 0.00 0.00 0.00 0.00 0.00 0.00 
Nuevo valor rampSetpoint: 62.50
55.50 18.86 0.00 0.00 0.00 0.00 0.00 0.00 0.00 0.00 0.00 0.00 
Nuevo valor rampSetpoint: 62.60
56.00 17.40 0.00 0.00 0.00 0.00 0.00 0.00 0.00 0.00 0.00 0.00 
Nuevo valor rampSetpoint: 62.70
56.25 17.48 0.00 0.00 0.00 0.00 0.00 0.00 0.00 0.00 0.00 0.00 
Nuevo valor rampSetpoint: 62.80
56.25 17.96 0.00 0.00 0.00 0.00 0.00 0.00 0.00 0.00 0.00 0.00 
Nuevo valor rampSetpoint: 62.90
56.50 17.46 0.00 0.00 0.00 0.00 0.00 0.00 0.00 0.00 0.00 0.00 
Nuevo valor rampSetpoint: 63.00
56.25 18.61 0.00 0.00 0.00 0.00 0.00 0.00 0.00 0.00 0.00 0.00 
Nuevo valor rampSetpoint: 63.10
56.50 17.83 0.00 0.00 0.00 0.00 0.00 0.00 0.00 0.00 0.00 0.00 
Nuevo valor rampSetpoint: 63.20
56.75 17.62 0.00 0.00 0.00 0.00 0.00 0.00 0.00 0.00 0.00 0.00 
Nuevo valor rampSetpoint: 63.30
57.25 16.74 0.00 0.00 0.00 0.00 0.00 0.00 0.00 0.00 0.00 0.00 
Nuevo valor rampSetpoint: 63.40
57.00 18.18 0.00 0.00 0.00 0.00 0.00 0.00 0.00 0.00 0.00 0.00 
Nuevo valor rampSetpoint: 63.50
57.00 18.07 0.00 0.00 0.00 0.00 0.00 0.00 0.00 0.00 0.00 0.00 
Nuevo valor rampSetpoint: 63.60
57.50 16.90 0.00 0.00 0.00 0.00 0.00 0.00 0.00 0.00 0.00 0.00 
Nuevo valor rampSetpoint: 63.70
57.50 17.66 0.00 0.00 0.00 0.00 0.00 0.00 0.00 0.00 0.00 0.00 
Nuevo valor rampSetpoint: 63.80
57.75 17.16 0.00 0.00 0.00 0.00 0.00 0.00 0.00 0.00 0.00 0.00 
Nuevo valor rampSetpoint: 63.90
57.75 17.63 0.00 0.00 0.00 0.00 0.00 0.00 0.00 0.00 0.00 0.00 
Nuevo valor rampSetpoint: 64.00
58.00 17.13 0.00 0.00 0.00 0.00 0.00 0.00 0.00 0.00 0.00 0.00 
Nuevo valor rampSetpoint: 64.10
58.00 17.60 0.00 0.00 0.00 0.00 0.00 0.00 0.00 0.00 0.00 0.00 
Nuevo valor rampSetpoint: 64.20
58.00 17.79 0.00 0.00 0.00 0.00 0.00 0.00 0.00 0.00 0.00 0.00 
Nuevo valor rampSetpoint: 64.30
58.00 17.97 0.00 0.00 0.00 0.00 0.00 0.00 0.00 0.00 0.00 0.00 
Nuevo valor rampSetpoint: 64.40
58.25 17.47 0.00 0.00 0.00 0.00 0.00 0.00 0.00 0.00 0.00 0.00 
Nuevo valor rampSetpoint: 64.50
58.50 17.26 0.00 0.00 0.00 0.00 0.00 0.00 0.00 0.00 0.00 0.00 
Nuevo valor rampSetpoint: 64.60
58.50 17.73 0.00 0.00 0.00 0.00 0.00 0.00 0.00 0.00 0.00 0.00 
Nuevo valor rampSetpoint: 64.70
58.75 17.24 0.00 0.00 0.00 0.00 0.00 0.00 0.00 0.00 0.00 0.00 
Nuevo valor rampSetpoint: 64.80
58.75 17.71 0.00 0.00 0.00 0.00 0.00 0.00 0.00 0.00 0.00 0.00 
Nuevo valor rampSetpoint: 64.90
59.00 17.21 0.00 0.00 0.00 0.00 0.00 0.00 0.00 0.00 0.00 0.00 
Nuevo valor rampSetpoint: 65.00
58.75 18.36 0.00 0.00 0.00 0.00 0.00 0.00 0.00 0.00 0.00 0.00 
Nuevo valor rampSetpoint: 65.10
59.25 16.89 0.00 0.00 0.00 0.00 0.00 0.00 0.00 0.00 0.00 0.00 
Nuevo valor rampSetpoint: 65.20
59.50 16.97 0.00 0.00 0.00 0.00 0.00 0.00 0.00 0.00 0.00 0.00 
Nuevo valor rampSetpoint: 65.30
59.50 17.44 0.00 0.00 0.00 0.00 0.00 0.00 0.00 0.00 0.00 0.00 
Nuevo valor rampSetpoint: 65.40
59.50 17.62 0.00 0.00 0.00 0.00 0.00 0.00 0.00 0.00 0.00 0.00 
Nuevo valor rampSetpoint: 65.50
59.75 17.13 0.00 0.00 0.00 0.00 0.00 0.00 0.00 0.00 0.00 0.00 
Nuevo valor rampSetpoint: 65.60
59.75 17.60 0.00 0.00 0.00 0.00 0.00 0.00 0.00 0.00 0.00 0.00 
Nuevo valor rampSetpoint: 65.70
60.00 17.10 0.00 0.00 0.00 0.00 0.00 0.00 0.00 0.00 0.00 0.00 
Nuevo valor rampSetpoint: 65.80
60.00 17.57 0.00 0.00 0.00 0.00 0.00 0.00 0.00 0.00 0.00 0.00 
Nuevo valor rampSetpoint: 65.90
60.00 17.75 0.00 0.00 0.00 0.00 0.00 0.00 0.00 0.00 0.00 0.00 
Nuevo valor rampSetpoint: 66.00
59.75 18.61 0.00 0.00 0.00 0.00 0.00 0.00 0.00 0.00 0.00 0.00 
Nuevo valor rampSetpoint: 66.10
60.25 17.14 0.00 0.00 0.00 0.00 0.00 0.00 0.00 0.00 0.00 0.00 
Nuevo valor rampSetpoint: 66.20
60.25 17.90 0.00 0.00 0.00 0.00 0.00 0.00 0.00 0.00 0.00 0.00 
Nuevo valor rampSetpoint: 66.30
60.00 18.76 0.00 0.00 0.00 0.00 0.00 0.00 0.00 0.00 0.00 0.00 
Nuevo valor rampSetpoint: 66.40
60.75 16.62 0.00 0.00 0.00 0.00 0.00 0.00 0.00 0.00 0.00 0.00 
Nuevo valor rampSetpoint: 66.50
60.75 17.67 0.00 0.00 0.00 0.00 0.00 0.00 0.00 0.00 0.00 0.00 
Nuevo valor rampSetpoint: 66.60
60.75 17.85 0.00 0.00 0.00 0.00 0.00 0.00 0.00 0.00 0.00 0.00 
Nuevo valor rampSetpoint: 66.70
61.00 17.35 0.00 0.00 0.00 0.00 0.00 0.00 0.00 0.00 0.00 0.00 
Nuevo valor rampSetpoint: 66.80
61.25 17.14 0.00 0.00 0.00 0.00 0.00 0.00 0.00 0.00 0.00 0.00 
Nuevo valor rampSetpoint: 66.90
61.25 17.61 0.00 0.00 0.00 0.00 0.00 0.00 0.00 0.00 0.00 0.00 
Nuevo valor rampSetpoint: 67.00
61.25 17.79 0.00 0.00 0.00 0.00 0.00 0.00 0.00 0.00 0.00 0.00 
Nuevo valor rampSetpoint: 67.10
61.75 16.61 0.00 0.00 0.00 0.00 0.00 0.00 0.00 0.00 0.00 0.00 
Nuevo valor rampSetpoint: 67.20
61.25 18.73 0.00 0.00 0.00 0.00 0.00 0.00 0.00 0.00 0.00 0.00 
Nuevo valor rampSetpoint: 67.30
61.75 16.97 0.00 0.00 0.00 0.00 0.00 0.00 0.00 0.00 0.00 0.00 
Nuevo valor rampSetpoint: 67.40
61.25 19.09 0.00 0.00 0.00 0.00 0.00 0.00 0.00 0.00 0.00 0.00 
Nuevo valor rampSetpoint: 67.50
61.25 18.69 0.00 0.00 0.00 0.00 0.00 0.00 0.00 0.00 0.00 0.00 
Nuevo valor rampSetpoint: 67.60
61.75 17.51 0.00 0.00 0.00 0.00 0.00 0.00 0.00 0.00 0.00 0.00 
Nuevo valor rampSetpoint: 67.70
62.00 17.59 0.00 0.00 0.00 0.00 0.00 0.00 0.00 0.00 0.00 0.00 
Nuevo valor rampSetpoint: 67.80
61.50 19.42 0.00 0.00 0.00 0.00 0.00 0.00 0.00 0.00 0.00 0.00 
Nuevo valor rampSetpoint: 67.90
62.25 16.99 0.00 0.00 0.00 0.00 0.00 0.00 0.00 0.00 0.00 0.00 
Nuevo valor rampSetpoint: 68.00
62.25 18.04 0.00 0.00 0.00 0.00 0.00 0.00 0.00 0.00 0.00 0.00 
Nuevo valor rampSetpoint: 68.10
62.00 18.90 0.00 0.00 0.00 0.00 0.00 0.00 0.00 0.00 0.00 0.00 
Nuevo valor rampSetpoint: 68.20
62.50 17.43 0.00 0.00 0.00 0.00 0.00 0.00 0.00 0.00 0.00 0.00 
Nuevo valor rampSetpoint: 68.30
62.75 17.51 0.00 0.00 0.00 0.00 0.00 0.00 0.00 0.00 0.00 0.00 
Nuevo valor rampSetpoint: 68.40
62.75 17.98 0.00 0.00 0.00 0.00 0.00 0.00 0.00 0.00 0.00 0.00 
Nuevo valor rampSetpoint: 68.50
62.25 19.52 0.00 0.00 0.00 0.00 0.00 0.00 0.00 0.00 0.00 0.00 
Nuevo valor rampSetpoint: 68.60
63.00 17.08 0.00 0.00 0.00 0.00 0.00 0.00 0.00 0.00 0.00 0.00 
Nuevo valor rampSetpoint: 68.70
63.25 17.45 0.00 0.00 0.00 0.00 0.00 0.00 0.00 0.00 0.00 0.00 
Nuevo valor rampSetpoint: 68.80
62.75 19.28 0.00 0.00 0.00 0.00 0.00 0.00 0.00 0.00 0.00 0.00 
Nuevo valor rampSetpoint: 68.90
63.50 16.84 0.00 0.00 0.00 0.00 0.00 0.00 0.00 0.00 0.00 0.00 
Nuevo valor rampSetpoint: 69.00
63.75 17.21 0.00 0.00 0.00 0.00 0.00 0.00 0.00 0.00 0.00 0.00 
Nuevo valor rampSetpoint: 69.10
63.50 18.36 0.00 0.00 0.00 0.00 0.00 0.00 0.00 0.00 0.00 0.00 
Nuevo valor rampSetpoint: 69.20
63.75 17.57 0.00 0.00 0.00 0.00 0.00 0.00 0.00 0.00 0.00 0.00 
Nuevo valor rampSetpoint: 69.30
63.00 20.08 0.00 0.00 0.00 0.00 0.00 0.00 0.00 0.00 0.00 0.00 
Nuevo valor rampSetpoint: 69.40
63.75 17.35 0.00 0.00 0.00 0.00 0.00 0.00 0.00 0.00 0.00 0.00 
Nuevo valor rampSetpoint: 69.50
64.00 17.72 0.00 0.00 0.00 0.00 0.00 0.00 0.00 0.00 0.00 0.00 
Nuevo valor rampSetpoint: 69.60
63.75 18.87 0.00 0.00 0.00 0.00 0.00 0.00 0.00 0.00 0.00 0.00 
Nuevo valor rampSetpoint: 69.70
64.25 17.40 0.00 0.00 0.00 0.00 0.00 0.00 0.00 0.00 0.00 0.00 
Nuevo valor rampSetpoint: 69.80
64.00 18.84 0.00 0.00 0.00 0.00 0.00 0.00 0.00 0.00 0.00 0.00 
All the processes have finished
ESP-ROM:esp32s3-20210327
Build:Mar 27 2021
rst:0xc (RTC_SW_CPU_RST),boot:0x8 (SPI_FAST_FLASH_BOOT)
Saved PC:0x4207bdc6
SPIWP:0xee
mode:DIO, clock div:1
load:0x3fce3808,len:0x44c
load:0x403c9700,len:0xbe4
load:0x403cc700,len:0x2a68
entry 0x403c98d4
E (29) gpio: gpio_install_isr_service(449): GPIO isr service already installed
Succeed to add peer
READY_SETUP
uint8_t RemoteCommunication_2::mac_HMI[6] = {0x48, 0x27, 0xE2, 0xD2, 0x5C, 0x80};
xESP-ROM:esp32s3-20210327
Build:Mar 27 2021
rst:0xc (RTC_SW_CPU_RST),boot:0x8 (SPI_FAST_FLASH_BOOT)
Saved PC:0x4037ded5
SPIWP:0xee
mode:DIO, clock div:1
load:0x3fce3808,len:0x44c
load:0x403c9700,len:0xbe4
load:0x403cc700,len:0x2a68
entry 0x403c98d4
E (29) gpio: gpio_install_isr_service(449): GPIO isr service already installed
Succeed to add peer
READY_SETUP
uint8_t RemoteCommunication_2::mac_HMI[6] = {0x48, 0x27, 0xE2, 0xD2, 0x5C, 0x80};
0 0.00  ;1 1.00  ;0 0.00  ;0 0.00  ;0 0.00  ;3 3.00  ;
0 0.00  ;1 1.00  ;0 0.00  ;0 0.00  ;0 0.00  ;3 3.00  ;
0 0.00  ;1 1.00  ;0 0.00  ;0 0.00  ;0 0.00  ;3 3.00  ;
0 0.00  ;1 1.00  ;0 0.00  ;0 0.00  ;0 0.00  ;3 3.00  ;
0 0.00  ;1 1.00  ;0 0.00  ;0 0.00  ;0 0.00  ;3 3.00  ;
0 0.00  ;1 1.00  ;0 0.00  ;0 0.00  ;0 0.00  ;3 3.00  ;
0 0.00  ;1 1.00  ;0 0.00  ;0 0.00  ;0 0.00  ;3 3.00  ;
0 0.00  ;1 1.00  ;0 0.00  ;0 0.00  ;0 0.00  ;3 3.00  ;
0 0.00  ;1 1.00  ;0 0.00  ;0 0.00  ;0 0.00  ;3 3.00  ;
0 0.00  ;1 1.00  ;0 0.00  ;0 0.00  ;0 0.00  ;3 3.00  ;
0 0.00  ;1 1.00  ;0 0.00  ;0 0.00  ;0 0.00  ;3 3.00  ;
0 0.00  ;1 1.00  ;0 0.00  ;0 0.00  ;0 0.00  ;3 3.00  ;
0 0.00  ;1 1.00  ;0 0.00  ;0 0.00  ;0 0.00  ;3 3.00  ;
0 0.00  ;1 1.00  ;0 0.00  ;0 0.00  ;0 0.00  ;3 3.00  ;
0 0.00  ;1 1.00  ;0 0.00  ;0 0.00  ;0 0.00  ;3 3.00  ;
0 0.00  ;1 1.00  ;0 0.00  ;0 0.00  ;0 0.00  ;3 3.00  ;
0 0.00  ;1 1.00  ;0 0.00  ;0 0.00  ;0 0.00  ;3 3.00  ;
0 0.00  ;1 1.00  ;0 0.00  ;0 0.00  ;0 0.00  ;3 3.00  ;
0 0.00  ;1 1.00  ;0 0.00  ;0 0.00  ;0 0.00  ;3 3.00  ;
0 0.00  ;1 1.00  ;0 0.00  ;0 0.00  ;0 0.00  ;3 3.00  ;
0 0.00  ;1 1.00  ;0 0.00  ;0 0.00  ;0 0.00  ;3 3.00  ;
0 0.00  ;1 1.00  ;0 0.00  ;0 0.00  ;0 0.00  ;3 3.00  ;
0 0.00  ;1 1.00  ;0 0.00  ;0 0.00  ;0 0.00  ;3 3.00  ;
0 0.00  ;1 1.00  ;0 0.00  ;0 0.00  ;0 0.00  ;3 3.00  ;
0 0.00  ;1 1.00  ;0 0.00  ;0 0.00  ;0 0.00  ;3 3.00  ;
0 0.00  ;1 1.00  ;0 0.00  ;0 0.00  ;0 0.00  ;3 3.00  ;
0 0.00  ;1 1.00  ;0 0.00  ;0 0.00  ;0 0.00  ;3 3.00  ;
0 0.00  ;1 1.00  ;0 0.00  ;0 0.00  ;0 0.00  ;3 3.00  ;
0 0.00  ;1 1.00  ;0 0.00  ;0 0.00  ;0 0.00  ;3 3.00  ;
0 0.00  ;1 1.00  ;0 0.00  ;0 0.00  ;0 0.00  ;3 3.00  ;
0 0.00  ;1 1.00  ;0 0.00  ;0 0.00  ;0 0.00  ;3 3.00  ;
0 0.00  ;1 1.00  ;0 0.00  ;0 0.00  ;0 0.00  ;3 3.00  ;
0 0.00  ;1 1.00  ;0 0.00  ;0 0.00  ;0 0.00  ;3 3.00  ;
0 0.00  ;1 1.00  ;0 0.00  ;0 0.00  ;0 0.00  ;3 3.00  ;
0 0.00  ;1 1.00  ;0 0.00  ;0 0.00  ;0 0.00  ;3 3.00  ;
0 0.00  ;1 1.00  ;0 0.00  ;0 0.00  ;0 0.00  ;3 3.00  ;
0 0.00  ;1 1.00  ;0 0.00  ;0 0.00  ;0 0.00  ;3 3.00  ;
0 0.00  ;1 1.00  ;0 0.00  ;0 0.00  ;0 0.00  ;3 3.00  ;
0 0.00  ;1 1.00  ;0 0.00  ;0 0.00  ;0 0.00  ;3 3.00  ;
0 0.00  ;1 1.00  ;0 0.00  ;0 0.00  ;0 0.00  ;3 3.00  ;
0 0.00  ;1 1.00  ;0 0.00  ;0 0.00  ;0 0.00  ;3 3.00  ;
0 0.00  ;1 1.00  ;0 0.00  ;0 0.00  ;0 0.00  ;3 3.00  ;
0 0.00  ;1 1.00  ;0 0.00  ;0 0.00  ;0 0.00  ;3 3.00  ;
0 0.00  ;1 1.00  ;0 0.00  ;0 0.00  ;0 0.00  ;3 3.00  ;
0 0.00  ;1 1.00  ;0 0.00  ;0 0.00  ;0 0.00  ;3 3.00  ;
0 0.00  ;1 1.00  ;0 0.00  ;0 0.00  ;0 0.00  ;3 3.00  ;
0 0.00  ;1 1.00  ;0 0.00  ;0 0.00  ;0 0.00  ;3 3.00  ;
